#
# There is insufficient memory for the Java Runtime Environment to continue.
# Native memory allocation (malloc) failed to allocate 812976 bytes for Chunk::new
# Possible reasons:
#   The system is out of physical RAM or swap space
#   The process is running with CompressedOops enabled, and the Java Heap may be blocking the growth of the native heap
# Possible solutions:
#   Reduce memory load on the system
#   Increase physical memory or swap space
#   Check if swap backing store is full
#   Decrease Java heap size (-Xmx/-Xms)
#   Decrease number of Java threads
#   Decrease Java thread stack sizes (-Xss)
#   Set larger code cache with -XX:ReservedCodeCacheSize=
#   JVM is running with Unscaled Compressed Oops mode in which the Java heap is
#     placed in the first 4GB address space. The Java Heap base address is the
#     maximum limit for the native heap growth. Please use -XX:HeapBaseMinAddress
#     to set the Java Heap base and to place the Java Heap above 4GB virtual address.
# This output file may be truncated or incomplete.
#
#  Out of Memory Error (arena.cpp:191), pid=129616, tid=108628
#
# JRE version: OpenJDK Runtime Environment Temurin-17.0.9+9 (17.0.9+9) (build 17.0.9+9)
# Java VM: OpenJDK 64-Bit Server VM Temurin-17.0.9+9 (17.0.9+9, mixed mode, tiered, compressed oops, compressed class ptrs, parallel gc, windows-amd64)
# No core dump will be written. Minidumps are not enabled by default on client versions of Windows
#

---------------  S U M M A R Y ------------

Command Line: --add-modules=ALL-SYSTEM --add-opens=java.base/java.util=ALL-UNNAMED --add-opens=java.base/java.lang=ALL-UNNAMED --add-opens=java.base/sun.nio.fs=ALL-UNNAMED -Declipse.application=org.eclipse.jdt.ls.core.id1 -Dosgi.bundles.defaultStartLevel=4 -Declipse.product=org.eclipse.jdt.ls.core.product -Djava.import.generatesMetadataFilesAtProjectRoot=false -DDetectVMInstallationsJob.disabled=true -Dfile.encoding=utf8 -XX:+UseParallelGC -XX:GCTimeRatio=4 -XX:AdaptiveSizePolicyWeight=90 -Dsun.zip.disableMemoryMapping=true -Xmx1G -Xms100m -Xlog:disable -javaagent:c:\Users\Tnluser\.vscode\extensions\redhat.java-1.25.1-win32-x64\lombok\lombok-1.18.30.jar -XX:+HeapDumpOnOutOfMemoryError -XX:HeapDumpPath=c:\Users\Tnluser\AppData\Roaming\Code\User\workspaceStorage\303bb193fab74beac2c2dc2dfe4b6838\redhat.java -Daether.dependencyCollector.impl=bf c:\Users\Tnluser\.vscode\extensions\redhat.java-1.25.1-win32-x64\server\plugins\org.eclipse.equinox.launcher_1.6.600.v20231106-1826.jar -configuration c:\Users\Tnluser\AppData\Roaming\Code\User\globalStorage\redhat.java\1.25.1\config_win -data c:\Users\Tnluser\AppData\Roaming\Code\User\workspaceStorage\303bb193fab74beac2c2dc2dfe4b6838\redhat.java\jdt_ws --stdio

Host: 11th Gen Intel(R) Core(TM) i5-1135G7 @ 2.40GHz, 8 cores, 7G,  Windows 10 , 64 bit Build 19041 (10.0.19041.3636)
Time: Sun Jan  7 21:51:04 2024 India Standard Time elapsed time: 4.659548 seconds (0d 0h 0m 4s)

---------------  T H R E A D  ---------------

Current thread (0x00000249b7278490):  JavaThread "C2 CompilerThread0" daemon [_thread_in_native, id=108628, stack(0x000000ec16f00000,0x000000ec17000000)]


Current CompileTask:
C2:   4659 4301   !   4       org.eclipse.osgi.internal.loader.classpath.ClasspathManager::findLocalClass (210 bytes)

Stack: [0x000000ec16f00000,0x000000ec17000000]
Native frames: (J=compiled Java code, j=interpreted, Vv=VM code, C=native code)
V  [jvm.dll+0x67cf49]
V  [jvm.dll+0x83478a]
V  [jvm.dll+0x83624e]
V  [jvm.dll+0x8368b3]
V  [jvm.dll+0x247f1f]
V  [jvm.dll+0xac43c]
V  [jvm.dll+0xaca8c]
V  [jvm.dll+0x2af45f]
V  [jvm.dll+0x5853f7]
V  [jvm.dll+0x222f62]
V  [jvm.dll+0x21c15e]
V  [jvm.dll+0x2198c1]
V  [jvm.dll+0x1a57cd]
V  [jvm.dll+0x2297ae]
V  [jvm.dll+0x22797c]
V  [jvm.dll+0x7e9877]
V  [jvm.dll+0x7e3c3a]
V  [jvm.dll+0x67be35]
C  [ucrtbase.dll+0x21bb2]
C  [KERNEL32.DLL+0x17344]
C  [ntdll.dll+0x526b1]


---------------  P R O C E S S  ---------------

Threads class SMR info:
_java_thread_list=0x00000249b96983b0, length=37, elements={
0x000002499e097be0, 0x000002499e15c9c0, 0x00000249b7254140, 0x00000249b1f390f0,
0x00000249b1f39bc0, 0x00000249b1f3ae30, 0x00000249b7271be0, 0x00000249b7278490,
0x00000249b72795f0, 0x00000249b72826d0, 0x00000249b73fc8b0, 0x00000249b7565650,
0x00000249b756da00, 0x00000249b884bbc0, 0x00000249b884c0a0, 0x00000249b880d1c0,
0x00000249b880d6a0, 0x00000249b880dd90, 0x00000249b880e680, 0x00000249b885e880,
0x00000249b885cf30, 0x00000249b885d950, 0x00000249b885d440, 0x00000249b885ca20,
0x00000249b885de60, 0x00000249b885c510, 0x00000249b885f7b0, 0x00000249b885c000,
0x00000249b885e370, 0x00000249b885ed90, 0x00000249b885f2a0, 0x00000249bae263f0,
0x00000249bae254c0, 0x00000249bae29180, 0x00000249bae259d0, 0x00000249bae27d40,
0x00000249bae26e10
}

Java Threads: ( => current thread )
  0x000002499e097be0 JavaThread "main" [_thread_blocked, id=129232, stack(0x000000ec16500000,0x000000ec16600000)]
  0x000002499e15c9c0 JavaThread "Reference Handler" daemon [_thread_blocked, id=123216, stack(0x000000ec16900000,0x000000ec16a00000)]
  0x00000249b7254140 JavaThread "Finalizer" daemon [_thread_blocked, id=122072, stack(0x000000ec16a00000,0x000000ec16b00000)]
  0x00000249b1f390f0 JavaThread "Signal Dispatcher" daemon [_thread_blocked, id=123292, stack(0x000000ec16b00000,0x000000ec16c00000)]
  0x00000249b1f39bc0 JavaThread "Attach Listener" daemon [_thread_blocked, id=118628, stack(0x000000ec16c00000,0x000000ec16d00000)]
  0x00000249b1f3ae30 JavaThread "Service Thread" daemon [_thread_blocked, id=127540, stack(0x000000ec16d00000,0x000000ec16e00000)]
  0x00000249b7271be0 JavaThread "Monitor Deflation Thread" daemon [_thread_blocked, id=119852, stack(0x000000ec16e00000,0x000000ec16f00000)]
=>0x00000249b7278490 JavaThread "C2 CompilerThread0" daemon [_thread_in_native, id=108628, stack(0x000000ec16f00000,0x000000ec17000000)]
  0x00000249b72795f0 JavaThread "C1 CompilerThread0" daemon [_thread_in_native, id=128276, stack(0x000000ec17000000,0x000000ec17100000)]
  0x00000249b72826d0 JavaThread "Sweeper thread" daemon [_thread_blocked, id=122972, stack(0x000000ec17100000,0x000000ec17200000)]
  0x00000249b73fc8b0 JavaThread "Common-Cleaner" daemon [_thread_blocked, id=129680, stack(0x000000ec17200000,0x000000ec17300000)]
  0x00000249b7565650 JavaThread "C2 CompilerThread1" daemon [_thread_in_native, id=130920, stack(0x000000ec17300000,0x000000ec17400000)]
  0x00000249b756da00 JavaThread "Notification Thread" daemon [_thread_blocked, id=130908, stack(0x000000ec17400000,0x000000ec17500000)]
  0x00000249b884bbc0 JavaThread "Equinox resolver thread - Equinox Container: 72cde86c-9a9d-4019-9081-53ecf071b5af" daemon [_thread_blocked, id=129960, stack(0x000000ec17c00000,0x000000ec17d00000)]
  0x00000249b884c0a0 JavaThread "Equinox resolver thread - Equinox Container: 72cde86c-9a9d-4019-9081-53ecf071b5af" daemon [_thread_blocked, id=130432, stack(0x000000ec17d00000,0x000000ec17e00000)]
  0x00000249b880d1c0 JavaThread "Equinox resolver thread - Equinox Container: 72cde86c-9a9d-4019-9081-53ecf071b5af" daemon [_thread_blocked, id=129860, stack(0x000000ec17e00000,0x000000ec17f00000)]
  0x00000249b880d6a0 JavaThread "Equinox resolver thread - Equinox Container: 72cde86c-9a9d-4019-9081-53ecf071b5af" daemon [_thread_blocked, id=114912, stack(0x000000ec17f00000,0x000000ec18000000)]
  0x00000249b880dd90 JavaThread "Equinox resolver thread - Equinox Container: 72cde86c-9a9d-4019-9081-53ecf071b5af" daemon [_thread_blocked, id=122468, stack(0x000000ec18000000,0x000000ec18100000)]
  0x00000249b880e680 JavaThread "Equinox resolver thread - Equinox Container: 72cde86c-9a9d-4019-9081-53ecf071b5af" daemon [_thread_blocked, id=129276, stack(0x000000ec18100000,0x000000ec18200000)]
  0x00000249b885e880 JavaThread "Active Thread: Equinox Container: 72cde86c-9a9d-4019-9081-53ecf071b5af" [_thread_blocked, id=123068, stack(0x000000ec18200000,0x000000ec18300000)]
  0x00000249b885cf30 JavaThread "Framework Event Dispatcher: Equinox Container: 72cde86c-9a9d-4019-9081-53ecf071b5af" daemon [_thread_blocked, id=117508, stack(0x000000ec18300000,0x000000ec18400000)]
  0x00000249b885d950 JavaThread "Start Level: Equinox Container: 72cde86c-9a9d-4019-9081-53ecf071b5af" daemon [_thread_blocked, id=126984, stack(0x000000ec18400000,0x000000ec18500000)]
  0x00000249b885d440 JavaThread "Refresh Thread: Equinox Container: 72cde86c-9a9d-4019-9081-53ecf071b5af" daemon [_thread_blocked, id=130632, stack(0x000000ec18600000,0x000000ec18700000)]
  0x00000249b885ca20 JavaThread "Equinox resolver thread - Equinox Container: 72cde86c-9a9d-4019-9081-53ecf071b5af" daemon [_thread_blocked, id=128728, stack(0x000000ec18700000,0x000000ec18800000)]
  0x00000249b885de60 JavaThread "Equinox resolver thread - Equinox Container: 72cde86c-9a9d-4019-9081-53ecf071b5af" daemon [_thread_blocked, id=127652, stack(0x000000ec18800000,0x000000ec18900000)]
  0x00000249b885c510 JavaThread "Bundle File Closer" daemon [_thread_blocked, id=123384, stack(0x000000ec18900000,0x000000ec18a00000)]
  0x00000249b885f7b0 JavaThread "SCR Component Actor" daemon [_thread_blocked, id=119716, stack(0x000000ec18a00000,0x000000ec18b00000)]
  0x00000249b885c000 JavaThread "SCR Component Registry" daemon [_thread_blocked, id=118888, stack(0x000000ec18b00000,0x000000ec18c00000)]
  0x00000249b885e370 JavaThread "Worker-JM" [_thread_blocked, id=126956, stack(0x000000ec18c00000,0x000000ec18d00000)]
  0x00000249b885ed90 JavaThread "Worker-0: Updating Maven Dependencies" [_thread_blocked, id=120952, stack(0x000000ec18d00000,0x000000ec18e00000)]
  0x00000249b885f2a0 JavaThread "Worker-1: Repository registry initialization" [_thread_in_Java, id=122112, stack(0x000000ec18e00000,0x000000ec18f00000)]
  0x00000249bae263f0 JavaThread "Java indexing" daemon [_thread_blocked, id=129928, stack(0x000000ec18f00000,0x000000ec19000000)]
  0x00000249bae254c0 JavaThread "JNA Cleaner" daemon [_thread_blocked, id=128972, stack(0x000000ec19000000,0x000000ec19100000)]
  0x00000249bae29180 JavaThread "pool-2-thread-1" [_thread_blocked, id=130492, stack(0x000000ec19300000,0x000000ec19400000)]
  0x00000249bae259d0 JavaThread "WorkspaceEventsHandler" [_thread_blocked, id=129748, stack(0x000000ec19400000,0x000000ec19500000)]
  0x00000249bae27d40 JavaThread "pool-1-thread-1" [_thread_blocked, id=130000, stack(0x000000ec19500000,0x000000ec19600000)]
  0x00000249bae26e10 JavaThread "Worker-2" [_thread_blocked, id=129684, stack(0x000000ec19600000,0x000000ec19700000)]

Other Threads:
  0x00000249b1f2f970 VMThread "VM Thread" [stack: 0x000000ec16800000,0x000000ec16900000] [id=117840]
  0x00000249b756dee0 WatcherThread [stack: 0x000000ec17500000,0x000000ec17600000] [id=130932]
  0x000002499e0b0f50 GCTaskThread "GC Thread#0" [stack: 0x000000ec16700000,0x000000ec16800000] [id=129072]
  0x00000249b858bd40 GCTaskThread "GC Thread#1" [stack: 0x000000ec17600000,0x000000ec17700000] [id=125392]
  0x00000249b884f7f0 GCTaskThread "GC Thread#2" [stack: 0x000000ec17700000,0x000000ec17800000] [id=130952]
  0x00000249b884fab0 GCTaskThread "GC Thread#3" [stack: 0x000000ec17800000,0x000000ec17900000] [id=129192]
  0x00000249b877e030 GCTaskThread "GC Thread#4" [stack: 0x000000ec17900000,0x000000ec17a00000] [id=130832]
  0x00000249b877e2f0 GCTaskThread "GC Thread#5" [stack: 0x000000ec17a00000,0x000000ec17b00000] [id=130672]
  0x00000249b877e5b0 GCTaskThread "GC Thread#6" [stack: 0x000000ec17b00000,0x000000ec17c00000] [id=130640]
  0x00000249b8b6e8a0 GCTaskThread "GC Thread#7" [stack: 0x000000ec18500000,0x000000ec18600000] [id=128300]

Threads with active compile tasks:
C2 CompilerThread0     4676 4301   !   4       org.eclipse.osgi.internal.loader.classpath.ClasspathManager::findLocalClass (210 bytes)
C1 CompilerThread0     4676 4340       3       jdk.internal.org.objectweb.asm.ClassWriter::toByteArray (1535 bytes)
C2 CompilerThread1     4676 4267   !   4       org.eclipse.osgi.internal.loader.classpath.ClasspathManager::findClassImpl (308 bytes)

VM state: not at safepoint (normal execution)

VM Mutex/Monitor currently owned by a thread: None

Heap address: 0x00000000c0000000, size: 1024 MB, Compressed Oops mode: 32-bit

CDS archive(s) not mapped
Compressed class space mapped at: 0x0000000100000000-0x0000000140000000, reserved size: 1073741824
Narrow klass base: 0x0000000000000000, Narrow klass shift: 3, Narrow klass range: 0x140000000

GC Precious Log:
 CPUs: 8 total, 8 available
 Memory: 7991M
 Large Page Support: Disabled
 NUMA Support: Disabled
 Compressed Oops: Enabled (32-bit)
 Alignments: Space 512K, Generation 512K, Heap 2M
 Heap Min Capacity: 100M
 Heap Initial Capacity: 100M
 Heap Max Capacity: 1G
 Pre-touch: Disabled
 Parallel Workers: 8

Heap:
 PSYoungGen      total 23552K, used 12767K [0x00000000eab00000, 0x00000000ec580000, 0x0000000100000000)
  eden space 22016K, 53% used [0x00000000eab00000,0x00000000eb667d88,0x00000000ec080000)
  from space 1536K, 70% used [0x00000000ec400000,0x00000000ec510000,0x00000000ec580000)
  to   space 1536K, 0% used [0x00000000ec280000,0x00000000ec280000,0x00000000ec400000)
 ParOldGen       total 68608K, used 13439K [0x00000000c0000000, 0x00000000c4300000, 0x00000000eab00000)
  object space 68608K, 19% used [0x00000000c0000000,0x00000000c0d1fc40,0x00000000c4300000)
 Metaspace       used 39801K, committed 40512K, reserved 1114112K
  class space    used 4086K, committed 4416K, reserved 1048576K

Card table byte_map: [0x000002499da40000,0x000002499dc50000] _byte_map_base: 0x000002499d440000

Marking Bits: (ParMarkBitMap*) 0x00007ff854a9d0b0
 Begin Bits: [0x00000249afd40000, 0x00000249b0d40000)
 End Bits:   [0x00000249b0d40000, 0x00000249b1d40000)

Polling page: 0x000002499c020000

Metaspace:

Usage:
  Non-class:     34.88 MB used.
      Class:      3.99 MB used.
       Both:     38.87 MB used.

Virtual space:
  Non-class space:       64.00 MB reserved,      35.25 MB ( 55%) committed,  1 nodes.
      Class space:        1.00 GB reserved,       4.31 MB ( <1%) committed,  1 nodes.
             Both:        1.06 GB reserved,      39.56 MB (  4%) committed. 

Chunk freelists:
   Non-Class:  12.75 MB
       Class:  11.51 MB
        Both:  24.26 MB

MaxMetaspaceSize: unlimited
CompressedClassSpaceSize: 1.00 GB
Initial GC threshold: 21.00 MB
Current GC threshold: 58.38 MB
CDS: off
MetaspaceReclaimPolicy: balanced
 - commit_granule_bytes: 65536.
 - commit_granule_words: 8192.
 - virtual_space_node_default_size: 8388608.
 - enlarge_chunks_in_place: 1.
 - new_chunks_are_fully_committed: 0.
 - uncommit_free_chunks: 1.
 - use_allocation_guard: 0.
 - handle_deallocations: 1.


Internal statistics:

num_allocs_failed_limit: 6.
num_arena_births: 382.
num_arena_deaths: 14.
num_vsnodes_births: 2.
num_vsnodes_deaths: 0.
num_space_committed: 633.
num_space_uncommitted: 0.
num_chunks_returned_to_freelist: 20.
num_chunks_taken_from_freelist: 1641.
num_chunk_merges: 9.
num_chunk_splits: 1086.
num_chunks_enlarged: 771.
num_inconsistent_stats: 0.

CodeHeap 'non-profiled nmethods': size=120000Kb used=2040Kb max_used=2040Kb free=117959Kb
 bounds [0x00000249a8810000, 0x00000249a8a80000, 0x00000249afd40000]
CodeHeap 'profiled nmethods': size=120000Kb used=9396Kb max_used=9396Kb free=110604Kb
 bounds [0x00000249a0d40000, 0x00000249a1670000, 0x00000249a8270000]
CodeHeap 'non-nmethods': size=5760Kb used=1278Kb max_used=1322Kb free=4481Kb
 bounds [0x00000249a8270000, 0x00000249a84e0000, 0x00000249a8810000]
 total_blobs=4918 nmethods=4329 adapters=503
 compilation: enabled
              stopped_count=0, restarted_count=0
 full_count=0

Compilation events (20 events):
Event: 4.627 Thread 0x00000249b72795f0 4311       3       java.lang.invoke.LambdaFormEditor::bindArgumentType (101 bytes)
Event: 4.627 Thread 0x00000249b72795f0 nmethod 4311 0x00000249a165fc10 code [0x00000249a165fdc0, 0x00000249a165ffe8]
Event: 4.627 Thread 0x00000249b72795f0 4312       3       java.lang.invoke.Invokers$Holder::invokeExact_MT (32 bytes)
Event: 4.628 Thread 0x00000249b72795f0 nmethod 4312 0x00000249a1660110 code [0x00000249a1660320, 0x00000249a1660bd8]
Event: 4.628 Thread 0x00000249b72795f0 4313       3       java.lang.invoke.LambdaMetafactory::metafactory (71 bytes)
Event: 4.628 Thread 0x00000249b72795f0 nmethod 4313 0x00000249a1660e10 code [0x00000249a16610a0, 0x00000249a1661ba8]
Event: 4.629 Thread 0x00000249b72795f0 4314       3       jdk.internal.org.objectweb.asm.MethodVisitor::visitInsn (16 bytes)
Event: 4.630 Thread 0x00000249b72795f0 nmethod 4314 0x00000249a1662090 code [0x00000249a1662240, 0x00000249a1662448]
Event: 4.630 Thread 0x00000249b72795f0 4315       3       java.lang.invoke.MethodHandles$Lookup$ClassOption::optionsToFlag (40 bytes)
Event: 4.630 Thread 0x00000249b72795f0 nmethod 4315 0x00000249a1662510 code [0x00000249a16626e0, 0x00000249a1662ba8]
Event: 4.630 Thread 0x00000249b72795f0 4316       3       java.lang.invoke.MethodHandles$Lookup$ClassDefiner::<init> (58 bytes)
Event: 4.630 Thread 0x00000249b72795f0 nmethod 4316 0x00000249a1662d10 code [0x00000249a1662ea0, 0x00000249a1663078]
Event: 4.630 Thread 0x00000249b72795f0 4317       3       java.lang.System$2::defineClass (21 bytes)
Event: 4.630 Thread 0x00000249b72795f0 nmethod 4317 0x00000249a1663190 code [0x00000249a1663340, 0x00000249a16634c8]
Event: 4.630 Thread 0x00000249b72795f0 4320       3       java.util.ImmutableCollections$AbstractImmutableList::<init> (5 bytes)
Event: 4.630 Thread 0x00000249b72795f0 nmethod 4320 0x00000249a1663590 code [0x00000249a1663740, 0x00000249a1663978]
Event: 4.632 Thread 0x00000249b72795f0 4321       3       java.lang.reflect.Constructor::getRoot (5 bytes)
Event: 4.632 Thread 0x00000249b72795f0 nmethod 4321 0x00000249a1663a90 code [0x00000249a1663c20, 0x00000249a1663d38]
Event: 4.638 Thread 0x00000249b72795f0 4323       3       java.util.regex.Pattern$CharProperty::<init> (10 bytes)
Event: 4.638 Thread 0x00000249b72795f0 nmethod 4323 0x00000249a1663e10 code [0x00000249a1663fc0, 0x00000249a16641b8]

GC Heap History (20 events):
Event: 2.905 GC heap before
{Heap before GC invocations=5 (full 0):
 PSYoungGen      total 29696K, used 29694K [0x00000000eab00000, 0x00000000ecc00000, 0x0000000100000000)
  eden space 25600K, 100% used [0x00000000eab00000,0x00000000ec400000,0x00000000ec400000)
  from space 4096K, 99% used [0x00000000ec800000,0x00000000ecbffb28,0x00000000ecc00000)
  to   space 4096K, 0% used [0x00000000ec400000,0x00000000ec400000,0x00000000ec800000)
 ParOldGen       total 68608K, used 9714K [0x00000000c0000000, 0x00000000c4300000, 0x00000000eab00000)
  object space 68608K, 14% used [0x00000000c0000000,0x00000000c097cb98,0x00000000c4300000)
 Metaspace       used 20958K, committed 21376K, reserved 1114112K
  class space    used 2112K, committed 2304K, reserved 1048576K
}
Event: 2.908 GC heap after
{Heap after GC invocations=5 (full 0):
 PSYoungGen      total 29184K, used 4067K [0x00000000eab00000, 0x00000000ecf80000, 0x0000000100000000)
  eden space 25088K, 0% used [0x00000000eab00000,0x00000000eab00000,0x00000000ec380000)
  from space 4096K, 99% used [0x00000000ec400000,0x00000000ec7f8e50,0x00000000ec800000)
  to   space 6144K, 0% used [0x00000000ec980000,0x00000000ec980000,0x00000000ecf80000)
 ParOldGen       total 68608K, used 11055K [0x00000000c0000000, 0x00000000c4300000, 0x00000000eab00000)
  object space 68608K, 16% used [0x00000000c0000000,0x00000000c0acbfa8,0x00000000c4300000)
 Metaspace       used 20958K, committed 21376K, reserved 1114112K
  class space    used 2112K, committed 2304K, reserved 1048576K
}
Event: 2.913 GC heap before
{Heap before GC invocations=6 (full 0):
 PSYoungGen      total 29184K, used 4727K [0x00000000eab00000, 0x00000000ecf80000, 0x0000000100000000)
  eden space 25088K, 2% used [0x00000000eab00000,0x00000000eaba5188,0x00000000ec380000)
  from space 4096K, 99% used [0x00000000ec400000,0x00000000ec7f8e50,0x00000000ec800000)
  to   space 6144K, 0% used [0x00000000ec980000,0x00000000ec980000,0x00000000ecf80000)
 ParOldGen       total 68608K, used 11055K [0x00000000c0000000, 0x00000000c4300000, 0x00000000eab00000)
  object space 68608K, 16% used [0x00000000c0000000,0x00000000c0acbfa8,0x00000000c4300000)
 Metaspace       used 21129K, committed 21504K, reserved 1114112K
  class space    used 2128K, committed 2304K, reserved 1048576K
}
Event: 2.917 GC heap after
{Heap after GC invocations=6 (full 0):
 PSYoungGen      total 29184K, used 4072K [0x00000000eab00000, 0x00000000ecd80000, 0x0000000100000000)
  eden space 25088K, 0% used [0x00000000eab00000,0x00000000eab00000,0x00000000ec380000)
  from space 4096K, 99% used [0x00000000ec980000,0x00000000ecd7a348,0x00000000ecd80000)
  to   space 5120K, 0% used [0x00000000ec380000,0x00000000ec380000,0x00000000ec880000)
 ParOldGen       total 68608K, used 11063K [0x00000000c0000000, 0x00000000c4300000, 0x00000000eab00000)
  object space 68608K, 16% used [0x00000000c0000000,0x00000000c0acdfa8,0x00000000c4300000)
 Metaspace       used 21129K, committed 21504K, reserved 1114112K
  class space    used 2128K, committed 2304K, reserved 1048576K
}
Event: 2.917 GC heap before
{Heap before GC invocations=7 (full 1):
 PSYoungGen      total 29184K, used 4072K [0x00000000eab00000, 0x00000000ecd80000, 0x0000000100000000)
  eden space 25088K, 0% used [0x00000000eab00000,0x00000000eab00000,0x00000000ec380000)
  from space 4096K, 99% used [0x00000000ec980000,0x00000000ecd7a348,0x00000000ecd80000)
  to   space 5120K, 0% used [0x00000000ec380000,0x00000000ec380000,0x00000000ec880000)
 ParOldGen       total 68608K, used 11063K [0x00000000c0000000, 0x00000000c4300000, 0x00000000eab00000)
  object space 68608K, 16% used [0x00000000c0000000,0x00000000c0acdfa8,0x00000000c4300000)
 Metaspace       used 21129K, committed 21504K, reserved 1114112K
  class space    used 2128K, committed 2304K, reserved 1048576K
}
Event: 2.936 GC heap after
{Heap after GC invocations=7 (full 1):
 PSYoungGen      total 29184K, used 0K [0x00000000eab00000, 0x00000000ecd80000, 0x0000000100000000)
  eden space 25088K, 0% used [0x00000000eab00000,0x00000000eab00000,0x00000000ec380000)
  from space 4096K, 0% used [0x00000000ec980000,0x00000000ec980000,0x00000000ecd80000)
  to   space 5120K, 0% used [0x00000000ec380000,0x00000000ec380000,0x00000000ec880000)
 ParOldGen       total 68608K, used 10656K [0x00000000c0000000, 0x00000000c4300000, 0x00000000eab00000)
  object space 68608K, 15% used [0x00000000c0000000,0x00000000c0a68320,0x00000000c4300000)
 Metaspace       used 21129K, committed 21504K, reserved 1114112K
  class space    used 2128K, committed 2304K, reserved 1048576K
}
Event: 3.296 GC heap before
{Heap before GC invocations=8 (full 1):
 PSYoungGen      total 29184K, used 25088K [0x00000000eab00000, 0x00000000ecd80000, 0x0000000100000000)
  eden space 25088K, 100% used [0x00000000eab00000,0x00000000ec380000,0x00000000ec380000)
  from space 4096K, 0% used [0x00000000ec980000,0x00000000ec980000,0x00000000ecd80000)
  to   space 5120K, 0% used [0x00000000ec380000,0x00000000ec380000,0x00000000ec880000)
 ParOldGen       total 68608K, used 10656K [0x00000000c0000000, 0x00000000c4300000, 0x00000000eab00000)
  object space 68608K, 15% used [0x00000000c0000000,0x00000000c0a68320,0x00000000c4300000)
 Metaspace       used 24340K, committed 24896K, reserved 1114112K
  class space    used 2463K, committed 2688K, reserved 1048576K
}
Event: 3.299 GC heap after
{Heap after GC invocations=8 (full 1):
 PSYoungGen      total 26112K, used 1381K [0x00000000eab00000, 0x00000000eca00000, 0x0000000100000000)
  eden space 24576K, 0% used [0x00000000eab00000,0x00000000eab00000,0x00000000ec300000)
  from space 1536K, 89% used [0x00000000ec380000,0x00000000ec4d9548,0x00000000ec500000)
  to   space 2560K, 0% used [0x00000000ec780000,0x00000000ec780000,0x00000000eca00000)
 ParOldGen       total 68608K, used 10664K [0x00000000c0000000, 0x00000000c4300000, 0x00000000eab00000)
  object space 68608K, 15% used [0x00000000c0000000,0x00000000c0a6a320,0x00000000c4300000)
 Metaspace       used 24340K, committed 24896K, reserved 1114112K
  class space    used 2463K, committed 2688K, reserved 1048576K
}
Event: 3.532 GC heap before
{Heap before GC invocations=9 (full 1):
 PSYoungGen      total 26112K, used 25957K [0x00000000eab00000, 0x00000000eca00000, 0x0000000100000000)
  eden space 24576K, 100% used [0x00000000eab00000,0x00000000ec300000,0x00000000ec300000)
  from space 1536K, 89% used [0x00000000ec380000,0x00000000ec4d9548,0x00000000ec500000)
  to   space 2560K, 0% used [0x00000000ec780000,0x00000000ec780000,0x00000000eca00000)
 ParOldGen       total 68608K, used 10664K [0x00000000c0000000, 0x00000000c4300000, 0x00000000eab00000)
  object space 68608K, 15% used [0x00000000c0000000,0x00000000c0a6a320,0x00000000c4300000)
 Metaspace       used 27022K, committed 27648K, reserved 1114112K
  class space    used 2734K, committed 3008K, reserved 1048576K
}
Event: 3.536 GC heap after
{Heap after GC invocations=9 (full 1):
 PSYoungGen      total 26112K, used 2539K [0x00000000eab00000, 0x00000000ecd80000, 0x0000000100000000)
  eden space 23552K, 0% used [0x00000000eab00000,0x00000000eab00000,0x00000000ec200000)
  from space 2560K, 99% used [0x00000000ec780000,0x00000000ec9fade0,0x00000000eca00000)
  to   space 5632K, 0% used [0x00000000ec200000,0x00000000ec200000,0x00000000ec780000)
 ParOldGen       total 68608K, used 12752K [0x00000000c0000000, 0x00000000c4300000, 0x00000000eab00000)
  object space 68608K, 18% used [0x00000000c0000000,0x00000000c0c740e0,0x00000000c4300000)
 Metaspace       used 27022K, committed 27648K, reserved 1114112K
  class space    used 2734K, committed 3008K, reserved 1048576K
}
Event: 3.710 GC heap before
{Heap before GC invocations=10 (full 1):
 PSYoungGen      total 26112K, used 25977K [0x00000000eab00000, 0x00000000ecd80000, 0x0000000100000000)
  eden space 23552K, 99% used [0x00000000eab00000,0x00000000ec1e3738,0x00000000ec200000)
  from space 2560K, 99% used [0x00000000ec780000,0x00000000ec9fade0,0x00000000eca00000)
  to   space 5632K, 0% used [0x00000000ec200000,0x00000000ec200000,0x00000000ec780000)
 ParOldGen       total 68608K, used 12752K [0x00000000c0000000, 0x00000000c4300000, 0x00000000eab00000)
  object space 68608K, 18% used [0x00000000c0000000,0x00000000c0c740e0,0x00000000c4300000)
 Metaspace       used 30253K, committed 30848K, reserved 1114112K
  class space    used 2977K, committed 3264K, reserved 1048576K
}
Event: 3.712 GC heap after
{Heap after GC invocations=10 (full 1):
 PSYoungGen      total 26112K, used 2620K [0x00000000eab00000, 0x00000000ec880000, 0x0000000100000000)
  eden space 23040K, 0% used [0x00000000eab00000,0x00000000eab00000,0x00000000ec180000)
  from space 3072K, 85% used [0x00000000ec200000,0x00000000ec48f330,0x00000000ec500000)
  to   space 3584K, 0% used [0x00000000ec500000,0x00000000ec500000,0x00000000ec880000)
 ParOldGen       total 68608K, used 12752K [0x00000000c0000000, 0x00000000c4300000, 0x00000000eab00000)
  object space 68608K, 18% used [0x00000000c0000000,0x00000000c0c740e0,0x00000000c4300000)
 Metaspace       used 30253K, committed 30848K, reserved 1114112K
  class space    used 2977K, committed 3264K, reserved 1048576K
}
Event: 3.947 GC heap before
{Heap before GC invocations=11 (full 1):
 PSYoungGen      total 26112K, used 25660K [0x00000000eab00000, 0x00000000ec880000, 0x0000000100000000)
  eden space 23040K, 100% used [0x00000000eab00000,0x00000000ec180000,0x00000000ec180000)
  from space 3072K, 85% used [0x00000000ec200000,0x00000000ec48f330,0x00000000ec500000)
  to   space 3584K, 0% used [0x00000000ec500000,0x00000000ec500000,0x00000000ec880000)
 ParOldGen       total 68608K, used 12752K [0x00000000c0000000, 0x00000000c4300000, 0x00000000eab00000)
  object space 68608K, 18% used [0x00000000c0000000,0x00000000c0c740e0,0x00000000c4300000)
 Metaspace       used 32438K, committed 33088K, reserved 1114112K
  class space    used 3148K, committed 3456K, reserved 1048576K
}
Event: 3.950 GC heap after
{Heap after GC invocations=11 (full 1):
 PSYoungGen      total 23552K, used 824K [0x00000000eab00000, 0x00000000ec600000, 0x0000000100000000)
  eden space 22528K, 0% used [0x00000000eab00000,0x00000000eab00000,0x00000000ec100000)
  from space 1024K, 80% used [0x00000000ec500000,0x00000000ec5ce3c8,0x00000000ec600000)
  to   space 2048K, 0% used [0x00000000ec200000,0x00000000ec200000,0x00000000ec400000)
 ParOldGen       total 68608K, used 14714K [0x00000000c0000000, 0x00000000c4300000, 0x00000000eab00000)
  object space 68608K, 21% used [0x00000000c0000000,0x00000000c0e5e840,0x00000000c4300000)
 Metaspace       used 32438K, committed 33088K, reserved 1114112K
  class space    used 3148K, committed 3456K, reserved 1048576K
}
Event: 4.214 GC heap before
{Heap before GC invocations=12 (full 1):
 PSYoungGen      total 23552K, used 15264K [0x00000000eab00000, 0x00000000ec600000, 0x0000000100000000)
  eden space 22528K, 64% used [0x00000000eab00000,0x00000000eb919d08,0x00000000ec100000)
  from space 1024K, 80% used [0x00000000ec500000,0x00000000ec5ce3c8,0x00000000ec600000)
  to   space 2048K, 0% used [0x00000000ec200000,0x00000000ec200000,0x00000000ec400000)
 ParOldGen       total 68608K, used 14714K [0x00000000c0000000, 0x00000000c4300000, 0x00000000eab00000)
  object space 68608K, 21% used [0x00000000c0000000,0x00000000c0e5e840,0x00000000c4300000)
 Metaspace       used 35070K, committed 35840K, reserved 1114112K
  class space    used 3452K, committed 3840K, reserved 1048576K
}
Event: 4.216 GC heap after
{Heap after GC invocations=12 (full 1):
 PSYoungGen      total 24576K, used 1001K [0x00000000eab00000, 0x00000000ec580000, 0x0000000100000000)
  eden space 22528K, 0% used [0x00000000eab00000,0x00000000eab00000,0x00000000ec100000)
  from space 2048K, 48% used [0x00000000ec200000,0x00000000ec2fa4f8,0x00000000ec400000)
  to   space 1536K, 0% used [0x00000000ec400000,0x00000000ec400000,0x00000000ec580000)
 ParOldGen       total 68608K, used 15466K [0x00000000c0000000, 0x00000000c4300000, 0x00000000eab00000)
  object space 68608K, 22% used [0x00000000c0000000,0x00000000c0f1aba0,0x00000000c4300000)
 Metaspace       used 35070K, committed 35840K, reserved 1114112K
  class space    used 3452K, committed 3840K, reserved 1048576K
}
Event: 4.216 GC heap before
{Heap before GC invocations=13 (full 2):
 PSYoungGen      total 24576K, used 1001K [0x00000000eab00000, 0x00000000ec580000, 0x0000000100000000)
  eden space 22528K, 0% used [0x00000000eab00000,0x00000000eab00000,0x00000000ec100000)
  from space 2048K, 48% used [0x00000000ec200000,0x00000000ec2fa4f8,0x00000000ec400000)
  to   space 1536K, 0% used [0x00000000ec400000,0x00000000ec400000,0x00000000ec580000)
 ParOldGen       total 68608K, used 15466K [0x00000000c0000000, 0x00000000c4300000, 0x00000000eab00000)
  object space 68608K, 22% used [0x00000000c0000000,0x00000000c0f1aba0,0x00000000c4300000)
 Metaspace       used 35070K, committed 35840K, reserved 1114112K
  class space    used 3452K, committed 3840K, reserved 1048576K
}
Event: 4.240 GC heap after
{Heap after GC invocations=13 (full 2):
 PSYoungGen      total 24576K, used 0K [0x00000000eab00000, 0x00000000ec580000, 0x0000000100000000)
  eden space 22528K, 0% used [0x00000000eab00000,0x00000000eab00000,0x00000000ec100000)
  from space 2048K, 0% used [0x00000000ec200000,0x00000000ec200000,0x00000000ec400000)
  to   space 1536K, 0% used [0x00000000ec400000,0x00000000ec400000,0x00000000ec580000)
 ParOldGen       total 68608K, used 13431K [0x00000000c0000000, 0x00000000c4300000, 0x00000000eab00000)
  object space 68608K, 19% used [0x00000000c0000000,0x00000000c0d1dc40,0x00000000c4300000)
 Metaspace       used 35057K, committed 35840K, reserved 1114112K
  class space    used 3449K, committed 3840K, reserved 1048576K
}
Event: 4.527 GC heap before
{Heap before GC invocations=14 (full 2):
 PSYoungGen      total 24576K, used 22528K [0x00000000eab00000, 0x00000000ec580000, 0x0000000100000000)
  eden space 22528K, 100% used [0x00000000eab00000,0x00000000ec100000,0x00000000ec100000)
  from space 2048K, 0% used [0x00000000ec200000,0x00000000ec200000,0x00000000ec400000)
  to   space 1536K, 0% used [0x00000000ec400000,0x00000000ec400000,0x00000000ec580000)
 ParOldGen       total 68608K, used 13431K [0x00000000c0000000, 0x00000000c4300000, 0x00000000eab00000)
  object space 68608K, 19% used [0x00000000c0000000,0x00000000c0d1dc40,0x00000000c4300000)
 Metaspace       used 38183K, committed 38976K, reserved 1114112K
  class space    used 3847K, committed 4224K, reserved 1048576K
}
Event: 4.528 GC heap after
{Heap after GC invocations=14 (full 2):
 PSYoungGen      total 23552K, used 1088K [0x00000000eab00000, 0x00000000ec580000, 0x0000000100000000)
  eden space 22016K, 0% used [0x00000000eab00000,0x00000000eab00000,0x00000000ec080000)
  from space 1536K, 70% used [0x00000000ec400000,0x00000000ec510000,0x00000000ec580000)
  to   space 1536K, 0% used [0x00000000ec280000,0x00000000ec280000,0x00000000ec400000)
 ParOldGen       total 68608K, used 13439K [0x00000000c0000000, 0x00000000c4300000, 0x00000000eab00000)
  object space 68608K, 19% used [0x00000000c0000000,0x00000000c0d1fc40,0x00000000c4300000)
 Metaspace       used 38183K, committed 38976K, reserved 1114112K
  class space    used 3847K, committed 4224K, reserved 1048576K
}

Dll operation events (10 events):
Event: 0.009 Loaded shared library c:\Users\Tnluser\.vscode\extensions\redhat.java-1.25.1-win32-x64\jre\17.0.9-win32-x86_64\bin\java.dll
Event: 0.190 Loaded shared library c:\Users\Tnluser\.vscode\extensions\redhat.java-1.25.1-win32-x64\jre\17.0.9-win32-x86_64\bin\zip.dll
Event: 0.193 Loaded shared library C:\Users\Tnluser\.vscode\extensions\redhat.java-1.25.1-win32-x64\jre\17.0.9-win32-x86_64\bin\instrument.dll
Event: 0.209 Loaded shared library C:\Users\Tnluser\.vscode\extensions\redhat.java-1.25.1-win32-x64\jre\17.0.9-win32-x86_64\bin\net.dll
Event: 0.211 Loaded shared library C:\Users\Tnluser\.vscode\extensions\redhat.java-1.25.1-win32-x64\jre\17.0.9-win32-x86_64\bin\nio.dll
Event: 0.221 Loaded shared library C:\Users\Tnluser\.vscode\extensions\redhat.java-1.25.1-win32-x64\jre\17.0.9-win32-x86_64\bin\zip.dll
Event: 0.240 Loaded shared library C:\Users\Tnluser\.vscode\extensions\redhat.java-1.25.1-win32-x64\jre\17.0.9-win32-x86_64\bin\jimage.dll
Event: 0.306 Loaded shared library c:\Users\Tnluser\.vscode\extensions\redhat.java-1.25.1-win32-x64\jre\17.0.9-win32-x86_64\bin\verify.dll
Event: 1.797 Loaded shared library C:\Users\Tnluser\AppData\Roaming\Code\User\globalStorage\redhat.java\1.25.1\config_win\org.eclipse.equinox.launcher\org.eclipse.equinox.launcher.win32.win32.x86_64_1.2.800.v20231003-1442\eclipse_11802.dll
Event: 4.122 Loaded shared library C:\Users\Tnluser\AppData\Local\Temp\jna-493444061\jna3742622089433420875.dll

Deoptimization events (20 events):
Event: 4.498 Thread 0x00000249bae27d40 Uncommon trap: trap_request=0xffffff45 fr.pc=0x00000249a89aa9b8 relative=0x00000000000000b8
Event: 4.498 Thread 0x00000249bae27d40 Uncommon trap: reason=unstable_if action=reinterpret pc=0x00000249a89aa9b8 method=java.util.concurrent.locks.ReentrantReadWriteLock$Sync.tryReleaseShared(I)Z @ 9 c2
Event: 4.498 Thread 0x00000249bae27d40 DEOPT PACKING pc=0x00000249a89aa9b8 sp=0x000000ec195fa000
Event: 4.498 Thread 0x00000249bae27d40 DEOPT UNPACKING pc=0x00000249a82c9ea3 sp=0x000000ec195f9f80 mode 2
Event: 4.504 Thread 0x00000249b885f2a0 Uncommon trap: trap_request=0xffffffde fr.pc=0x00000249a89a6db0 relative=0x0000000000000090
Event: 4.504 Thread 0x00000249b885f2a0 Uncommon trap: reason=class_check action=maybe_recompile pc=0x00000249a89a6db0 method=java.lang.Character.codePointAt(Ljava/lang/CharSequence;I)I @ 2 c2
Event: 4.504 Thread 0x00000249b885f2a0 DEOPT PACKING pc=0x00000249a89a6db0 sp=0x000000ec18efe550
Event: 4.504 Thread 0x00000249b885f2a0 DEOPT UNPACKING pc=0x00000249a82c9ea3 sp=0x000000ec18efe4d8 mode 2
Event: 4.504 Thread 0x00000249b885f2a0 Uncommon trap: trap_request=0xffffffde fr.pc=0x00000249a89a6db0 relative=0x0000000000000090
Event: 4.504 Thread 0x00000249b885f2a0 Uncommon trap: reason=class_check action=maybe_recompile pc=0x00000249a89a6db0 method=java.lang.Character.codePointAt(Ljava/lang/CharSequence;I)I @ 2 c2
Event: 4.504 Thread 0x00000249b885f2a0 DEOPT PACKING pc=0x00000249a89a6db0 sp=0x000000ec18efe550
Event: 4.504 Thread 0x00000249b885f2a0 DEOPT UNPACKING pc=0x00000249a82c9ea3 sp=0x000000ec18efe4d8 mode 2
Event: 4.504 Thread 0x00000249b885f2a0 Uncommon trap: trap_request=0xffffffde fr.pc=0x00000249a89a6db0 relative=0x0000000000000090
Event: 4.504 Thread 0x00000249b885f2a0 Uncommon trap: reason=class_check action=maybe_recompile pc=0x00000249a89a6db0 method=java.lang.Character.codePointAt(Ljava/lang/CharSequence;I)I @ 2 c2
Event: 4.504 Thread 0x00000249b885f2a0 DEOPT PACKING pc=0x00000249a89a6db0 sp=0x000000ec18efe550
Event: 4.504 Thread 0x00000249b885f2a0 DEOPT UNPACKING pc=0x00000249a82c9ea3 sp=0x000000ec18efe4d8 mode 2
Event: 4.504 Thread 0x00000249b885f2a0 Uncommon trap: trap_request=0xffffffde fr.pc=0x00000249a89a6db0 relative=0x0000000000000090
Event: 4.504 Thread 0x00000249b885f2a0 Uncommon trap: reason=class_check action=maybe_recompile pc=0x00000249a89a6db0 method=java.lang.Character.codePointAt(Ljava/lang/CharSequence;I)I @ 2 c2
Event: 4.504 Thread 0x00000249b885f2a0 DEOPT PACKING pc=0x00000249a89a6db0 sp=0x000000ec18efe550
Event: 4.504 Thread 0x00000249b885f2a0 DEOPT UNPACKING pc=0x00000249a82c9ea3 sp=0x000000ec18efe4d8 mode 2

Classes unloaded (7 events):
Event: 4.220 Thread 0x00000249b1f2f970 Unloading class 0x000000010023bc00 'java/lang/invoke/LambdaForm$MH+0x000000010023bc00'
Event: 4.220 Thread 0x00000249b1f2f970 Unloading class 0x000000010023b800 'java/lang/invoke/LambdaForm$MH+0x000000010023b800'
Event: 4.220 Thread 0x00000249b1f2f970 Unloading class 0x000000010023b400 'java/lang/invoke/LambdaForm$MH+0x000000010023b400'
Event: 4.220 Thread 0x00000249b1f2f970 Unloading class 0x000000010023b000 'java/lang/invoke/LambdaForm$MH+0x000000010023b000'
Event: 4.220 Thread 0x00000249b1f2f970 Unloading class 0x000000010023ac00 'java/lang/invoke/LambdaForm$BMH+0x000000010023ac00'
Event: 4.220 Thread 0x00000249b1f2f970 Unloading class 0x000000010023a800 'java/lang/invoke/LambdaForm$DMH+0x000000010023a800'
Event: 4.220 Thread 0x00000249b1f2f970 Unloading class 0x0000000100238000 'java/lang/invoke/LambdaForm$DMH+0x0000000100238000'

Classes redefined (0 events):
No events

Internal exceptions (20 events):
Event: 3.784 Thread 0x00000249b885d950 Exception <a 'java/io/FileNotFoundException'{0x00000000ebbbd100}> (0x00000000ebbbd100) 
thrown [s\src\hotspot\share\prims\jni.cpp, line 516]
Event: 3.795 Thread 0x00000249b885d950 Exception <a 'java/lang/NoSuchMethodError'{0x00000000ebc768e8}: 'void java.lang.invoke.DirectMethodHandle$Holder.invokeVirtual(java.lang.Object, java.lang.Object)'> (0x00000000ebc768e8) 
thrown [s\src\hotspot\share\interpreter\linkResolver.cpp, line 759]
Event: 3.804 Thread 0x00000249b885d950 Exception <a 'java/io/FileNotFoundException'{0x00000000ebcbacd8}> (0x00000000ebcbacd8) 
thrown [s\src\hotspot\share\prims\jni.cpp, line 516]
Event: 3.818 Thread 0x00000249b885d950 Exception <a 'java/lang/NoSuchMethodError'{0x00000000ebdd0af0}: 'java.lang.Object java.lang.invoke.DirectMethodHandle$Holder.invokeStaticInit(java.lang.Object, int, int, int, int)'> (0x00000000ebdd0af0) 
thrown [s\src\hotspot\share\interpreter\linkResolver.cpp, line 759]
Event: 3.912 Thread 0x00000249b885d950 Exception <a 'java/lang/NoSuchMethodError'{0x00000000ebeef370}: 'java.lang.Object java.lang.invoke.DirectMethodHandle$Holder.invokeStaticInit(java.lang.Object, java.lang.Object, int, int, int, int)'> (0x00000000ebeef370) 
thrown [s\src\hotspot\share\interpreter\linkResolver.cpp, line 759]
Event: 3.986 Thread 0x00000249b885d950 Exception <a 'java/lang/ClassNotFoundException'{0x00000000ead23170}: com/sun/org/apache/xml/internal/serializer/spi/XMLEntitiesProvider> (0x00000000ead23170) 
thrown [s\src\hotspot\share\classfile\systemDictionary.cpp, line 256]
Event: 4.072 Thread 0x00000249b885d950 Exception <a 'java/io/FileNotFoundException'{0x00000000eb1393f0}> (0x00000000eb1393f0) 
thrown [s\src\hotspot\share\prims\jni.cpp, line 516]
Event: 4.141 Thread 0x00000249b885d950 Exception <a 'java/lang/UnsatisfiedLinkError'{0x00000000eb435f10}: The specified procedure could not be found.
> (0x00000000eb435f10) 
thrown [s\src\hotspot\share\prims\jni.cpp, line 535]
Event: 4.144 Thread 0x00000249b885d950 Exception <a 'java/io/FileNotFoundException'{0x00000000eb45bb90}> (0x00000000eb45bb90) 
thrown [s\src\hotspot\share\prims\jni.cpp, line 516]
Event: 4.152 Thread 0x00000249b885d950 Exception <a 'java/io/FileNotFoundException'{0x00000000eb4de468}> (0x00000000eb4de468) 
thrown [s\src\hotspot\share\prims\jni.cpp, line 516]
Event: 4.160 Thread 0x00000249b885d950 Exception <a 'java/lang/UnsatisfiedLinkError'{0x00000000eb56c518}: The specified procedure could not be found.
> (0x00000000eb56c518) 
thrown [s\src\hotspot\share\prims\jni.cpp, line 535]
Event: 4.199 Thread 0x000002499e097be0 Exception <a 'java/io/FileNotFoundException'{0x00000000eb7e6fe0}> (0x00000000eb7e6fe0) 
thrown [s\src\hotspot\share\prims\jni.cpp, line 516]
Event: 4.254 Thread 0x000002499e097be0 Exception <a 'java/lang/NoSuchMethodError'{0x00000000eabf6db8}: 'java.lang.Object java.lang.invoke.DirectMethodHandle$Holder.invokeStatic(java.lang.Object, java.lang.Object, long, java.lang.Object)'> (0x00000000eabf6db8) 
thrown [s\src\hotspot\share\interpreter\linkResolver.cpp, line 759]
Event: 4.255 Thread 0x000002499e097be0 Exception <a 'java/lang/NoSuchMethodError'{0x00000000eabfaaa0}: 'java.lang.Object java.lang.invoke.DirectMethodHandle$Holder.invokeStaticInit(java.lang.Object, java.lang.Object, long, java.lang.Object)'> (0x00000000eabfaaa0) 
thrown [s\src\hotspot\share\interpreter\linkResolver.cpp, line 759]
Event: 4.255 Thread 0x000002499e097be0 Exception <a 'java/lang/NoSuchMethodError'{0x00000000eac010b0}: 'java.lang.Object java.lang.invoke.DirectMethodHandle$Holder.newInvokeSpecial(java.lang.Object, java.lang.Object, long)'> (0x00000000eac010b0) 
thrown [s\src\hotspot\share\interpreter\linkResolver.cpp, line 759]
Event: 4.325 Thread 0x000002499e097be0 Exception <a 'java/lang/NoSuchMethodError'{0x00000000eadcc2d8}: 'void java.lang.invoke.DirectMethodHandle$Holder.invokeStatic(java.lang.Object, java.lang.Object, java.lang.Object, java.lang.Object)'> (0x00000000eadcc2d8) 
thrown [s\src\hotspot\share\interpreter\linkResolver.cpp, line 759]
Event: 4.424 Thread 0x000002499e097be0 Exception <a 'java/lang/NoSuchMethodError'{0x00000000eb81dac8}: 'void java.lang.invoke.DirectMethodHandle$Holder.invokeSpecial(java.lang.Object, java.lang.Object, java.lang.Object, java.lang.Object, java.lang.Object, java.lang.Object)'> (0x00000000eb81dac8) 
thrown [s\src\hotspot\share\interpreter\linkResolver.cpp, line 759]
Event: 4.425 Thread 0x000002499e097be0 Exception <a 'java/lang/IncompatibleClassChangeError'{0x00000000eb827538}: Found class java.lang.Object, but interface was expected> (0x00000000eb827538) 
thrown [s\src\hotspot\share\interpreter\linkResolver.cpp, line 826]
Event: 4.519 Thread 0x00000249b885f2a0 Exception <a 'java/lang/NoSuchMethodError'{0x00000000ec04c8d0}: 'java.lang.Object java.lang.invoke.DirectMethodHandle$Holder.invokeSpecialIFC(java.lang.Object, java.lang.Object, java.lang.Object, java.lang.Object)'> (0x00000000ec04c8d0) 
thrown [s\src\hotspot\share\interpreter\linkResolver.cpp, line 759]
Event: 4.630 Thread 0x00000249b885f2a0 Exception <a 'java/lang/NoSuchMethodError'{0x00000000eb395ef8}: 'int java.lang.invoke.DirectMethodHandle$Holder.invokeSpecialIFC(java.lang.Object, java.lang.Object, java.lang.Object, java.lang.Object, java.lang.Object)'> (0x00000000eb395ef8) 
thrown [s\src\hotspot\share\interpreter\linkResolver.cpp, line 759]

VM Operations (20 events):
Event: 3.963 Executing VM operation: HandshakeAllThreads
Event: 3.963 Executing VM operation: HandshakeAllThreads done
Event: 3.985 Executing VM operation: HandshakeAllThreads
Event: 3.985 Executing VM operation: HandshakeAllThreads done
Event: 3.987 Executing VM operation: HandshakeAllThreads
Event: 3.987 Executing VM operation: HandshakeAllThreads done
Event: 4.015 Executing VM operation: HandshakeAllThreads
Event: 4.015 Executing VM operation: HandshakeAllThreads done
Event: 4.044 Executing VM operation: HandshakeAllThreads
Event: 4.044 Executing VM operation: HandshakeAllThreads done
Event: 4.133 Executing VM operation: HandshakeAllThreads
Event: 4.133 Executing VM operation: HandshakeAllThreads done
Event: 4.214 Executing VM operation: CollectForMetadataAllocation
Event: 4.240 Executing VM operation: CollectForMetadataAllocation done
Event: 4.494 Executing VM operation: HandshakeAllThreads
Event: 4.494 Executing VM operation: HandshakeAllThreads done
Event: 4.527 Executing VM operation: ParallelGCFailedAllocation
Event: 4.528 Executing VM operation: ParallelGCFailedAllocation done
Event: 4.529 Executing VM operation: HandshakeAllThreads
Event: 4.529 Executing VM operation: HandshakeAllThreads done

Events (20 events):
Event: 4.612 loading class sun/reflect/annotation/TypeAnnotation
Event: 4.613 loading class sun/reflect/annotation/TypeAnnotation done
Event: 4.613 loading class sun/reflect/annotation/TypeAnnotation$TypeAnnotationTarget
Event: 4.613 loading class sun/reflect/annotation/TypeAnnotation$TypeAnnotationTarget done
Event: 4.613 loading class sun/reflect/annotation/TypeAnnotation$LocationInfo
Event: 4.613 loading class sun/reflect/annotation/TypeAnnotation$LocationInfo done
Event: 4.613 loading class sun/reflect/annotation/TypeAnnotation$LocationInfo$Location
Event: 4.613 loading class sun/reflect/annotation/TypeAnnotation$LocationInfo$Location done
Event: 4.613 loading class sun/reflect/annotation/AnnotatedTypeFactory
Event: 4.613 loading class sun/reflect/annotation/AnnotatedTypeFactory done
Event: 4.613 loading class sun/reflect/annotation/AnnotatedTypeFactory$AnnotatedTypeBaseImpl
Event: 4.614 loading class sun/reflect/annotation/AnnotatedTypeFactory$AnnotatedTypeBaseImpl done
Event: 4.614 loading class java/util/stream/Streams$ConcatSpliterator$OfRef
Event: 4.614 loading class java/util/stream/Streams$ConcatSpliterator
Event: 4.614 loading class java/util/stream/Streams$ConcatSpliterator done
Event: 4.614 loading class java/util/stream/Streams$ConcatSpliterator$OfRef done
Event: 4.614 loading class java/util/stream/Streams$2
Event: 4.614 loading class java/util/stream/Streams$2 done
Event: 4.642 loading class java/util/stream/SortedOps$SizedRefSortingSink
Event: 4.642 loading class java/util/stream/SortedOps$SizedRefSortingSink done


Dynamic libraries:
0x00007ff63cb40000 - 0x00007ff63cb4e000 	c:\Users\Tnluser\.vscode\extensions\redhat.java-1.25.1-win32-x64\jre\17.0.9-win32-x86_64\bin\java.exe
0x00007ff8ae850000 - 0x00007ff8aea48000 	C:\Windows\SYSTEM32\ntdll.dll
0x00007ff8acc00000 - 0x00007ff8accbd000 	C:\Windows\System32\KERNEL32.DLL
0x00007ff8ac090000 - 0x00007ff8ac386000 	C:\Windows\System32\KERNELBASE.dll
0x00007ff8ac700000 - 0x00007ff8ac800000 	C:\Windows\System32\ucrtbase.dll
0x00007ff897230000 - 0x00007ff897247000 	c:\Users\Tnluser\.vscode\extensions\redhat.java-1.25.1-win32-x64\jre\17.0.9-win32-x86_64\bin\jli.dll
0x00007ff8accc0000 - 0x00007ff8ace5e000 	C:\Windows\System32\USER32.dll
0x00007ff8ac880000 - 0x00007ff8ac8a2000 	C:\Windows\System32\win32u.dll
0x00007ff8ad010000 - 0x00007ff8ad03c000 	C:\Windows\System32\GDI32.dll
0x00007ff8ac5e0000 - 0x00007ff8ac6fa000 	C:\Windows\System32\gdi32full.dll
0x00007ff8ac540000 - 0x00007ff8ac5dd000 	C:\Windows\System32\msvcp_win.dll
0x00007ff897270000 - 0x00007ff89728b000 	c:\Users\Tnluser\.vscode\extensions\redhat.java-1.25.1-win32-x64\jre\17.0.9-win32-x86_64\bin\VCRUNTIME140.dll
0x00007ff89d080000 - 0x00007ff89d31a000 	C:\Windows\WinSxS\amd64_microsoft.windows.common-controls_6595b64144ccf1df_6.0.19041.3636_none_60b6a03d71f818d5\COMCTL32.dll
0x00007ff8addf0000 - 0x00007ff8ade8e000 	C:\Windows\System32\msvcrt.dll
0x00007ff8acad0000 - 0x00007ff8acb00000 	C:\Windows\System32\IMM32.DLL
0x00007ff8a76a0000 - 0x00007ff8a76ac000 	c:\Users\Tnluser\.vscode\extensions\redhat.java-1.25.1-win32-x64\jre\17.0.9-win32-x86_64\bin\vcruntime140_1.dll
0x00007ff87a4d0000 - 0x00007ff87a55d000 	c:\Users\Tnluser\.vscode\extensions\redhat.java-1.25.1-win32-x64\jre\17.0.9-win32-x86_64\bin\msvcp140.dll
0x00007ff853f00000 - 0x00007ff854b61000 	c:\Users\Tnluser\.vscode\extensions\redhat.java-1.25.1-win32-x64\jre\17.0.9-win32-x86_64\bin\server\jvm.dll
0x00007ff8ad790000 - 0x00007ff8ad83f000 	C:\Windows\System32\ADVAPI32.dll
0x00007ff8acb60000 - 0x00007ff8acbfc000 	C:\Windows\System32\sechost.dll
0x00007ff8adcc0000 - 0x00007ff8adde6000 	C:\Windows\System32\RPCRT4.dll
0x00007ff8abc70000 - 0x00007ff8abcbb000 	C:\Windows\SYSTEM32\POWRPROF.dll
0x00007ff897420000 - 0x00007ff897429000 	C:\Windows\SYSTEM32\WSOCK32.dll
0x00007ff8adea0000 - 0x00007ff8adf0b000 	C:\Windows\System32\WS2_32.dll
0x00007ff894e10000 - 0x00007ff894e37000 	C:\Windows\SYSTEM32\WINMM.dll
0x00007ff8a5650000 - 0x00007ff8a565a000 	C:\Windows\SYSTEM32\VERSION.dll
0x00007ff8abc50000 - 0x00007ff8abc62000 	C:\Windows\SYSTEM32\UMPDC.dll
0x00007ff8aa770000 - 0x00007ff8aa782000 	C:\Windows\SYSTEM32\kernel.appcore.dll
0x00007ff8a64d0000 - 0x00007ff8a64da000 	c:\Users\Tnluser\.vscode\extensions\redhat.java-1.25.1-win32-x64\jre\17.0.9-win32-x86_64\bin\jimage.dll
0x00007ff8a9700000 - 0x00007ff8a98e4000 	C:\Windows\SYSTEM32\DBGHELP.DLL
0x00007ff895b40000 - 0x00007ff895b74000 	C:\Windows\SYSTEM32\dbgcore.DLL
0x00007ff8ac4b0000 - 0x00007ff8ac532000 	C:\Windows\System32\bcryptPrimitives.dll
0x00007ff8a5e80000 - 0x00007ff8a5e8e000 	c:\Users\Tnluser\.vscode\extensions\redhat.java-1.25.1-win32-x64\jre\17.0.9-win32-x86_64\bin\instrument.dll
0x00007ff88a860000 - 0x00007ff88a885000 	c:\Users\Tnluser\.vscode\extensions\redhat.java-1.25.1-win32-x64\jre\17.0.9-win32-x86_64\bin\java.dll
0x00007ff896990000 - 0x00007ff8969a8000 	c:\Users\Tnluser\.vscode\extensions\redhat.java-1.25.1-win32-x64\jre\17.0.9-win32-x86_64\bin\zip.dll
0x00007ff8ad040000 - 0x00007ff8ad785000 	C:\Windows\System32\SHELL32.dll
0x00007ff8a9fd0000 - 0x00007ff8aa76b000 	C:\Windows\SYSTEM32\windows.storage.dll
0x00007ff8ad960000 - 0x00007ff8adcb4000 	C:\Windows\System32\combase.dll
0x00007ff8ab900000 - 0x00007ff8ab92d000 	C:\Windows\SYSTEM32\Wldp.dll
0x00007ff8ac990000 - 0x00007ff8aca3d000 	C:\Windows\System32\SHCORE.dll
0x00007ff8acb00000 - 0x00007ff8acb55000 	C:\Windows\System32\shlwapi.dll
0x00007ff8abe60000 - 0x00007ff8abe85000 	C:\Windows\SYSTEM32\profapi.dll
0x00007ff896830000 - 0x00007ff896849000 	C:\Users\Tnluser\.vscode\extensions\redhat.java-1.25.1-win32-x64\jre\17.0.9-win32-x86_64\bin\net.dll
0x00007ff8a7140000 - 0x00007ff8a724a000 	C:\Windows\SYSTEM32\WINHTTP.dll
0x00007ff8ab600000 - 0x00007ff8ab66a000 	C:\Windows\system32\mswsock.dll
0x00007ff896470000 - 0x00007ff896486000 	C:\Users\Tnluser\.vscode\extensions\redhat.java-1.25.1-win32-x64\jre\17.0.9-win32-x86_64\bin\nio.dll
0x00007ff8a5c50000 - 0x00007ff8a5c60000 	c:\Users\Tnluser\.vscode\extensions\redhat.java-1.25.1-win32-x64\jre\17.0.9-win32-x86_64\bin\verify.dll
0x00007ff87eb70000 - 0x00007ff87ebae000 	C:\Users\Tnluser\AppData\Roaming\Code\User\globalStorage\redhat.java\1.25.1\config_win\org.eclipse.equinox.launcher\org.eclipse.equinox.launcher.win32.win32.x86_64_1.2.800.v20231003-1442\eclipse_11802.dll
0x00007ff8adf10000 - 0x00007ff8ae03b000 	C:\Windows\System32\ole32.dll
0x00007ff8ab850000 - 0x00007ff8ab868000 	C:\Windows\SYSTEM32\CRYPTSP.dll
0x00007ff8aaf30000 - 0x00007ff8aaf64000 	C:\Windows\system32\rsaenh.dll
0x00007ff8ac800000 - 0x00007ff8ac827000 	C:\Windows\System32\bcrypt.dll
0x00007ff8abde0000 - 0x00007ff8abe0e000 	C:\Windows\SYSTEM32\USERENV.dll
0x00007ff8ab870000 - 0x00007ff8ab87c000 	C:\Windows\SYSTEM32\CRYPTBASE.dll
0x00007ff8ab2f0000 - 0x00007ff8ab32b000 	C:\Windows\SYSTEM32\IPHLPAPI.DLL
0x00007ff8ade90000 - 0x00007ff8ade98000 	C:\Windows\System32\NSI.dll
0x00007ff8a4400000 - 0x00007ff8a4417000 	C:\Windows\SYSTEM32\dhcpcsvc6.DLL
0x00007ff8a5660000 - 0x00007ff8a567d000 	C:\Windows\SYSTEM32\dhcpcsvc.DLL
0x00007ff8ab330000 - 0x00007ff8ab3fa000 	C:\Windows\SYSTEM32\DNSAPI.dll
0x00007ff87da80000 - 0x00007ff87dac5000 	C:\Users\Tnluser\AppData\Local\Temp\jna-493444061\jna3742622089433420875.dll
0x00007ff8ae040000 - 0x00007ff8ae048000 	C:\Windows\System32\PSAPI.DLL

dbghelp: loaded successfully - version: 4.0.5 - missing functions: none
symbol engine: initialized successfully - sym options: 0x614 - pdb path: .;c:\Users\Tnluser\.vscode\extensions\redhat.java-1.25.1-win32-x64\jre\17.0.9-win32-x86_64\bin;C:\Windows\SYSTEM32;C:\Windows\WinSxS\amd64_microsoft.windows.common-controls_6595b64144ccf1df_6.0.19041.3636_none_60b6a03d71f818d5;c:\Users\Tnluser\.vscode\extensions\redhat.java-1.25.1-win32-x64\jre\17.0.9-win32-x86_64\bin\server;C:\Users\Tnluser\AppData\Roaming\Code\User\globalStorage\redhat.java\1.25.1\config_win\org.eclipse.equinox.launcher\org.eclipse.equinox.launcher.win32.win32.x86_64_1.2.800.v20231003-1442;C:\Users\Tnluser\AppData\Local\Temp\jna-493444061

VM Arguments:
jvm_args: --add-modules=ALL-SYSTEM --add-opens=java.base/java.util=ALL-UNNAMED --add-opens=java.base/java.lang=ALL-UNNAMED --add-opens=java.base/sun.nio.fs=ALL-UNNAMED -Declipse.application=org.eclipse.jdt.ls.core.id1 -Dosgi.bundles.defaultStartLevel=4 -Declipse.product=org.eclipse.jdt.ls.core.product -Djava.import.generatesMetadataFilesAtProjectRoot=false -DDetectVMInstallationsJob.disabled=true -Dfile.encoding=utf8 -XX:+UseParallelGC -XX:GCTimeRatio=4 -XX:AdaptiveSizePolicyWeight=90 -Dsun.zip.disableMemoryMapping=true -Xmx1G -Xms100m -Xlog:disable -javaagent:c:\Users\Tnluser\.vscode\extensions\redhat.java-1.25.1-win32-x64\lombok\lombok-1.18.30.jar -XX:+HeapDumpOnOutOfMemoryError -XX:HeapDumpPath=c:\Users\Tnluser\AppData\Roaming\Code\User\workspaceStorage\303bb193fab74beac2c2dc2dfe4b6838\redhat.java -Daether.dependencyCollector.impl=bf 
java_command: c:\Users\Tnluser\.vscode\extensions\redhat.java-1.25.1-win32-x64\server\plugins\org.eclipse.equinox.launcher_1.6.600.v20231106-1826.jar -configuration c:\Users\Tnluser\AppData\Roaming\Code\User\globalStorage\redhat.java\1.25.1\config_win -data c:\Users\Tnluser\AppData\Roaming\Code\User\workspaceStorage\303bb193fab74beac2c2dc2dfe4b6838\redhat.java\jdt_ws --stdio
java_class_path (initial): c:\Users\Tnluser\.vscode\extensions\redhat.java-1.25.1-win32-x64\server\plugins\org.eclipse.equinox.launcher_1.6.600.v20231106-1826.jar
Launcher Type: SUN_STANDARD

[Global flags]
    uintx AdaptiveSizePolicyWeight                 = 90                                        {product} {command line}
     intx CICompilerCount                          = 4                                         {product} {ergonomic}
    uintx GCTimeRatio                              = 4                                         {product} {command line}
     bool HeapDumpOnOutOfMemoryError               = true                                   {manageable} {command line}
    ccstr HeapDumpPath                             = c:\Users\Tnluser\AppData\Roaming\Code\User\workspaceStorage\303bb193fab74beac2c2dc2dfe4b6838\redhat.java         {manageable} {command line}
   size_t InitialHeapSize                          = 104857600                                 {product} {command line}
   size_t MaxHeapSize                              = 1073741824                                {product} {command line}
   size_t MaxNewSize                               = 357564416                                 {product} {ergonomic}
   size_t MinHeapDeltaBytes                        = 524288                                    {product} {ergonomic}
   size_t MinHeapSize                              = 104857600                                 {product} {command line}
   size_t NewSize                                  = 34603008                                  {product} {ergonomic}
    uintx NonNMethodCodeHeapSize                   = 5839372                                {pd product} {ergonomic}
    uintx NonProfiledCodeHeapSize                  = 122909434                              {pd product} {ergonomic}
   size_t OldSize                                  = 70254592                                  {product} {ergonomic}
    uintx ProfiledCodeHeapSize                     = 122909434                              {pd product} {ergonomic}
    uintx ReservedCodeCacheSize                    = 251658240                              {pd product} {ergonomic}
     bool SegmentedCodeCache                       = true                                      {product} {ergonomic}
   size_t SoftMaxHeapSize                          = 1073741824                             {manageable} {ergonomic}
     bool UseCompressedClassPointers               = true                           {product lp64_product} {ergonomic}
     bool UseCompressedOops                        = true                           {product lp64_product} {ergonomic}
     bool UseLargePagesIndividualAllocation        = false                                  {pd product} {ergonomic}
     bool UseParallelGC                            = true                                      {product} {command line}

Logging:
Log output configuration:
 #0: stdout all=off uptime,level,tags
 #1: stderr all=off uptime,level,tags

Environment Variables:
JAVA_HOME=C:\Program Files\Amazon Corretto\jdk17.0.8_8
PATH=C:\Program Files\Common Files\Oracle\Java\javapath;C:\Program Files\Amazon Corretto\jdk17.0.8_8\bin;C:\Program Files (x86)\Common Files\Oracle\Java\javapath;C:\Windows\system32;C:\Windows;C:\Windows\System32\Wbem;C:\Windows\System32\WindowsPowerShell\v1.0\;C:\Windows\System32\OpenSSH\;C:\Program Files\MySQL\MySQL Server 8.0\bin;C:\Program Files\Java\jdk-17\bin;C:\Program Files\Java\jdk-17\bin;C:\Program Files\nodejs\;C:\Users\Tnluser\AppData\Local\Microsoft\WindowsApps;C:\Users\Tnluser\AppData\Local\Programs\Microsoft VS Code\bin;C:\Users\Tnluser\AppData\Local\Programs\Git\cmd;C:\Users\Tnluser\AppData\Roaming\npm
USERNAME=Tnluser
OS=Windows_NT
PROCESSOR_IDENTIFIER=Intel64 Family 6 Model 140 Stepping 1, GenuineIntel
TMP=C:\Users\Tnluser\AppData\Local\Temp
TEMP=C:\Users\Tnluser\AppData\Local\Temp



Periodic native trim disabled


---------------  S Y S T E M  ---------------

OS:
 Windows 10 , 64 bit Build 19041 (10.0.19041.3636)
OS uptime: 18 days 12:12 hours

CPU: total 8 (initial active 8) (4 cores per cpu, 2 threads per core) family 6 model 140 stepping 1 microcode 0x9a, cx8, cmov, fxsr, ht, mmx, 3dnowpref, sse, sse2, sse3, ssse3, sse4.1, sse4.2, popcnt, lzcnt, tsc, tscinvbit, avx, avx2, aes, erms, clmul, bmi1, bmi2, adx, avx512f, avx512dq, avx512cd, avx512bw, avx512vl, sha, fma, vzeroupper, avx512_vpopcntdq, avx512_vpclmulqdq, avx512_vaes, avx512_vnni, clflush, clflushopt, clwb, avx512_vbmi2, avx512_vbmi
Processor Information for all 8 processors :
  Max Mhz: 2419, Current Mhz: 2419, Mhz Limit: 2419

Memory: 4k page, system-wide physical 7991M (234M free)
TotalPageFile size 32567M (AvailPageFile size 5M)
current process WorkingSet (physical memory assigned to process): 245M, peak: 245M
current process commit charge ("private bytes"): 272M, peak: 274M

vm_info: OpenJDK 64-Bit Server VM (17.0.9+9) for windows-amd64 JRE (17.0.9+9), built on Oct 26 2023 14:01:42 by "admin" with MS VC++ 16.10 / 16.11 (VS2019)

END.
