#
# There is insufficient memory for the Java Runtime Environment to continue.
# Native memory allocation (mmap) failed to map 65536 bytes for Failed to commit metaspace.
# Possible reasons:
#   The system is out of physical RAM or swap space
#   The process is running with CompressedOops enabled, and the Java Heap may be blocking the growth of the native heap
# Possible solutions:
#   Reduce memory load on the system
#   Increase physical memory or swap space
#   Check if swap backing store is full
#   Decrease Java heap size (-Xmx/-Xms)
#   Decrease number of Java threads
#   Decrease Java thread stack sizes (-Xss)
#   Set larger code cache with -XX:ReservedCodeCacheSize=
#   JVM is running with Unscaled Compressed Oops mode in which the Java heap is
#     placed in the first 4GB address space. The Java Heap base address is the
#     maximum limit for the native heap growth. Please use -XX:HeapBaseMinAddress
#     to set the Java Heap base and to place the Java Heap above 4GB virtual address.
# This output file may be truncated or incomplete.
#
#  Out of Memory Error (virtualSpaceNode.cpp:110), pid=129996, tid=124804
#
# JRE version: OpenJDK Runtime Environment Temurin-17.0.9+9 (17.0.9+9) (build 17.0.9+9)
# Java VM: OpenJDK 64-Bit Server VM Temurin-17.0.9+9 (17.0.9+9, mixed mode, tiered, compressed oops, compressed class ptrs, parallel gc, windows-amd64)
# No core dump will be written. Minidumps are not enabled by default on client versions of Windows
#

---------------  S U M M A R Y ------------

Command Line: --add-modules=ALL-SYSTEM --add-opens=java.base/java.util=ALL-UNNAMED --add-opens=java.base/java.lang=ALL-UNNAMED --add-opens=java.base/sun.nio.fs=ALL-UNNAMED -Declipse.application=org.eclipse.jdt.ls.core.id1 -Dosgi.bundles.defaultStartLevel=4 -Declipse.product=org.eclipse.jdt.ls.core.product -Djava.import.generatesMetadataFilesAtProjectRoot=false -DDetectVMInstallationsJob.disabled=true -Dfile.encoding=utf8 -XX:+UseParallelGC -XX:GCTimeRatio=4 -XX:AdaptiveSizePolicyWeight=90 -Dsun.zip.disableMemoryMapping=true -Xmx1G -Xms100m -Xlog:disable -javaagent:c:\Users\Tnluser\.vscode\extensions\redhat.java-1.25.1-win32-x64\lombok\lombok-1.18.30.jar c:\Users\Tnluser\.vscode\extensions\redhat.java-1.25.1-win32-x64\server\plugins\org.eclipse.equinox.launcher_1.6.600.v20231106-1826.jar -configuration c:\Users\Tnluser\AppData\Roaming\Code\User\globalStorage\redhat.java\1.25.1\config_ss_win -data c:\Users\Tnluser\AppData\Roaming\Code\User\workspaceStorage\303bb193fab74beac2c2dc2dfe4b6838\redhat.java\ss_ws --stdio

Host: 11th Gen Intel(R) Core(TM) i5-1135G7 @ 2.40GHz, 8 cores, 7G,  Windows 10 , 64 bit Build 19041 (10.0.19041.3636)
Time: Sun Jan  7 21:50:53 2024 India Standard Time elapsed time: 3.349952 seconds (0d 0h 0m 3s)

---------------  T H R E A D  ---------------

Current thread (0x00000296fe772d80):  JavaThread "Start Level: Equinox Container: d8539355-0ed2-49d3-89a9-04eed019fc89" daemon [_thread_in_vm, id=124804, stack(0x000000e5f7100000,0x000000e5f7200000)]

Stack: [0x000000e5f7100000,0x000000e5f7200000]
Native frames: (J=compiled Java code, j=interpreted, Vv=VM code, C=native code)
V  [jvm.dll+0x67cf49]
V  [jvm.dll+0x83478a]
V  [jvm.dll+0x83624e]
V  [jvm.dll+0x8368b3]
V  [jvm.dll+0x247f1f]
V  [jvm.dll+0x83044b]
V  [jvm.dll+0x621776]
V  [jvm.dll+0x6217da]
V  [jvm.dll+0x62400a]
V  [jvm.dll+0x622116]
V  [jvm.dll+0x24588c]
V  [jvm.dll+0x6d3dfd]
V  [jvm.dll+0x6d483f]
V  [jvm.dll+0x373e84]
V  [jvm.dll+0x372f04]
V  [jvm.dll+0x372ea8]
V  [jvm.dll+0x382e8a]
C  0x00000296edc5ae05

The last pc belongs to new (printed below).
Java frames: (J=compiled Java code, j=interpreted, Vv=VM code)
j  java.net.InetAddress.createNameService()Ljava/net/InetAddress$NameService;+22 java.base@17.0.9
j  java.net.InetAddress.<clinit>()V+118 java.base@17.0.9
v  ~StubRoutines::call_stub
j  java.net.NetworkInterface.init()V+0 java.base@17.0.9
j  java.net.NetworkInterface.<clinit>()V+6 java.base@17.0.9
v  ~StubRoutines::call_stub
j  sun.security.provider.SeedGenerator.addNetworkAdapterInfo(Ljava/security/MessageDigest;)V+0 java.base@17.0.9
j  sun.security.provider.SeedGenerator$1.run()Ljava/lang/Void;+66 java.base@17.0.9
j  sun.security.provider.SeedGenerator$1.run()Ljava/lang/Object;+1 java.base@17.0.9
J 1833 c1 java.security.AccessController.doPrivileged(Ljava/security/PrivilegedAction;)Ljava/lang/Object; java.base@17.0.9 (9 bytes) @ 0x00000296e6a726bc [0x00000296e6a72560+0x000000000000015c]
j  sun.security.provider.SeedGenerator.getSystemEntropy()[B+40 java.base@17.0.9
j  sun.security.provider.AbstractDrbg$SeederHolder.<clinit>()V+28 java.base@17.0.9
v  ~StubRoutines::call_stub
j  sun.security.provider.AbstractDrbg.getEntropyInput(IIIZ)[B+87 java.base@17.0.9
j  sun.security.provider.AbstractDrbg.getEntropyInput(Z)[B+14 java.base@17.0.9
j  sun.security.provider.AbstractDrbg.instantiateIfNecessary([B)V+16 java.base@17.0.9
j  sun.security.provider.AbstractDrbg.engineNextBytes([BLjava/security/SecureRandomParameters;)V+162 java.base@17.0.9
j  sun.security.provider.AbstractDrbg.engineNextBytes([B)V+11 java.base@17.0.9
j  sun.security.provider.DRBG.engineNextBytes([B)V+5 java.base@17.0.9
j  java.security.SecureRandom.nextBytes([B)V+12 java.base@17.0.9
j  java.util.UUID.randomUUID()Ljava/util/UUID;+11 java.base@17.0.9
j  org.eclipse.jdt.ls.core.internal.preferences.Preferences.<clinit>()V+0
v  ~StubRoutines::call_stub
j  org.eclipse.jdt.ls.core.internal.preferences.PreferenceManager.<init>()V+5
j  org.eclipse.jdt.ls.core.internal.JavaLanguageServerPlugin.start(Lorg/osgi/framework/BundleContext;)V+32
j  org.eclipse.osgi.internal.framework.BundleContextImpl$2.run()Ljava/lang/Void;+23
j  org.eclipse.osgi.internal.framework.BundleContextImpl$2.run()Ljava/lang/Object;+1
J 879 c1 java.security.AccessController.executePrivileged(Ljava/security/PrivilegedExceptionAction;Ljava/security/AccessControlContext;Ljava/lang/Class;)Ljava/lang/Object; java.base@17.0.9 (65 bytes) @ 0x00000296e6888fb4 [0x00000296e6888e60+0x0000000000000154]
j  java.security.AccessController.doPrivileged(Ljava/security/PrivilegedExceptionAction;)Ljava/lang/Object;+9 java.base@17.0.9
j  org.eclipse.osgi.internal.framework.BundleContextImpl.startActivator(Lorg/osgi/framework/BundleActivator;)V+9
j  org.eclipse.osgi.internal.framework.BundleContextImpl.start()V+134
j  org.eclipse.osgi.internal.framework.EquinoxBundle.startWorker0()V+35
j  org.eclipse.osgi.internal.framework.EquinoxBundle$EquinoxModule.startWorker()V+4
j  org.eclipse.osgi.container.Module.doStart([Lorg/eclipse/osgi/container/Module$StartOptions;)Lorg/eclipse/osgi/container/ModuleContainerAdaptor$ModuleEvent;+190
j  org.eclipse.osgi.container.Module.start([Lorg/eclipse/osgi/container/Module$StartOptions;)V+460
j  org.eclipse.osgi.container.ModuleContainer$ContainerStartLevel$2.run()V+71
j  org.eclipse.osgi.internal.framework.EquinoxContainerAdaptor$1$1.execute(Ljava/lang/Runnable;)V+1
j  org.eclipse.osgi.container.ModuleContainer$ContainerStartLevel.incStartLevel(ILjava/util/List;Z)V+192
j  org.eclipse.osgi.container.ModuleContainer$ContainerStartLevel.incStartLevel(ILjava/util/List;Ljava/util/List;Ljava/util/List;Ljava/util/List;)V+19
j  org.eclipse.osgi.container.ModuleContainer$ContainerStartLevel.doContainerStartLevel(Lorg/eclipse/osgi/container/Module;I[Lorg/osgi/framework/FrameworkListener;)V+349
j  org.eclipse.osgi.container.ModuleContainer$ContainerStartLevel.dispatchEvent(Lorg/eclipse/osgi/container/Module;[Lorg/osgi/framework/FrameworkListener;ILjava/lang/Integer;)V+32
j  org.eclipse.osgi.container.ModuleContainer$ContainerStartLevel.dispatchEvent(Ljava/lang/Object;Ljava/lang/Object;ILjava/lang/Object;)V+15
j  org.eclipse.osgi.framework.eventmgr.EventManager.dispatchEvent(Ljava/util/Set;Lorg/eclipse/osgi/framework/eventmgr/EventDispatcher;ILjava/lang/Object;)V+48
j  org.eclipse.osgi.framework.eventmgr.EventManager$EventThread.run()V+26
v  ~StubRoutines::call_stub
new  187 new  [0x00000296edc5ac80, 0x00000296edc5aea0]  544 bytes
[MachCode]
  0x00000296edc5ac80: 4883 ec08 | c5fa 1104 | 24eb 1f48 | 83ec 10c5 | fb11 0424 | eb14 4883 | ec10 4889 | 0424 48c7 
  0x00000296edc5aca0: 4424 0800 | 0000 00eb | 0150 410f | b755 010f | cac1 ea10 | 488b 4de8 | 488b 4908 | 488b 4908 
  0x00000296edc5acc0: 488b 4108 | 807c 1004 | 070f 85d6 | 0000 0066 | 8b54 d148 | 488b 4928 | 488b 4cd1 | 0851 80b9 
  0x00000296edc5ace0: 3301 0000 | 040f 85b9 | 0000 008b | 5108 f7c2 | 0100 0000 | 0f85 aa00 | 0000 498b | 8708 0100 
  0x00000296edc5ad00: 0048 8d1c | 1049 3b9f | 1801 0000 | 0f87 9200 | 0000 4989 | 9f08 0100 | 00e9 0000 | 0000 4883 
  0x00000296edc5ad20: ea10 0f84 | 0f00 0000 | 33c9 c1ea | 0348 894c | d008 48ff | ca75 f648 | c700 0100 | 0000 5933 
  0x00000296edc5ad40: f689 700c | 48c1 e903 | 8948 0849 | ba2f 35a8 | 54f8 7f00 | 0041 803a | 000f 8440 | 0000 0050 
  0x00000296edc5ad60: 488b c848 | 83ec 20f7 | c40f 0000 | 000f 841a | 0000 0048 | 83ec 0849 | bae0 2b5e | 54f8 7f00 
  0x00000296edc5ad80: 0041 ffd2 | 4883 c408 | e90d 0000 | 0049 bae0 | 2b5e 54f8 | 7f00 0041 | ffd2 4883 | c420 58e9 
  0x00000296edc5ada0: cd00 0000 | 5948 8b55 | e848 8b52 | 0848 8b52 | 0845 0fb7 | 4501 410f | c841 c1e8 | 10e8 0500 
  0x00000296edc5adc0: 0000 e9aa | 0000 0048 | 8d44 2408 | 4c89 6dc0 | 498b cfc5 | f877 4989 | afa8 0200 | 0049 8987 
  0x00000296edc5ade0: 9802 0000 | 4883 ec20 | f7c4 0f00 | 0000 0f84 | 1a00 0000 | 4883 ec08 | 49ba 002e | 2854 f87f 
  0x00000296edc5ae00: 0000 41ff | d248 83c4 | 08e9 0d00 | 0000 49ba | 002e 2854 | f87f 0000 | 41ff d248 | 83c4 2049 
  0x00000296edc5ae20: c787 9802 | 0000 0000 | 0000 49c7 | 87a8 0200 | 0000 0000 | 0049 c787 | a002 0000 | 0000 0000 
  0x00000296edc5ae40: c5f8 7749 | 817f 0800 | 0000 000f | 8405 0000 | 00e9 aa60 | feff 498b | 87f0 0200 | 0049 c787 
  0x00000296edc5ae60: f002 0000 | 0000 0000 | 4c8b 6dc0 | 4c8b 75c8 | c341 0fb6 | 5d03 4983 | c503 49ba | 909a aa54 
  0x00000296edc5ae80: f87f 0000 | 41ff 24da | 0000 0000 | 0000 0000 | 0000 0000 | 0000 0000 | 0000 0000 | 0000 0000 
[/MachCode]

Compiled method (c1)    3372 1833       3       java.security.AccessController::doPrivileged (9 bytes)
 total in heap  [0x00000296e6a72390,0x00000296e6a729b8] = 1576
 relocation     [0x00000296e6a724e8,0x00000296e6a72550] = 104
 main code      [0x00000296e6a72560,0x00000296e6a72820] = 704
 stub code      [0x00000296e6a72820,0x00000296e6a72878] = 88
 metadata       [0x00000296e6a72878,0x00000296e6a72890] = 24
 scopes data    [0x00000296e6a72890,0x00000296e6a72910] = 128
 scopes pcs     [0x00000296e6a72910,0x00000296e6a729a0] = 144
 dependencies   [0x00000296e6a729a0,0x00000296e6a729a8] = 8
 nul chk table  [0x00000296e6a729a8,0x00000296e6a729b8] = 16

[Constant Pool (empty)]

[MachCode]
[Verified Entry Point]
  # {method} {0x00000296f90303d8} 'doPrivileged' '(Ljava/security/PrivilegedAction;)Ljava/lang/Object;' in 'java/security/AccessController'
  # parm0:    rdx:rdx   = 'java/security/PrivilegedAction'
  #           [sp+0x70]  (sp of caller)
  0x00000296e6a72560: 8984 2400 | 90ff ff55 | 4883 ec60 

  0x00000296e6a7256c: ;   {metadata(method data for {method} {0x00000296f90303d8} 'doPrivileged' '(Ljava/security/PrivilegedAction;)Ljava/lang/Object;' in 'java/security/AccessController')}
  0x00000296e6a7256c: 48be 08d8 | 99f9 9602 | 0000 8bbe | cc00 0000 | 83c7 0289 | becc 0000 | 0081 e7fe | 0700 0083 
  0x00000296e6a7258c: ff00 0f84 | c401 0000 | 4889 5424 

  0x00000296e6a72598: ;   {metadata(method data for {method} {0x00000296f90303d8} 'doPrivileged' '(Ljava/security/PrivilegedAction;)Ljava/lang/Object;' in 'java/security/AccessController')}
  0x00000296e6a72598: 4048 be08 | d899 f996 | 0200 0048 | 8386 1001 | 0000 010f 

  0x00000296e6a725ac: ;   {static_call}
  0x00000296e6a725ac: 1f40 00e8 

  0x00000296e6a725b0: ; ImmutableOopMap {[64]=Oop }
                      ;*invokestatic getCallerClass {reexecute=0 rethrow=0 return_oop=0}
                      ; - java.security.AccessController::doPrivileged@2
  0x00000296e6a725b0: 0492 7907 

  0x00000296e6a725b4: ;   {metadata(method data for {method} {0x00000296f90303d8} 'doPrivileged' '(Ljava/security/PrivilegedAction;)Ljava/lang/Object;' in 'java/security/AccessController')}
  0x00000296e6a725b4: 48ba 08d8 | 99f9 9602 | 0000 4883 | 8220 0100 

  0x00000296e6a725c4: ;   {metadata(method data for {method} {0x00000296f9030ef8} 'executePrivileged' '(Ljava/security/PrivilegedAction;Ljava/security/AccessControlContext;Ljava/lang/Class;)Ljava/lang/Object;' in 'java/security/AccessController')}
  0x00000296e6a725c4: 0001 48ba | 78d9 99f9 | 9602 0000 | 8bb2 cc00 | 0000 83c6 | 0289 b2cc | 0000 0081 | e6fe ff1f 
  0x00000296e6a725e4: 0083 fe00 | 0f84 8b01 

  0x00000296e6a725ec: ;   {metadata(method data for {method} {0x00000296f9030ef8} 'executePrivileged' '(Ljava/security/PrivilegedAction;Ljava/security/AccessControlContext;Ljava/lang/Class;)Ljava/lang/Object;' in 'java/security/AccessController')}
  0x00000296e6a725ec: 0000 48ba | 78d9 99f9 | 9602 0000 | ff82 1001 

  0x00000296e6a725fc: ;   {metadata(method data for {method} {0x00000296f9030ef8} 'executePrivileged' '(Ljava/security/PrivilegedAction;Ljava/security/AccessControlContext;Ljava/lang/Class;)Ljava/lang/Object;' in 'java/security/AccessController')}
  0x00000296e6a725fc: 0000 48ba | 78d9 99f9 | 9602 0000 | ff82 4001 | 0000 4889 | 4424 4848 | 8b54 2440 

  0x00000296e6a72618: ; implicit exception: dispatches to 0x00000296e6a7279a
  0x00000296e6a72618: 483b 0248 

  0x00000296e6a7261c: ;   {metadata(method data for {method} {0x00000296f9030ef8} 'executePrivileged' '(Ljava/security/PrivilegedAction;Ljava/security/AccessControlContext;Ljava/lang/Class;)Ljava/lang/Object;' in 'java/security/AccessController')}
  0x00000296e6a7261c: 8bf2 48bf | 78d9 99f9 | 9602 0000 | 8b76 0848 | c1e6 0348 | 3bb7 b001 | 0000 750d | 4883 87b8 
  0x00000296e6a7263c: 0100 0001 | e966 0000 | 0048 3bb7 | c001 0000 | 750d 4883 | 87c8 0100 | 0001 e950 | 0000 0048 
  0x00000296e6a7265c: 81bf b001 | 0000 0000 | 0000 7517 | 4889 b7b0 | 0100 0048 | c787 b801 | 0000 0100 | 0000 e92c 
  0x00000296e6a7267c: 0000 0048 | 81bf c001 | 0000 0000 | 0000 7517 | 4889 b7c0 | 0100 0048 | c787 c801 | 0000 0100 
  0x00000296e6a7269c: 0000 e908 | 0000 0048 | 8387 a001 | 0000 0166 | 9048 b860 | 80e7 fe96 

  0x00000296e6a726b4: ;   {virtual_call}
  0x00000296e6a726b4: 0200 00e8 

  0x00000296e6a726b8: ; ImmutableOopMap {[72]=Oop }
                      ;*invokeinterface run {reexecute=0 rethrow=0 return_oop=0}
                      ; - java.security.AccessController::executePrivileged@29
                      ; - java.security.AccessController::doPrivileged@5
  0x00000296e6a726b8: 54df 2c07 

  0x00000296e6a726bc: ;   {metadata(method data for {method} {0x00000296f9030ef8} 'executePrivileged' '(Ljava/security/PrivilegedAction;Ljava/security/AccessControlContext;Ljava/lang/Class;)Ljava/lang/Object;' in 'java/security/AccessController')}
  0x00000296e6a726bc: 48be 78d9 | 99f9 9602 | 0000 ff86 | d801 0000 | 488b 7424 

  0x00000296e6a726d0: ;   {metadata(method data for {method} {0x00000296f9030ef8} 'executePrivileged' '(Ljava/security/PrivilegedAction;Ljava/security/AccessControlContext;Ljava/lang/Class;)Ljava/lang/Object;' in 'java/security/AccessController')}
  0x00000296e6a726d0: 4848 bf78 | d999 f996 | 0200 0048 | 8387 3802 

  0x00000296e6a726e0: ;   {metadata(method data for {method} {0x00000296f9035da8} 'reachabilityFence' '(Ljava/lang/Object;)V' in 'java/lang/ref/Reference')}
  0x00000296e6a726e0: 0000 0148 | bf40 805e | f996 0200 | 008b 9fcc | 0000 0083 | c302 899f | cc00 0000 | 81e3 feff 
  0x00000296e6a72700: 1f00 83fb | 000f 8494 

  0x00000296e6a72708: ;   {metadata(method data for {method} {0x00000296f9030ef8} 'executePrivileged' '(Ljava/security/PrivilegedAction;Ljava/security/AccessControlContext;Ljava/lang/Class;)Ljava/lang/Object;' in 'java/security/AccessController')}
  0x00000296e6a72708: 0000 0048 | be78 d999 | f996 0200 | 0048 8386 | 4802 0000 

  0x00000296e6a7271c: ;   {metadata(method data for {method} {0x00000296f9035da8} 'reachabilityFence' '(Ljava/lang/Object;)V' in 'java/lang/ref/Reference')}
  0x00000296e6a7271c: 0148 be40 | 805e f996 | 0200 008b | becc 0000 | 0083 c702 | 89be cc00 | 0000 81e7 | feff 1f00 
  0x00000296e6a7273c: 83ff 000f | 847b 0000 | 0048 83c4 

  0x00000296e6a72748: ;   {poll_return}
  0x00000296e6a72748: 605d 493b | a750 0300 | 000f 878a | 0000 00c3 

  0x00000296e6a72758: ;   {metadata({method} {0x00000296f90303d8} 'doPrivileged' '(Ljava/security/PrivilegedAction;)Ljava/lang/Object;' in 'java/security/AccessController')}
  0x00000296e6a72758: 49ba d003 | 03f9 9602 | 0000 4c89 | 5424 0848 | c704 24ff 

  0x00000296e6a7276c: ;   {runtime_call counter_overflow Runtime1 stub}
  0x00000296e6a7276c: ffff ffe8 

  0x00000296e6a72770: ; ImmutableOopMap {rdx=Oop }
                      ;*synchronization entry
                      ; - java.security.AccessController::doPrivileged@-1
  0x00000296e6a72770: 0c7d 2c07 | e91b feff 

  0x00000296e6a72778: ;   {metadata({method} {0x00000296f9030ef8} 'executePrivileged' '(Ljava/security/PrivilegedAction;Ljava/security/AccessControlContext;Ljava/lang/Class;)Ljava/lang/Object;' in 'java/security/AccessController')}
  0x00000296e6a72778: ff49 baf0 | 0e03 f996 | 0200 004c | 8954 2408 | 48c7 0424 | ffff ffff 

  0x00000296e6a72790: ;   {runtime_call counter_overflow Runtime1 stub}
  0x00000296e6a72790: e8eb 7c2c 

  0x00000296e6a72794: ; ImmutableOopMap {[64]=Oop rax=Oop }
                      ;*synchronization entry
                      ; - java.security.AccessController::executePrivileged@-1
                      ; - java.security.AccessController::doPrivileged@5
  0x00000296e6a72794: 07e9 54fe 

  0x00000296e6a72798: ;   {runtime_call throw_null_pointer_exception Runtime1 stub}
  0x00000296e6a72798: ffff e881 

  0x00000296e6a7279c: ; ImmutableOopMap {rdx=Oop [72]=Oop }
                      ;*invokeinterface run {reexecute=0 rethrow=0 return_oop=0}
                      ; - java.security.AccessController::executePrivileged@29
                      ; - java.security.AccessController::doPrivileged@5
                      ;   {metadata({method} {0x00000296f9035da8} 'reachabilityFence' '(Ljava/lang/Object;)V' in 'java/lang/ref/Reference')}
  0x00000296e6a7279c: 1a2c 0749 | baa0 5d03 | f996 0200 | 004c 8954 | 2408 48c7 | 0424 ffff 

  0x00000296e6a727b4: ;   {runtime_call counter_overflow Runtime1 stub}
  0x00000296e6a727b4: ffff e8c5 

  0x00000296e6a727b8: ; ImmutableOopMap {rax=Oop rsi=Oop }
                      ;*synchronization entry
                      ; - java.lang.ref.Reference::reachabilityFence@-1
                      ; - java.security.AccessController::executePrivileged@56
                      ; - java.security.AccessController::doPrivileged@5
  0x00000296e6a727b8: 7c2c 07e9 | 4bff ffff 

  0x00000296e6a727c0: ;   {metadata({method} {0x00000296f9035da8} 'reachabilityFence' '(Ljava/lang/Object;)V' in 'java/lang/ref/Reference')}
  0x00000296e6a727c0: 49ba a05d | 03f9 9602 | 0000 4c89 | 5424 0848 | c704 24ff 

  0x00000296e6a727d4: ;   {runtime_call counter_overflow Runtime1 stub}
  0x00000296e6a727d4: ffff ffe8 

  0x00000296e6a727d8: ; ImmutableOopMap {rax=Oop }
                      ;*synchronization entry
                      ; - java.lang.ref.Reference::reachabilityFence@-1
                      ; - java.security.AccessController::executePrivileged@60
                      ; - java.security.AccessController::doPrivileged@5
  0x00000296e6a727d8: a47c 2c07 | e964 ffff 

  0x00000296e6a727e0: ;   {internal_word}
  0x00000296e6a727e0: ff49 ba4a | 27a7 e696 | 0200 004d | 8997 6803 

  0x00000296e6a727f0: ;   {runtime_call SafepointBlob}
  0x00000296e6a727f0: 0000 e989 | 6422 0790 | 9049 8b87 | e003 0000 | 49c7 87e0 | 0300 0000 | 0000 0049 | c787 e803 
  0x00000296e6a72810: 0000 0000 | 0000 4883 

  0x00000296e6a72818: ;   {runtime_call unwind_exception Runtime1 stub}
  0x00000296e6a72818: c460 5de9 | 6007 2c07 
[Stub Code]
  0x00000296e6a72820: ;   {no_reloc}
  0x00000296e6a72820: 0f1f 4400 

  0x00000296e6a72824: ;   {static_stub}
  0x00000296e6a72824: 0048 bb00 | 0000 0000 

  0x00000296e6a7282c: ;   {runtime_call}
  0x00000296e6a7282c: 0000 00e9 | fbff ffff 

  0x00000296e6a72834: ;   {static_stub}
  0x00000296e6a72834: 9048 bb00 | 0000 0000 

  0x00000296e6a7283c: ;   {runtime_call}
  0x00000296e6a7283c: 0000 00e9 | fbff ffff 
[Exception Handler]
  0x00000296e6a72844: ;   {runtime_call handle_exception_from_callee Runtime1 stub}
  0x00000296e6a72844: e8b7 3f2c 

  0x00000296e6a72848: ;   {external_word}
  0x00000296e6a72848: 0748 b940 | 9a82 54f8 | 7f00 0048 

  0x00000296e6a72854: ;   {runtime_call}
  0x00000296e6a72854: 83e4 f049 | ba60 2f4b | 54f8 7f00 | 0041 ffd2 

  0x00000296e6a72864: ;   {section_word}
  0x00000296e6a72864: f449 ba65 | 28a7 e696 | 0200 0041 

  0x00000296e6a72870: ;   {runtime_call DeoptimizationBlob}
  0x00000296e6a72870: 52e9 aa78 | 2207 f4f4 
[/MachCode]


Compiled method (c1)    3380  879       3       java.security.AccessController::executePrivileged (65 bytes)
 total in heap  [0x00000296e6888c90,0x00000296e6889278] = 1512
 relocation     [0x00000296e6888de8,0x00000296e6888e48] = 96
 main code      [0x00000296e6888e60,0x00000296e6889100] = 672
 stub code      [0x00000296e6889100,0x00000296e6889158] = 88
 metadata       [0x00000296e6889158,0x00000296e6889168] = 16
 scopes data    [0x00000296e6889168,0x00000296e68891e0] = 120
 scopes pcs     [0x00000296e68891e0,0x00000296e6889260] = 128
 dependencies   [0x00000296e6889260,0x00000296e6889268] = 8
 nul chk table  [0x00000296e6889268,0x00000296e6889278] = 16

[Constant Pool (empty)]

[MachCode]
[Verified Entry Point]
  # {method} {0x00000296f9030fe8} 'executePrivileged' '(Ljava/security/PrivilegedExceptionAction;Ljava/security/AccessControlContext;Ljava/lang/Class;)Ljava/lang/Object;' in 'java/security/AccessController'
  # parm0:    rdx:rdx   = 'java/security/PrivilegedExceptionAction'
  # parm1:    r8:r8     = 'java/security/AccessControlContext'
  # parm2:    r9:r9     = 'java/lang/Class'
  #           [sp+0x50]  (sp of caller)
  0x00000296e6888e60: 8984 2400 | 90ff ff55 | 4883 ec40 | 4c89 4424 

  0x00000296e6888e70: ;   {metadata(method data for {method} {0x00000296f9030fe8} 'executePrivileged' '(Ljava/security/PrivilegedExceptionAction;Ljava/security/AccessControlContext;Ljava/lang/Class;)Ljava/lang/Object;' in 'java/security/AccessController')}
  0x00000296e6888e70: 3048 be38 | 339b f996 | 0200 008b | becc 0000 | 0083 c702 | 89be cc00 | 0000 81e7 | fe07 0000 
  0x00000296e6888e90: 83ff 000f | 84b7 0100 | 0049 83f8 

  0x00000296e6888e9c: ;   {metadata(method data for {method} {0x00000296f9030fe8} 'executePrivileged' '(Ljava/security/PrivilegedExceptionAction;Ljava/security/AccessControlContext;Ljava/lang/Class;)Ljava/lang/Object;' in 'java/security/AccessController')}
  0x00000296e6888e9c: 0048 be38 | 339b f996 | 0200 0048 | bf10 0100 | 0000 0000 | 000f 840a | 0000 0048 | bf20 0100 
  0x00000296e6888ebc: 0000 0000 | 0048 8b1c | 3e48 8d5b | 0148 891c | 3e4c 894c | 2428 4889 | 5424 200f | 841f 0000 
  0x00000296e6888edc: ;   {metadata(method data for {method} {0x00000296f9030fe8} 'executePrivileged' '(Ljava/security/PrivilegedExceptionAction;Ljava/security/AccessControlContext;Ljava/lang/Class;)Ljava/lang/Object;' in 'java/security/AccessController')}
  0x00000296e6888edc: 0048 be38 | 339b f996 | 0200 0048 | 8386 3001 | 0000 0149 | 8bd0 0f1f 

  0x00000296e6888ef4: ;   {static_call}
  0x00000296e6888ef4: 4400 00e8 

  0x00000296e6888ef8: ; ImmutableOopMap {[32]=Oop [40]=Oop [48]=Oop }
                      ;*invokestatic ensureMaterializedForStackWalk {reexecute=0 rethrow=0 return_oop=0}
                      ; - java.security.AccessController::executePrivileged@5
  0x00000296e6888ef8: bca7 9c07 

  0x00000296e6888efc: ;   {metadata(method data for {method} {0x00000296f9030fe8} 'executePrivileged' '(Ljava/security/PrivilegedExceptionAction;Ljava/security/AccessControlContext;Ljava/lang/Class;)Ljava/lang/Object;' in 'java/security/AccessController')}
  0x00000296e6888efc: 48ba 3833 | 9bf9 9602 | 0000 ff82 | 4001 0000 | 488b 5424 | 2048 3b02 

  0x00000296e6888f14: ;   {metadata(method data for {method} {0x00000296f9030fe8} 'executePrivileged' '(Ljava/security/PrivilegedExceptionAction;Ljava/security/AccessControlContext;Ljava/lang/Class;)Ljava/lang/Object;' in 'java/security/AccessController')}
  0x00000296e6888f14: 488b f248 | bf38 339b | f996 0200 | 008b 7608 | 48c1 e603 | 483b b7b0 | 0100 0075 | 0d48 8387 
  0x00000296e6888f34: b801 0000 | 01e9 6600 | 0000 483b | b7c0 0100 | 0075 0d48 | 8387 c801 | 0000 01e9 | 5000 0000 
  0x00000296e6888f54: 4881 bfb0 | 0100 0000 | 0000 0075 | 1748 89b7 | b001 0000 | 48c7 87b8 | 0100 0001 | 0000 00e9 
  0x00000296e6888f74: 2c00 0000 | 4881 bfc0 | 0100 0000 | 0000 0075 | 1748 89b7 | c001 0000 | 48c7 87c8 | 0100 0001 
  0x00000296e6888f94: 0000 00e9 | 0800 0000 | 4883 87a0 | 0100 0001 | 9048 b830 | 3985 fe96 

  0x00000296e6888fac: ;   {virtual_call}
  0x00000296e6888fac: 0200 00e8 

  0x00000296e6888fb0: ; ImmutableOopMap {[40]=Oop [48]=Oop }
                      ;*invokeinterface run {reexecute=0 rethrow=0 return_oop=0}
                      ; - java.security.AccessController::executePrivileged@29
  0x00000296e6888fb0: 5c76 4b07 

  0x00000296e6888fb4: ;   {metadata(method data for {method} {0x00000296f9030fe8} 'executePrivileged' '(Ljava/security/PrivilegedExceptionAction;Ljava/security/AccessControlContext;Ljava/lang/Class;)Ljava/lang/Object;' in 'java/security/AccessController')}
  0x00000296e6888fb4: 48be 3833 | 9bf9 9602 | 0000 ff86 | d801 0000 | 4c8b 4c24 

  0x00000296e6888fc8: ;   {metadata(method data for {method} {0x00000296f9030fe8} 'executePrivileged' '(Ljava/security/PrivilegedExceptionAction;Ljava/security/AccessControlContext;Ljava/lang/Class;)Ljava/lang/Object;' in 'java/security/AccessController')}
  0x00000296e6888fc8: 2848 be38 | 339b f996 | 0200 0048 | 8386 3802 

  0x00000296e6888fd8: ;   {metadata(method data for {method} {0x00000296f9035da8} 'reachabilityFence' '(Ljava/lang/Object;)V' in 'java/lang/ref/Reference')}
  0x00000296e6888fd8: 0000 0148 | be40 805e | f996 0200 | 008b becc | 0000 0083 | c702 89be | cc00 0000 | 81e7 feff 
  0x00000296e6888ff8: 1f00 83ff | 000f 8473 

  0x00000296e6889000: ;   {metadata(method data for {method} {0x00000296f9030fe8} 'executePrivileged' '(Ljava/security/PrivilegedExceptionAction;Ljava/security/AccessControlContext;Ljava/lang/Class;)Ljava/lang/Object;' in 'java/security/AccessController')}
  0x00000296e6889000: 0000 0048 | be38 339b | f996 0200 | 0048 8386 | 4802 0000 

  0x00000296e6889014: ;   {metadata(method data for {method} {0x00000296f9035da8} 'reachabilityFence' '(Ljava/lang/Object;)V' in 'java/lang/ref/Reference')}
  0x00000296e6889014: 0148 be40 | 805e f996 | 0200 008b | becc 0000 | 0083 c702 | 89be cc00 | 0000 81e7 | feff 1f00 
  0x00000296e6889034: 83ff 000f | 845a 0000 | 0048 83c4 

  0x00000296e6889040: ;   {poll_return}
  0x00000296e6889040: 405d 493b | a750 0300 | 000f 8766 | 0000 00c3 

  0x00000296e6889050: ;   {metadata({method} {0x00000296f9030fe8} 'executePrivileged' '(Ljava/security/PrivilegedExceptionAction;Ljava/security/AccessControlContext;Ljava/lang/Class;)Ljava/lang/Object;' in 'java/security/AccessController')}
  0x00000296e6889050: 49ba e00f | 03f9 9602 | 0000 4c89 | 5424 0848 | c704 24ff 

  0x00000296e6889064: ;   {runtime_call counter_overflow Runtime1 stub}
  0x00000296e6889064: ffff ffe8 

  0x00000296e6889068: ; ImmutableOopMap {rdx=Oop r8=Oop [48]=Oop r9=Oop }
                      ;*synchronization entry
                      ; - java.security.AccessController::executePrivileged@-1
  0x00000296e6889068: 1414 4b07 | e928 feff 

  0x00000296e6889070: ;   {runtime_call throw_null_pointer_exception Runtime1 stub}
  0x00000296e6889070: ffe8 aab1 

  0x00000296e6889074: ; ImmutableOopMap {[40]=Oop rdx=Oop [48]=Oop }
                      ;*invokeinterface run {reexecute=0 rethrow=0 return_oop=0}
                      ; - java.security.AccessController::executePrivileged@29
                      ;   {metadata({method} {0x00000296f9035da8} 'reachabilityFence' '(Ljava/lang/Object;)V' in 'java/lang/ref/Reference')}
  0x00000296e6889074: 4a07 49ba | a05d 03f9 | 9602 0000 | 4c89 5424 | 0848 c704 | 24ff ffff 

  0x00000296e688908c: ;   {runtime_call counter_overflow Runtime1 stub}
  0x00000296e688908c: ffe8 ee13 

  0x00000296e6889090: ; ImmutableOopMap {rax=Oop r9=Oop }
                      ;*synchronization entry
                      ; - java.lang.ref.Reference::reachabilityFence@-1
                      ; - java.security.AccessController::executePrivileged@56
  0x00000296e6889090: 4b07 e96c 

  0x00000296e6889094: ;   {metadata({method} {0x00000296f9035da8} 'reachabilityFence' '(Ljava/lang/Object;)V' in 'java/lang/ref/Reference')}
  0x00000296e6889094: ffff ff49 | baa0 5d03 | f996 0200 | 004c 8954 | 2408 48c7 | 0424 ffff 

  0x00000296e68890ac: ;   {runtime_call counter_overflow Runtime1 stub}
  0x00000296e68890ac: ffff e8cd 

  0x00000296e68890b0: ; ImmutableOopMap {rax=Oop }
                      ;*synchronization entry
                      ; - java.lang.ref.Reference::reachabilityFence@-1
                      ; - java.security.AccessController::executePrivileged@60
  0x00000296e68890b0: 134b 07eb 

  0x00000296e68890b4: ;   {internal_word}
  0x00000296e68890b4: 8849 ba42 | 9088 e696 | 0200 004d | 8997 6803 

  0x00000296e68890c4: ;   {runtime_call SafepointBlob}
  0x00000296e68890c4: 0000 e9b5 | fb40 0790 | 9049 8b87 | e003 0000 | 49c7 87e0 | 0300 0000 | 0000 0049 | c787 e803 
  0x00000296e68890e4: 0000 0000 | 0000 4883 

  0x00000296e68890ec: ;   {runtime_call unwind_exception Runtime1 stub}
  0x00000296e68890ec: c440 5de9 | 8c9e 4a07 | f4f4 f4f4 | f4f4 f4f4 | f4f4 f4f4 
[Stub Code]
  0x00000296e6889100: ;   {no_reloc}
  0x00000296e6889100: 0f1f 4400 

  0x00000296e6889104: ;   {static_stub}
  0x00000296e6889104: 0048 bb58 | 0d03 f996 

  0x00000296e688910c: ;   {runtime_call I2C/C2I adapters}
  0x00000296e688910c: 0200 00e9 | 3c74 4007 

  0x00000296e6889114: ;   {static_stub}
  0x00000296e6889114: 9048 bb00 | 0000 0000 

  0x00000296e688911c: ;   {runtime_call}
  0x00000296e688911c: 0000 00e9 | fbff ffff 
[Exception Handler]
  0x00000296e6889124: ;   {runtime_call handle_exception_from_callee Runtime1 stub}
  0x00000296e6889124: e8d7 d64a 

  0x00000296e6889128: ;   {external_word}
  0x00000296e6889128: 0748 b940 | 9a82 54f8 | 7f00 0048 

  0x00000296e6889134: ;   {runtime_call}
  0x00000296e6889134: 83e4 f049 | ba60 2f4b | 54f8 7f00 | 0041 ffd2 

  0x00000296e6889144: ;   {section_word}
  0x00000296e6889144: f449 ba45 | 9188 e696 | 0200 0041 

  0x00000296e6889150: ;   {runtime_call DeoptimizationBlob}
  0x00000296e6889150: 52e9 ca0f | 4107 f4f4 
[/MachCode]


---------------  P R O C E S S  ---------------

Threads class SMR info:
_java_thread_list=0x00000296fef927e0, length=20, elements={
0x00000296e2279200, 0x00000296fd365740, 0x00000296fd3694c0, 0x00000296f8077c50,
0x00000296fd383f20, 0x00000296fd386410, 0x00000296fd387480, 0x00000296fd38c780,
0x00000296fd391f30, 0x00000296fd393430, 0x00000296e22dc3e0, 0x00000296fd6cfaa0,
0x00000296fecca510, 0x00000296fec71890, 0x00000296fe772d80, 0x00000296fec8f400,
0x00000296fe8f0090, 0x00000296feebaa40, 0x00000296feeba530, 0x00000296feeb8be0
}

Java Threads: ( => current thread )
  0x00000296e2279200 JavaThread "main" [_thread_blocked, id=127576, stack(0x000000e5f5a00000,0x000000e5f5b00000)]
  0x00000296fd365740 JavaThread "Reference Handler" daemon [_thread_blocked, id=126328, stack(0x000000e5f5d00000,0x000000e5f5e00000)]
  0x00000296fd3694c0 JavaThread "Finalizer" daemon [_thread_blocked, id=127896, stack(0x000000e5f5e00000,0x000000e5f5f00000)]
  0x00000296f8077c50 JavaThread "Signal Dispatcher" daemon [_thread_blocked, id=122772, stack(0x000000e5f5f00000,0x000000e5f6000000)]
  0x00000296fd383f20 JavaThread "Attach Listener" daemon [_thread_blocked, id=129852, stack(0x000000e5f6000000,0x000000e5f6100000)]
  0x00000296fd386410 JavaThread "Service Thread" daemon [_thread_blocked, id=130220, stack(0x000000e5f6100000,0x000000e5f6200000)]
  0x00000296fd387480 JavaThread "Monitor Deflation Thread" daemon [_thread_blocked, id=129856, stack(0x000000e5f6200000,0x000000e5f6300000)]
  0x00000296fd38c780 JavaThread "C2 CompilerThread0" daemon [_thread_blocked, id=129844, stack(0x000000e5f6300000,0x000000e5f6400000)]
  0x00000296fd391f30 JavaThread "C1 CompilerThread0" daemon [_thread_blocked, id=125388, stack(0x000000e5f6400000,0x000000e5f6500000)]
  0x00000296fd393430 JavaThread "Sweeper thread" daemon [_thread_blocked, id=125064, stack(0x000000e5f6500000,0x000000e5f6600000)]
  0x00000296e22dc3e0 JavaThread "Common-Cleaner" daemon [_thread_blocked, id=127612, stack(0x000000e5f6600000,0x000000e5f6700000)]
  0x00000296fd6cfaa0 JavaThread "Notification Thread" daemon [_thread_blocked, id=53072, stack(0x000000e5f6700000,0x000000e5f6800000)]
  0x00000296fecca510 JavaThread "Active Thread: Equinox Container: d8539355-0ed2-49d3-89a9-04eed019fc89" [_thread_blocked, id=123172, stack(0x000000e5f6f00000,0x000000e5f7000000)]
  0x00000296fec71890 JavaThread "Framework Event Dispatcher: Equinox Container: d8539355-0ed2-49d3-89a9-04eed019fc89" daemon [_thread_blocked, id=130256, stack(0x000000e5f7000000,0x000000e5f7100000)]
=>0x00000296fe772d80 JavaThread "Start Level: Equinox Container: d8539355-0ed2-49d3-89a9-04eed019fc89" daemon [_thread_in_vm, id=124804, stack(0x000000e5f7100000,0x000000e5f7200000)]
  0x00000296fec8f400 JavaThread "SCR Component Actor" daemon [_thread_blocked, id=113968, stack(0x000000e5f7200000,0x000000e5f7300000)]
  0x00000296fe8f0090 JavaThread "SCR Component Registry" daemon [_thread_blocked, id=119696, stack(0x000000e5f7400000,0x000000e5f7500000)]
  0x00000296feebaa40 JavaThread "Worker-JM" [_thread_blocked, id=126048, stack(0x000000e5f7500000,0x000000e5f7600000)]
  0x00000296feeba530 JavaThread "Worker-0" [_thread_blocked, id=114452, stack(0x000000e5f7600000,0x000000e5f7700000)]
  0x00000296feeb8be0 JavaThread "Worker-1" [_thread_blocked, id=121904, stack(0x000000e5f7700000,0x000000e5f7800000)]

Other Threads:
  0x00000296e233ec60 VMThread "VM Thread" [stack: 0x000000e5f5c00000,0x000000e5f5d00000] [id=120288]
  0x00000296fe39a3d0 WatcherThread [stack: 0x000000e5f6800000,0x000000e5f6900000] [id=123240]
  0x00000296e22913b0 GCTaskThread "GC Thread#0" [stack: 0x000000e5f5b00000,0x000000e5f5c00000] [id=128988]
  0x00000296fe6be530 GCTaskThread "GC Thread#1" [stack: 0x000000e5f6900000,0x000000e5f6a00000] [id=101888]
  0x00000296feccbb80 GCTaskThread "GC Thread#2" [stack: 0x000000e5f6a00000,0x000000e5f6b00000] [id=129676]
  0x00000296fe72a7f0 GCTaskThread "GC Thread#3" [stack: 0x000000e5f6b00000,0x000000e5f6c00000] [id=128648]
  0x00000296fe72aab0 GCTaskThread "GC Thread#4" [stack: 0x000000e5f6c00000,0x000000e5f6d00000] [id=126596]
  0x00000296fe51e160 GCTaskThread "GC Thread#5" [stack: 0x000000e5f6d00000,0x000000e5f6e00000] [id=129412]
  0x00000296fe51e420 GCTaskThread "GC Thread#6" [stack: 0x000000e5f6e00000,0x000000e5f6f00000] [id=129468]
  0x00000296fe441580 GCTaskThread "GC Thread#7" [stack: 0x000000e5f7300000,0x000000e5f7400000] [id=120916]

Threads with active compile tasks:

VM state: not at safepoint (normal execution)

VM Mutex/Monitor currently owned by a thread:  ([mutex/lock_event])
[0x00000296e2275cf0] Metaspace_lock - owner thread: 0x00000296fe772d80

Heap address: 0x00000000c0000000, size: 1024 MB, Compressed Oops mode: 32-bit

CDS archive(s) not mapped
Compressed class space mapped at: 0x0000000100000000-0x0000000140000000, reserved size: 1073741824
Narrow klass base: 0x0000000000000000, Narrow klass shift: 3, Narrow klass range: 0x140000000

GC Precious Log:
 CPUs: 8 total, 8 available
 Memory: 7991M
 Large Page Support: Disabled
 NUMA Support: Disabled
 Compressed Oops: Enabled (32-bit)
 Alignments: Space 512K, Generation 512K, Heap 2M
 Heap Min Capacity: 100M
 Heap Initial Capacity: 100M
 Heap Max Capacity: 1G
 Pre-touch: Disabled
 Parallel Workers: 8

Heap:
 PSYoungGen      total 25600K, used 25306K [0x00000000eab00000, 0x00000000ec880000, 0x0000000100000000)
  eden space 25088K, 99% used [0x00000000eab00000,0x00000000ec3669f8,0x00000000ec380000)
  from space 512K, 62% used [0x00000000ec400000,0x00000000ec450000,0x00000000ec480000)
  to   space 2048K, 0% used [0x00000000ec680000,0x00000000ec680000,0x00000000ec880000)
 ParOldGen       total 68608K, used 6986K [0x00000000c0000000, 0x00000000c4300000, 0x00000000eab00000)
  object space 68608K, 10% used [0x00000000c0000000,0x00000000c06d2940,0x00000000c4300000)
 Metaspace       used 27365K, committed 27776K, reserved 1114112K
  class space    used 2653K, committed 2816K, reserved 1048576K

Card table byte_map: [0x00000296f58f0000,0x00000296f5b00000] _byte_map_base: 0x00000296f52f0000

Marking Bits: (ParMarkBitMap*) 0x00007ff854a9d0b0
 Begin Bits: [0x00000296f5c60000, 0x00000296f6c60000)
 End Bits:   [0x00000296f6c60000, 0x00000296f7c60000)

Polling page: 0x00000296e2340000

Metaspace:

Usage:
  Non-class:     24.13 MB used.
      Class:      2.59 MB used.
       Both:     26.72 MB used.

Virtual space:
  Non-class space:       64.00 MB reserved,      24.38 MB ( 38%) committed,  1 nodes.
      Class space:        1.00 GB reserved,       2.75 MB ( <1%) committed,  1 nodes.
             Both:        1.06 GB reserved,      27.12 MB (  2%) committed. 

Chunk freelists:
   Non-Class:  7.28 MB
       Class:  13.06 MB
        Both:  20.34 MB

MaxMetaspaceSize: unlimited
CompressedClassSpaceSize: 1.00 GB
Initial GC threshold: 21.00 MB
Current GC threshold: 35.00 MB
CDS: off
MetaspaceReclaimPolicy: balanced
 - commit_granule_bytes: 65536.
 - commit_granule_words: 8192.
 - virtual_space_node_default_size: 8388608.
 - enlarge_chunks_in_place: 1.
 - new_chunks_are_fully_committed: 0.
 - uncommit_free_chunks: 1.
 - use_allocation_guard: 0.
 - handle_deallocations: 1.


Internal statistics:

num_allocs_failed_limit: 3.
num_arena_births: 268.
num_arena_deaths: 14.
num_vsnodes_births: 2.
num_vsnodes_deaths: 0.
num_space_committed: 434.
num_space_uncommitted: 0.
num_chunks_returned_to_freelist: 17.
num_chunks_taken_from_freelist: 988.
num_chunk_merges: 7.
num_chunk_splits: 654.
num_chunks_enlarged: 458.
num_inconsistent_stats: 0.

CodeHeap 'non-profiled nmethods': size=120000Kb used=918Kb max_used=918Kb free=119081Kb
 bounds [0x00000296ee1e0000, 0x00000296ee450000, 0x00000296f5710000]
CodeHeap 'profiled nmethods': size=120000Kb used=4654Kb max_used=4654Kb free=115345Kb
 bounds [0x00000296e6710000, 0x00000296e6ba0000, 0x00000296edc40000]
CodeHeap 'non-nmethods': size=5760Kb used=1239Kb max_used=1262Kb free=4520Kb
 bounds [0x00000296edc40000, 0x00000296edeb0000, 0x00000296ee1e0000]
 total_blobs=2838 nmethods=2298 adapters=454
 compilation: enabled
              stopped_count=0, restarted_count=0
 full_count=0

Compilation events (20 events):
Event: 2.957 Thread 0x00000296fd38c780 2210       4       org.lombokweb.asm.MethodWriter::canCopyMethodAttributes (163 bytes)
Event: 2.960 Thread 0x00000296fd38c780 nmethod 2210 0x00000296ee2c0f10 code [0x00000296ee2c10a0, 0x00000296ee2c1418]
Event: 2.960 Thread 0x00000296fd38c780 2216       4       org.lombokweb.asm.ClassVisitor::visitMethod (24 bytes)
Event: 2.995 Thread 0x00000296fd38c780 nmethod 2216 0x00000296ee2c1790 code [0x00000296ee2c1a80, 0x00000296ee2c38f8]
Event: 3.181 Thread 0x00000296fd391f30 2290       3       java.util.concurrent.Semaphore$NonfairSync::tryAcquireShared (6 bytes)
Event: 3.181 Thread 0x00000296fd391f30 nmethod 2290 0x00000296e6b93e10 code [0x00000296e6b93fa0, 0x00000296e6b940e8]
Event: 3.316 Thread 0x00000296fd38c780 2291       4       java.util.ArrayList::contains (14 bytes)
Event: 3.319 Thread 0x00000296fd38c780 nmethod 2291 0x00000296ee2c4d10 code [0x00000296ee2c4ea0, 0x00000296ee2c4ff8]
Event: 3.323 Thread 0x00000296fd391f30 2292       3       java.lang.invoke.MemberName::<init> (135 bytes)
Event: 3.323 Thread 0x00000296fd391f30 nmethod 2292 0x00000296e6b94190 code [0x00000296e6b944c0, 0x00000296e6b956b8]
Event: 3.323 Thread 0x00000296fd391f30 2293       3       jdk.internal.org.objectweb.asm.Handler::putExceptionTable (63 bytes)
Event: 3.324 Thread 0x00000296fd391f30 nmethod 2293 0x00000296e6b95c10 code [0x00000296e6b95e20, 0x00000296e6b96288]
Event: 3.334 Thread 0x00000296fd391f30 2295       1       java.lang.reflect.Constructor::getSharedParameterTypes (5 bytes)
Event: 3.334 Thread 0x00000296fd391f30 nmethod 2295 0x00000296ee2c5410 code [0x00000296ee2c55a0, 0x00000296ee2c5678]
Event: 3.334 Thread 0x00000296fd38c780 2296       4       java.util.concurrent.ConcurrentHashMap$BaseIterator::hasNext (13 bytes)
Event: 3.334 Thread 0x00000296fd38c780 nmethod 2296 0x00000296ee2c5710 code [0x00000296ee2c5880, 0x00000296ee2c5918]
Event: 3.335 Thread 0x00000296fd391f30 2297       3       sun.security.provider.SHA::implCompress0 (506 bytes)
Event: 3.336 Thread 0x00000296fd391f30 nmethod 2297 0x00000296e6b96590 code [0x00000296e6b967a0, 0x00000296e6b971a8]
Event: 3.336 Thread 0x00000296fd391f30 2298       3       java.io.WinNTFileSystem::resolve (275 bytes)
Event: 3.339 Thread 0x00000296fd391f30 nmethod 2298 0x00000296e6b97690 code [0x00000296e6b97bc0, 0x00000296e6b9a878]

GC Heap History (12 events):
Event: 1.076 GC heap before
{Heap before GC invocations=1 (full 0):
 PSYoungGen      total 29696K, used 25600K [0x00000000eab00000, 0x00000000ecc00000, 0x0000000100000000)
  eden space 25600K, 100% used [0x00000000eab00000,0x00000000ec400000,0x00000000ec400000)
  from space 4096K, 0% used [0x00000000ec800000,0x00000000ec800000,0x00000000ecc00000)
  to   space 4096K, 0% used [0x00000000ec400000,0x00000000ec400000,0x00000000ec800000)
 ParOldGen       total 68608K, used 0K [0x00000000c0000000, 0x00000000c4300000, 0x00000000eab00000)
  object space 68608K, 0% used [0x00000000c0000000,0x00000000c0000000,0x00000000c4300000)
 Metaspace       used 11003K, committed 11200K, reserved 1114112K
  class space    used 1099K, committed 1216K, reserved 1048576K
}
Event: 1.085 GC heap after
{Heap after GC invocations=1 (full 0):
 PSYoungGen      total 29696K, used 3171K [0x00000000eab00000, 0x00000000ecc00000, 0x0000000100000000)
  eden space 25600K, 0% used [0x00000000eab00000,0x00000000eab00000,0x00000000ec400000)
  from space 4096K, 77% used [0x00000000ec400000,0x00000000ec718c28,0x00000000ec800000)
  to   space 4096K, 0% used [0x00000000ec800000,0x00000000ec800000,0x00000000ecc00000)
 ParOldGen       total 68608K, used 16K [0x00000000c0000000, 0x00000000c4300000, 0x00000000eab00000)
  object space 68608K, 0% used [0x00000000c0000000,0x00000000c0004000,0x00000000c4300000)
 Metaspace       used 11003K, committed 11200K, reserved 1114112K
  class space    used 1099K, committed 1216K, reserved 1048576K
}
Event: 1.656 GC heap before
{Heap before GC invocations=2 (full 0):
 PSYoungGen      total 29696K, used 28771K [0x00000000eab00000, 0x00000000ecc00000, 0x0000000100000000)
  eden space 25600K, 100% used [0x00000000eab00000,0x00000000ec400000,0x00000000ec400000)
  from space 4096K, 77% used [0x00000000ec400000,0x00000000ec718c28,0x00000000ec800000)
  to   space 4096K, 0% used [0x00000000ec800000,0x00000000ec800000,0x00000000ecc00000)
 ParOldGen       total 68608K, used 16K [0x00000000c0000000, 0x00000000c4300000, 0x00000000eab00000)
  object space 68608K, 0% used [0x00000000c0000000,0x00000000c0004000,0x00000000c4300000)
 Metaspace       used 15024K, committed 15296K, reserved 1114112K
  class space    used 1527K, committed 1664K, reserved 1048576K
}
Event: 1.661 GC heap after
{Heap after GC invocations=2 (full 0):
 PSYoungGen      total 29696K, used 4088K [0x00000000eab00000, 0x00000000ecc00000, 0x0000000100000000)
  eden space 25600K, 0% used [0x00000000eab00000,0x00000000eab00000,0x00000000ec400000)
  from space 4096K, 99% used [0x00000000ec800000,0x00000000ecbfe118,0x00000000ecc00000)
  to   space 4096K, 0% used [0x00000000ec400000,0x00000000ec400000,0x00000000ec800000)
 ParOldGen       total 68608K, used 706K [0x00000000c0000000, 0x00000000c4300000, 0x00000000eab00000)
  object space 68608K, 1% used [0x00000000c0000000,0x00000000c00b0b70,0x00000000c4300000)
 Metaspace       used 15024K, committed 15296K, reserved 1114112K
  class space    used 1527K, committed 1664K, reserved 1048576K
}
Event: 2.202 GC heap before
{Heap before GC invocations=3 (full 0):
 PSYoungGen      total 29696K, used 29688K [0x00000000eab00000, 0x00000000ecc00000, 0x0000000100000000)
  eden space 25600K, 100% used [0x00000000eab00000,0x00000000ec400000,0x00000000ec400000)
  from space 4096K, 99% used [0x00000000ec800000,0x00000000ecbfe118,0x00000000ecc00000)
  to   space 4096K, 0% used [0x00000000ec400000,0x00000000ec400000,0x00000000ec800000)
 ParOldGen       total 68608K, used 706K [0x00000000c0000000, 0x00000000c4300000, 0x00000000eab00000)
  object space 68608K, 1% used [0x00000000c0000000,0x00000000c00b0b70,0x00000000c4300000)
 Metaspace       used 20276K, committed 20672K, reserved 1114112K
  class space    used 2080K, committed 2240K, reserved 1048576K
}
Event: 2.207 GC heap after
{Heap after GC invocations=3 (full 0):
 PSYoungGen      total 29696K, used 4087K [0x00000000eab00000, 0x00000000ecc00000, 0x0000000100000000)
  eden space 25600K, 0% used [0x00000000eab00000,0x00000000eab00000,0x00000000ec400000)
  from space 4096K, 99% used [0x00000000ec400000,0x00000000ec7fdc10,0x00000000ec800000)
  to   space 4096K, 0% used [0x00000000ec800000,0x00000000ec800000,0x00000000ecc00000)
 ParOldGen       total 68608K, used 2457K [0x00000000c0000000, 0x00000000c4300000, 0x00000000eab00000)
  object space 68608K, 3% used [0x00000000c0000000,0x00000000c02666a8,0x00000000c4300000)
 Metaspace       used 20276K, committed 20672K, reserved 1114112K
  class space    used 2080K, committed 2240K, reserved 1048576K
}
Event: 2.295 GC heap before
{Heap before GC invocations=4 (full 0):
 PSYoungGen      total 29696K, used 9344K [0x00000000eab00000, 0x00000000ecc00000, 0x0000000100000000)
  eden space 25600K, 20% used [0x00000000eab00000,0x00000000eb0227b8,0x00000000ec400000)
  from space 4096K, 99% used [0x00000000ec400000,0x00000000ec7fdc10,0x00000000ec800000)
  to   space 4096K, 0% used [0x00000000ec800000,0x00000000ec800000,0x00000000ecc00000)
 ParOldGen       total 68608K, used 2457K [0x00000000c0000000, 0x00000000c4300000, 0x00000000eab00000)
  object space 68608K, 3% used [0x00000000c0000000,0x00000000c02666a8,0x00000000c4300000)
 Metaspace       used 21060K, committed 21504K, reserved 1114112K
  class space    used 2168K, committed 2368K, reserved 1048576K
}
Event: 2.299 GC heap after
{Heap after GC invocations=4 (full 0):
 PSYoungGen      total 29696K, used 4085K [0x00000000eab00000, 0x00000000ecc00000, 0x0000000100000000)
  eden space 25600K, 0% used [0x00000000eab00000,0x00000000eab00000,0x00000000ec400000)
  from space 4096K, 99% used [0x00000000ec800000,0x00000000ecbfd688,0x00000000ecc00000)
  to   space 4096K, 0% used [0x00000000ec400000,0x00000000ec400000,0x00000000ec800000)
 ParOldGen       total 68608K, used 3025K [0x00000000c0000000, 0x00000000c4300000, 0x00000000eab00000)
  object space 68608K, 4% used [0x00000000c0000000,0x00000000c02f46d8,0x00000000c4300000)
 Metaspace       used 21060K, committed 21504K, reserved 1114112K
  class space    used 2168K, committed 2368K, reserved 1048576K
}
Event: 2.299 GC heap before
{Heap before GC invocations=5 (full 1):
 PSYoungGen      total 29696K, used 4085K [0x00000000eab00000, 0x00000000ecc00000, 0x0000000100000000)
  eden space 25600K, 0% used [0x00000000eab00000,0x00000000eab00000,0x00000000ec400000)
  from space 4096K, 99% used [0x00000000ec800000,0x00000000ecbfd688,0x00000000ecc00000)
  to   space 4096K, 0% used [0x00000000ec400000,0x00000000ec400000,0x00000000ec800000)
 ParOldGen       total 68608K, used 3025K [0x00000000c0000000, 0x00000000c4300000, 0x00000000eab00000)
  object space 68608K, 4% used [0x00000000c0000000,0x00000000c02f46d8,0x00000000c4300000)
 Metaspace       used 21060K, committed 21504K, reserved 1114112K
  class space    used 2168K, committed 2368K, reserved 1048576K
}
Event: 2.327 GC heap after
{Heap after GC invocations=5 (full 1):
 PSYoungGen      total 29696K, used 0K [0x00000000eab00000, 0x00000000ecc00000, 0x0000000100000000)
  eden space 25600K, 0% used [0x00000000eab00000,0x00000000eab00000,0x00000000ec400000)
  from space 4096K, 0% used [0x00000000ec800000,0x00000000ec800000,0x00000000ecc00000)
  to   space 4096K, 0% used [0x00000000ec400000,0x00000000ec400000,0x00000000ec800000)
 ParOldGen       total 68608K, used 6986K [0x00000000c0000000, 0x00000000c4300000, 0x00000000eab00000)
  object space 68608K, 10% used [0x00000000c0000000,0x00000000c06d2940,0x00000000c4300000)
 Metaspace       used 21047K, committed 21504K, reserved 1114112K
  class space    used 2164K, committed 2368K, reserved 1048576K
}
Event: 2.691 GC heap before
{Heap before GC invocations=6 (full 1):
 PSYoungGen      total 29696K, used 25600K [0x00000000eab00000, 0x00000000ecc00000, 0x0000000100000000)
  eden space 25600K, 100% used [0x00000000eab00000,0x00000000ec400000,0x00000000ec400000)
  from space 4096K, 0% used [0x00000000ec800000,0x00000000ec800000,0x00000000ecc00000)
  to   space 4096K, 0% used [0x00000000ec400000,0x00000000ec400000,0x00000000ec800000)
 ParOldGen       total 68608K, used 6986K [0x00000000c0000000, 0x00000000c4300000, 0x00000000eab00000)
  object space 68608K, 10% used [0x00000000c0000000,0x00000000c06d2940,0x00000000c4300000)
 Metaspace       used 24595K, committed 25088K, reserved 1114112K
  class space    used 2416K, committed 2624K, reserved 1048576K
}
Event: 2.692 GC heap after
{Heap after GC invocations=6 (full 1):
 PSYoungGen      total 25600K, used 320K [0x00000000eab00000, 0x00000000ec880000, 0x0000000100000000)
  eden space 25088K, 0% used [0x00000000eab00000,0x00000000eab00000,0x00000000ec380000)
  from space 512K, 62% used [0x00000000ec400000,0x00000000ec450000,0x00000000ec480000)
  to   space 2048K, 0% used [0x00000000ec680000,0x00000000ec680000,0x00000000ec880000)
 ParOldGen       total 68608K, used 6986K [0x00000000c0000000, 0x00000000c4300000, 0x00000000eab00000)
  object space 68608K, 10% used [0x00000000c0000000,0x00000000c06d2940,0x00000000c4300000)
 Metaspace       used 24595K, committed 25088K, reserved 1114112K
  class space    used 2416K, committed 2624K, reserved 1048576K
}

Dll operation events (11 events):
Event: 0.078 Loaded shared library c:\Users\Tnluser\.vscode\extensions\redhat.java-1.25.1-win32-x64\jre\17.0.9-win32-x86_64\bin\java.dll
Event: 0.309 Loaded shared library c:\Users\Tnluser\.vscode\extensions\redhat.java-1.25.1-win32-x64\jre\17.0.9-win32-x86_64\bin\zip.dll
Event: 0.316 Loaded shared library C:\Users\Tnluser\.vscode\extensions\redhat.java-1.25.1-win32-x64\jre\17.0.9-win32-x86_64\bin\instrument.dll
Event: 0.343 Loaded shared library C:\Users\Tnluser\.vscode\extensions\redhat.java-1.25.1-win32-x64\jre\17.0.9-win32-x86_64\bin\net.dll
Event: 0.357 Loaded shared library C:\Users\Tnluser\.vscode\extensions\redhat.java-1.25.1-win32-x64\jre\17.0.9-win32-x86_64\bin\nio.dll
Event: 0.366 Loaded shared library C:\Users\Tnluser\.vscode\extensions\redhat.java-1.25.1-win32-x64\jre\17.0.9-win32-x86_64\bin\zip.dll
Event: 0.388 Loaded shared library C:\Users\Tnluser\.vscode\extensions\redhat.java-1.25.1-win32-x64\jre\17.0.9-win32-x86_64\bin\jimage.dll
Event: 0.481 Loaded shared library c:\Users\Tnluser\.vscode\extensions\redhat.java-1.25.1-win32-x64\jre\17.0.9-win32-x86_64\bin\verify.dll
Event: 1.505 Loaded shared library C:\Users\Tnluser\AppData\Roaming\Code\User\globalStorage\redhat.java\1.25.1\config_ss_win\org.eclipse.equinox.launcher\org.eclipse.equinox.launcher.win32.win32.x86_64_1.2.800.v20231003-1442\eclipse_11802.dll
Event: 2.078 Loaded shared library C:\Users\Tnluser\.vscode\extensions\redhat.java-1.25.1-win32-x64\jre\17.0.9-win32-x86_64\bin\management.dll
Event: 2.106 Loaded shared library C:\Users\Tnluser\.vscode\extensions\redhat.java-1.25.1-win32-x64\jre\17.0.9-win32-x86_64\bin\management_ext.dll

Deoptimization events (20 events):
Event: 2.704 Thread 0x00000296fe772d80 DEOPT PACKING pc=0x00000296ee2ad42c sp=0x000000e5f71f7e20
Event: 2.704 Thread 0x00000296fe772d80 DEOPT UNPACKING pc=0x00000296edc99ea3 sp=0x000000e5f71f7da8 mode 2
Event: 2.705 Thread 0x00000296fe772d80 Uncommon trap: trap_request=0xffffffde fr.pc=0x00000296ee2ad42c relative=0x000000000000010c
Event: 2.705 Thread 0x00000296fe772d80 Uncommon trap: reason=class_check action=maybe_recompile pc=0x00000296ee2ad42c method=jdk.internal.misc.Unsafe.allocateUninitializedArray(Ljava/lang/Class;I)Ljava/lang/Object; @ 51 c2
Event: 2.705 Thread 0x00000296fe772d80 DEOPT PACKING pc=0x00000296ee2ad42c sp=0x000000e5f71f4740
Event: 2.705 Thread 0x00000296fe772d80 DEOPT UNPACKING pc=0x00000296edc99ea3 sp=0x000000e5f71f46c8 mode 2
Event: 2.803 Thread 0x00000296fe772d80 DEOPT PACKING pc=0x00000296e67f681e sp=0x000000e5f71f7b30
Event: 2.803 Thread 0x00000296fe772d80 DEOPT UNPACKING pc=0x00000296edc9a9e3 sp=0x000000e5f71f7028 mode 0
Event: 2.804 Thread 0x00000296fe772d80 Uncommon trap: trap_request=0xffffff45 fr.pc=0x00000296ee29945c relative=0x0000000000000fbc
Event: 2.804 Thread 0x00000296fe772d80 Uncommon trap: reason=unstable_if action=reinterpret pc=0x00000296ee29945c method=java.util.Properties.loadConvert([CIILjava/lang/StringBuilder;)Ljava/lang/String; @ 491 c2
Event: 2.804 Thread 0x00000296fe772d80 DEOPT PACKING pc=0x00000296ee29945c sp=0x000000e5f71f7b60
Event: 2.804 Thread 0x00000296fe772d80 DEOPT UNPACKING pc=0x00000296edc99ea3 sp=0x000000e5f71f7b40 mode 2
Event: 2.804 Thread 0x00000296fe772d80 DEOPT PACKING pc=0x00000296e67f681e sp=0x000000e5f71f7b30
Event: 2.804 Thread 0x00000296fe772d80 DEOPT UNPACKING pc=0x00000296edc9a9e3 sp=0x000000e5f71f7028 mode 0
Event: 2.806 Thread 0x00000296fe772d80 DEOPT PACKING pc=0x00000296e67f681e sp=0x000000e5f71f7b30
Event: 2.806 Thread 0x00000296fe772d80 DEOPT UNPACKING pc=0x00000296edc9a9e3 sp=0x000000e5f71f7028 mode 0
Event: 2.846 Thread 0x00000296fe772d80 Uncommon trap: trap_request=0xffffff45 fr.pc=0x00000296ee223074 relative=0x0000000000000074
Event: 2.846 Thread 0x00000296fe772d80 Uncommon trap: reason=unstable_if action=reinterpret pc=0x00000296ee223074 method=jdk.internal.misc.Unsafe.convEndian(ZJ)J @ 4 c2
Event: 2.846 Thread 0x00000296fe772d80 DEOPT PACKING pc=0x00000296ee223074 sp=0x000000e5f71fc600
Event: 2.846 Thread 0x00000296fe772d80 DEOPT UNPACKING pc=0x00000296edc99ea3 sp=0x000000e5f71fc528 mode 2

Classes unloaded (7 events):
Event: 2.306 Thread 0x00000296e233ec60 Unloading class 0x000000010021a000 'java/lang/invoke/LambdaForm$MH+0x000000010021a000'
Event: 2.306 Thread 0x00000296e233ec60 Unloading class 0x0000000100219c00 'java/lang/invoke/LambdaForm$MH+0x0000000100219c00'
Event: 2.306 Thread 0x00000296e233ec60 Unloading class 0x0000000100219800 'java/lang/invoke/LambdaForm$MH+0x0000000100219800'
Event: 2.306 Thread 0x00000296e233ec60 Unloading class 0x0000000100219400 'java/lang/invoke/LambdaForm$MH+0x0000000100219400'
Event: 2.306 Thread 0x00000296e233ec60 Unloading class 0x0000000100219000 'java/lang/invoke/LambdaForm$BMH+0x0000000100219000'
Event: 2.306 Thread 0x00000296e233ec60 Unloading class 0x0000000100218c00 'java/lang/invoke/LambdaForm$DMH+0x0000000100218c00'
Event: 2.306 Thread 0x00000296e233ec60 Unloading class 0x0000000100216000 'java/lang/invoke/LambdaForm$DMH+0x0000000100216000'

Classes redefined (0 events):
No events

Internal exceptions (20 events):
Event: 2.252 Thread 0x00000296fe772d80 Exception <a 'java/lang/NoSuchMethodError'{0x00000000ead19cb0}: 'java.lang.Object java.lang.invoke.DirectMethodHandle$Holder.newInvokeSpecial(java.lang.Object, java.lang.Object, java.lang.Object, int, java.lang.Object)'> (0x00000000ead19cb0) 
thrown [s\src\hotspot\share\interpreter\linkResolver.cpp, line 759]
Event: 2.253 Thread 0x00000296fe772d80 Exception <a 'java/lang/NoSuchMethodError'{0x00000000ead1e108}: 'java.lang.Object java.lang.invoke.DirectMethodHandle$Holder.invokeSpecial(java.lang.Object, java.lang.Object, java.lang.Object, java.lang.Object, int, java.lang.Object)'> (0x00000000ead1e108) 
thrown [s\src\hotspot\share\interpreter\linkResolver.cpp, line 759]
Event: 2.253 Thread 0x00000296feeba530 Exception <a 'java/lang/NoSuchMethodError'{0x00000000eac3f7f8}: 'java.lang.Object java.lang.invoke.DirectMethodHandle$Holder.invokeSpecial(java.lang.Object, java.lang.Object, int, java.lang.Object, java.lang.Object)'> (0x00000000eac3f7f8) 
thrown [s\src\hotspot\share\interpreter\linkResolver.cpp, line 759]
Event: 2.255 Thread 0x00000296feeba530 Exception <a 'java/lang/NoSuchMethodError'{0x00000000eac46ec8}: 'java.lang.Object java.lang.invoke.DirectMethodHandle$Holder.newInvokeSpecial(java.lang.Object, java.lang.Object, int, java.lang.Object)'> (0x00000000eac46ec8) 
thrown [s\src\hotspot\share\interpreter\linkResolver.cpp, line 759]
Event: 2.255 Thread 0x00000296feeba530 Exception <a 'java/lang/NoSuchMethodError'{0x00000000eac4a9d8}: 'java.lang.Object java.lang.invoke.DirectMethodHandle$Holder.invokeSpecial(java.lang.Object, java.lang.Object, java.lang.Object, int, java.lang.Object)'> (0x00000000eac4a9d8) 
thrown [s\src\hotspot\share\interpreter\linkResolver.cpp, line 759]
Event: 2.493 Thread 0x00000296fe772d80 Exception <a 'java/io/FileNotFoundException'{0x00000000eb910660}> (0x00000000eb910660) 
thrown [s\src\hotspot\share\prims\jni.cpp, line 516]
Event: 2.494 Thread 0x00000296fe772d80 Exception <a 'java/io/FileNotFoundException'{0x00000000eb911488}> (0x00000000eb911488) 
thrown [s\src\hotspot\share\prims\jni.cpp, line 516]
Event: 2.494 Thread 0x00000296fe772d80 Exception <a 'java/io/FileNotFoundException'{0x00000000eb9122b8}> (0x00000000eb9122b8) 
thrown [s\src\hotspot\share\prims\jni.cpp, line 516]
Event: 2.660 Thread 0x00000296fe772d80 Exception <a 'java/lang/NoSuchMethodError'{0x00000000ec1edcc0}: 'int java.lang.invoke.DirectMethodHandle$Holder.invokeStaticInit(java.lang.Object, java.lang.Object, java.lang.Object)'> (0x00000000ec1edcc0) 
thrown [s\src\hotspot\share\interpreter\linkResolver.cpp, line 759]
Event: 2.771 Thread 0x00000296fe772d80 Exception <a 'java/io/FileNotFoundException'{0x00000000eb3c58f8}> (0x00000000eb3c58f8) 
thrown [s\src\hotspot\share\prims\jni.cpp, line 516]
Event: 2.794 Thread 0x00000296fe772d80 Exception <a 'java/io/FileNotFoundException'{0x00000000ebdb9d78}> (0x00000000ebdb9d78) 
thrown [s\src\hotspot\share\prims\jni.cpp, line 516]
Event: 2.808 Thread 0x00000296fe772d80 Exception <a 'java/lang/NoSuchMethodError'{0x00000000ebe62cf8}: 'void java.lang.invoke.DirectMethodHandle$Holder.invokeVirtual(java.lang.Object, java.lang.Object)'> (0x00000000ebe62cf8) 
thrown [s\src\hotspot\share\interpreter\linkResolver.cpp, line 759]
Event: 2.826 Thread 0x00000296fe772d80 Exception <a 'java/io/FileNotFoundException'{0x00000000ebfe1bb0}> (0x00000000ebfe1bb0) 
thrown [s\src\hotspot\share\prims\jni.cpp, line 516]
Event: 2.836 Thread 0x00000296fe772d80 Exception <a 'sun/nio/fs/WindowsException'{0x00000000ec0490e0}> (0x00000000ec0490e0) 
thrown [s\src\hotspot\share\prims\jni.cpp, line 516]
Event: 2.836 Thread 0x00000296fe772d80 Exception <a 'sun/nio/fs/WindowsException'{0x00000000ec053130}> (0x00000000ec053130) 
thrown [s\src\hotspot\share\prims\jni.cpp, line 516]
Event: 2.836 Thread 0x00000296fe772d80 Exception <a 'sun/nio/fs/WindowsException'{0x00000000ec05a220}> (0x00000000ec05a220) 
thrown [s\src\hotspot\share\prims\jni.cpp, line 516]
Event: 2.836 Thread 0x00000296fe772d80 Exception <a 'sun/nio/fs/WindowsException'{0x00000000ec05af70}> (0x00000000ec05af70) 
thrown [s\src\hotspot\share\prims\jni.cpp, line 516]
Event: 2.867 Thread 0x00000296fe772d80 Exception <a 'sun/nio/fs/WindowsException'{0x00000000ec20bf98}> (0x00000000ec20bf98) 
thrown [s\src\hotspot\share\prims\jni.cpp, line 516]
Event: 2.867 Thread 0x00000296fe772d80 Exception <a 'sun/nio/fs/WindowsException'{0x00000000ec20c568}> (0x00000000ec20c568) 
thrown [s\src\hotspot\share\prims\jni.cpp, line 516]
Event: 3.325 Thread 0x00000296fe772d80 Exception <a 'java/lang/NoSuchMethodError'{0x00000000ec2db000}: 'java.lang.Object java.lang.invoke.DirectMethodHandle$Holder.invokeStaticInit(java.lang.Object, int, int, int, int)'> (0x00000000ec2db000) 
thrown [s\src\hotspot\share\interpreter\linkResolver.cpp, line 759]

VM Operations (20 events):
Event: 1.598 Executing VM operation: HandshakeAllThreads
Event: 1.598 Executing VM operation: HandshakeAllThreads done
Event: 1.656 Executing VM operation: ParallelGCFailedAllocation
Event: 1.661 Executing VM operation: ParallelGCFailedAllocation done
Event: 1.910 Executing VM operation: HandshakeAllThreads
Event: 1.910 Executing VM operation: HandshakeAllThreads done
Event: 2.022 Executing VM operation: HandshakeAllThreads
Event: 2.022 Executing VM operation: HandshakeAllThreads done
Event: 2.201 Executing VM operation: ParallelGCFailedAllocation
Event: 2.207 Executing VM operation: ParallelGCFailedAllocation done
Event: 2.269 Executing VM operation: HandshakeAllThreads
Event: 2.269 Executing VM operation: HandshakeAllThreads done
Event: 2.295 Executing VM operation: CollectForMetadataAllocation
Event: 2.327 Executing VM operation: CollectForMetadataAllocation done
Event: 2.691 Executing VM operation: ParallelGCFailedAllocation
Event: 2.692 Executing VM operation: ParallelGCFailedAllocation done
Event: 2.829 Executing VM operation: HandshakeAllThreads
Event: 2.829 Executing VM operation: HandshakeAllThreads done
Event: 2.846 Executing VM operation: HandshakeAllThreads
Event: 2.846 Executing VM operation: HandshakeAllThreads done

Events (20 events):
Event: 3.338 loading class java/net/InetAddress
Event: 3.338 loading class java/net/InetAddress done
Event: 3.339 loading class java/net/InetAddress$1
Event: 3.339 loading class jdk/internal/access/JavaNetInetAddressAccess
Event: 3.339 loading class jdk/internal/access/JavaNetInetAddressAccess done
Event: 3.339 loading class java/net/InetAddress$1 done
Event: 3.339 loading class java/net/InetAddress$InetAddressHolder
Event: 3.339 loading class java/net/InetAddress$InetAddressHolder done
Event: 3.340 loading class java/util/concurrent/ConcurrentSkipListSet
Event: 3.341 loading class java/util/concurrent/ConcurrentSkipListSet done
Event: 3.341 loading class java/net/InetAddressImplFactory
Event: 3.342 loading class java/net/InetAddressImplFactory done
Event: 3.342 loading class java/net/Inet6AddressImpl
Event: 3.342 loading class java/net/InetAddressImpl
Event: 3.343 loading class java/net/InetAddressImpl done
Event: 3.343 loading class java/net/Inet6AddressImpl done
Event: 3.343 loading class java/net/InetAddress$PlatformNameService
Event: 3.344 loading class java/net/InetAddress$NameService
Event: 3.344 loading class java/net/InetAddress$NameService done
Event: 3.344 loading class java/net/InetAddress$PlatformNameService done


Dynamic libraries:
0x00007ff63cb40000 - 0x00007ff63cb4e000 	c:\Users\Tnluser\.vscode\extensions\redhat.java-1.25.1-win32-x64\jre\17.0.9-win32-x86_64\bin\java.exe
0x00007ff8ae850000 - 0x00007ff8aea48000 	C:\Windows\SYSTEM32\ntdll.dll
0x00007ff8acc00000 - 0x00007ff8accbd000 	C:\Windows\System32\KERNEL32.DLL
0x00007ff8ac090000 - 0x00007ff8ac386000 	C:\Windows\System32\KERNELBASE.dll
0x00007ff8ac700000 - 0x00007ff8ac800000 	C:\Windows\System32\ucrtbase.dll
0x00007ff897270000 - 0x00007ff89728b000 	c:\Users\Tnluser\.vscode\extensions\redhat.java-1.25.1-win32-x64\jre\17.0.9-win32-x86_64\bin\VCRUNTIME140.dll
0x00007ff897230000 - 0x00007ff897247000 	c:\Users\Tnluser\.vscode\extensions\redhat.java-1.25.1-win32-x64\jre\17.0.9-win32-x86_64\bin\jli.dll
0x00007ff8accc0000 - 0x00007ff8ace5e000 	C:\Windows\System32\USER32.dll
0x00007ff8ac880000 - 0x00007ff8ac8a2000 	C:\Windows\System32\win32u.dll
0x00007ff8ad010000 - 0x00007ff8ad03c000 	C:\Windows\System32\GDI32.dll
0x00007ff89d080000 - 0x00007ff89d31a000 	C:\Windows\WinSxS\amd64_microsoft.windows.common-controls_6595b64144ccf1df_6.0.19041.3636_none_60b6a03d71f818d5\COMCTL32.dll
0x00007ff8ac5e0000 - 0x00007ff8ac6fa000 	C:\Windows\System32\gdi32full.dll
0x00007ff8addf0000 - 0x00007ff8ade8e000 	C:\Windows\System32\msvcrt.dll
0x00007ff8ac540000 - 0x00007ff8ac5dd000 	C:\Windows\System32\msvcp_win.dll
0x00007ff8acad0000 - 0x00007ff8acb00000 	C:\Windows\System32\IMM32.DLL
0x00007ff8a76a0000 - 0x00007ff8a76ac000 	c:\Users\Tnluser\.vscode\extensions\redhat.java-1.25.1-win32-x64\jre\17.0.9-win32-x86_64\bin\vcruntime140_1.dll
0x00007ff87a4d0000 - 0x00007ff87a55d000 	c:\Users\Tnluser\.vscode\extensions\redhat.java-1.25.1-win32-x64\jre\17.0.9-win32-x86_64\bin\msvcp140.dll
0x00007ff853f00000 - 0x00007ff854b61000 	c:\Users\Tnluser\.vscode\extensions\redhat.java-1.25.1-win32-x64\jre\17.0.9-win32-x86_64\bin\server\jvm.dll
0x00007ff8ad790000 - 0x00007ff8ad83f000 	C:\Windows\System32\ADVAPI32.dll
0x00007ff8acb60000 - 0x00007ff8acbfc000 	C:\Windows\System32\sechost.dll
0x00007ff8adcc0000 - 0x00007ff8adde6000 	C:\Windows\System32\RPCRT4.dll
0x00007ff8abc70000 - 0x00007ff8abcbb000 	C:\Windows\SYSTEM32\POWRPROF.dll
0x00007ff8a5650000 - 0x00007ff8a565a000 	C:\Windows\SYSTEM32\VERSION.dll
0x00007ff894e10000 - 0x00007ff894e37000 	C:\Windows\SYSTEM32\WINMM.dll
0x00007ff897420000 - 0x00007ff897429000 	C:\Windows\SYSTEM32\WSOCK32.dll
0x00007ff8adea0000 - 0x00007ff8adf0b000 	C:\Windows\System32\WS2_32.dll
0x00007ff8abc50000 - 0x00007ff8abc62000 	C:\Windows\SYSTEM32\UMPDC.dll
0x00007ff8aa770000 - 0x00007ff8aa782000 	C:\Windows\SYSTEM32\kernel.appcore.dll
0x00007ff8a64d0000 - 0x00007ff8a64da000 	c:\Users\Tnluser\.vscode\extensions\redhat.java-1.25.1-win32-x64\jre\17.0.9-win32-x86_64\bin\jimage.dll
0x00007ff8a9700000 - 0x00007ff8a98e4000 	C:\Windows\SYSTEM32\DBGHELP.DLL
0x00007ff895b40000 - 0x00007ff895b74000 	C:\Windows\SYSTEM32\dbgcore.DLL
0x00007ff8ac4b0000 - 0x00007ff8ac532000 	C:\Windows\System32\bcryptPrimitives.dll
0x00007ff8a5e80000 - 0x00007ff8a5e8e000 	c:\Users\Tnluser\.vscode\extensions\redhat.java-1.25.1-win32-x64\jre\17.0.9-win32-x86_64\bin\instrument.dll
0x00007ff88a860000 - 0x00007ff88a885000 	c:\Users\Tnluser\.vscode\extensions\redhat.java-1.25.1-win32-x64\jre\17.0.9-win32-x86_64\bin\java.dll
0x00007ff896990000 - 0x00007ff8969a8000 	c:\Users\Tnluser\.vscode\extensions\redhat.java-1.25.1-win32-x64\jre\17.0.9-win32-x86_64\bin\zip.dll
0x00007ff8ad040000 - 0x00007ff8ad785000 	C:\Windows\System32\SHELL32.dll
0x00007ff8a9fd0000 - 0x00007ff8aa76b000 	C:\Windows\SYSTEM32\windows.storage.dll
0x00007ff8ad960000 - 0x00007ff8adcb4000 	C:\Windows\System32\combase.dll
0x00007ff8ab900000 - 0x00007ff8ab92d000 	C:\Windows\SYSTEM32\Wldp.dll
0x00007ff8ac990000 - 0x00007ff8aca3d000 	C:\Windows\System32\SHCORE.dll
0x00007ff8acb00000 - 0x00007ff8acb55000 	C:\Windows\System32\shlwapi.dll
0x00007ff8abe60000 - 0x00007ff8abe85000 	C:\Windows\SYSTEM32\profapi.dll
0x00007ff896830000 - 0x00007ff896849000 	C:\Users\Tnluser\.vscode\extensions\redhat.java-1.25.1-win32-x64\jre\17.0.9-win32-x86_64\bin\net.dll
0x00007ff8a7140000 - 0x00007ff8a724a000 	C:\Windows\SYSTEM32\WINHTTP.dll
0x00007ff8ab600000 - 0x00007ff8ab66a000 	C:\Windows\system32\mswsock.dll
0x00007ff896470000 - 0x00007ff896486000 	C:\Users\Tnluser\.vscode\extensions\redhat.java-1.25.1-win32-x64\jre\17.0.9-win32-x86_64\bin\nio.dll
0x00007ff8a5c50000 - 0x00007ff8a5c60000 	c:\Users\Tnluser\.vscode\extensions\redhat.java-1.25.1-win32-x64\jre\17.0.9-win32-x86_64\bin\verify.dll
0x00007ff887840000 - 0x00007ff88787e000 	C:\Users\Tnluser\AppData\Roaming\Code\User\globalStorage\redhat.java\1.25.1\config_ss_win\org.eclipse.equinox.launcher\org.eclipse.equinox.launcher.win32.win32.x86_64_1.2.800.v20231003-1442\eclipse_11802.dll
0x00007ff8adf10000 - 0x00007ff8ae03b000 	C:\Windows\System32\ole32.dll
0x00007ff8a4e50000 - 0x00007ff8a4e59000 	C:\Users\Tnluser\.vscode\extensions\redhat.java-1.25.1-win32-x64\jre\17.0.9-win32-x86_64\bin\management.dll
0x00007ff8a0790000 - 0x00007ff8a079b000 	C:\Users\Tnluser\.vscode\extensions\redhat.java-1.25.1-win32-x64\jre\17.0.9-win32-x86_64\bin\management_ext.dll
0x00007ff8ae040000 - 0x00007ff8ae048000 	C:\Windows\System32\PSAPI.DLL
0x00007ff8ab850000 - 0x00007ff8ab868000 	C:\Windows\SYSTEM32\CRYPTSP.dll
0x00007ff8aaf30000 - 0x00007ff8aaf64000 	C:\Windows\system32\rsaenh.dll
0x00007ff8ac800000 - 0x00007ff8ac827000 	C:\Windows\System32\bcrypt.dll
0x00007ff8abde0000 - 0x00007ff8abe0e000 	C:\Windows\SYSTEM32\USERENV.dll
0x00007ff8ab870000 - 0x00007ff8ab87c000 	C:\Windows\SYSTEM32\CRYPTBASE.dll

dbghelp: loaded successfully - version: 4.0.5 - missing functions: none
symbol engine: initialized successfully - sym options: 0x614 - pdb path: .;c:\Users\Tnluser\.vscode\extensions\redhat.java-1.25.1-win32-x64\jre\17.0.9-win32-x86_64\bin;C:\Windows\SYSTEM32;C:\Windows\WinSxS\amd64_microsoft.windows.common-controls_6595b64144ccf1df_6.0.19041.3636_none_60b6a03d71f818d5;c:\Users\Tnluser\.vscode\extensions\redhat.java-1.25.1-win32-x64\jre\17.0.9-win32-x86_64\bin\server;C:\Users\Tnluser\AppData\Roaming\Code\User\globalStorage\redhat.java\1.25.1\config_ss_win\org.eclipse.equinox.launcher\org.eclipse.equinox.launcher.win32.win32.x86_64_1.2.800.v20231003-1442

VM Arguments:
jvm_args: --add-modules=ALL-SYSTEM --add-opens=java.base/java.util=ALL-UNNAMED --add-opens=java.base/java.lang=ALL-UNNAMED --add-opens=java.base/sun.nio.fs=ALL-UNNAMED -Declipse.application=org.eclipse.jdt.ls.core.id1 -Dosgi.bundles.defaultStartLevel=4 -Declipse.product=org.eclipse.jdt.ls.core.product -Djava.import.generatesMetadataFilesAtProjectRoot=false -DDetectVMInstallationsJob.disabled=true -Dfile.encoding=utf8 -XX:+UseParallelGC -XX:GCTimeRatio=4 -XX:AdaptiveSizePolicyWeight=90 -Dsun.zip.disableMemoryMapping=true -Xmx1G -Xms100m -Xlog:disable -javaagent:c:\Users\Tnluser\.vscode\extensions\redhat.java-1.25.1-win32-x64\lombok\lombok-1.18.30.jar 
java_command: c:\Users\Tnluser\.vscode\extensions\redhat.java-1.25.1-win32-x64\server\plugins\org.eclipse.equinox.launcher_1.6.600.v20231106-1826.jar -configuration c:\Users\Tnluser\AppData\Roaming\Code\User\globalStorage\redhat.java\1.25.1\config_ss_win -data c:\Users\Tnluser\AppData\Roaming\Code\User\workspaceStorage\303bb193fab74beac2c2dc2dfe4b6838\redhat.java\ss_ws --stdio
java_class_path (initial): c:\Users\Tnluser\.vscode\extensions\redhat.java-1.25.1-win32-x64\server\plugins\org.eclipse.equinox.launcher_1.6.600.v20231106-1826.jar
Launcher Type: SUN_STANDARD

[Global flags]
    uintx AdaptiveSizePolicyWeight                 = 90                                        {product} {command line}
     intx CICompilerCount                          = 4                                         {product} {ergonomic}
    uintx GCTimeRatio                              = 4                                         {product} {command line}
   size_t InitialHeapSize                          = 104857600                                 {product} {command line}
   size_t MaxHeapSize                              = 1073741824                                {product} {command line}
   size_t MaxNewSize                               = 357564416                                 {product} {ergonomic}
   size_t MinHeapDeltaBytes                        = 524288                                    {product} {ergonomic}
   size_t MinHeapSize                              = 104857600                                 {product} {command line}
   size_t NewSize                                  = 34603008                                  {product} {ergonomic}
    uintx NonNMethodCodeHeapSize                   = 5839372                                {pd product} {ergonomic}
    uintx NonProfiledCodeHeapSize                  = 122909434                              {pd product} {ergonomic}
   size_t OldSize                                  = 70254592                                  {product} {ergonomic}
    uintx ProfiledCodeHeapSize                     = 122909434                              {pd product} {ergonomic}
    uintx ReservedCodeCacheSize                    = 251658240                              {pd product} {ergonomic}
     bool SegmentedCodeCache                       = true                                      {product} {ergonomic}
   size_t SoftMaxHeapSize                          = 1073741824                             {manageable} {ergonomic}
     bool UseCompressedClassPointers               = true                           {product lp64_product} {ergonomic}
     bool UseCompressedOops                        = true                           {product lp64_product} {ergonomic}
     bool UseLargePagesIndividualAllocation        = false                                  {pd product} {ergonomic}
     bool UseParallelGC                            = true                                      {product} {command line}

Logging:
Log output configuration:
 #0: stdout all=off uptime,level,tags
 #1: stderr all=off uptime,level,tags

Environment Variables:
JAVA_HOME=C:\Program Files\Amazon Corretto\jdk17.0.8_8
PATH=C:\Program Files\Common Files\Oracle\Java\javapath;C:\Program Files\Amazon Corretto\jdk17.0.8_8\bin;C:\Program Files (x86)\Common Files\Oracle\Java\javapath;C:\Windows\system32;C:\Windows;C:\Windows\System32\Wbem;C:\Windows\System32\WindowsPowerShell\v1.0\;C:\Windows\System32\OpenSSH\;C:\Program Files\MySQL\MySQL Server 8.0\bin;C:\Program Files\Java\jdk-17\bin;C:\Program Files\Java\jdk-17\bin;C:\Program Files\nodejs\;C:\Users\Tnluser\AppData\Local\Microsoft\WindowsApps;C:\Users\Tnluser\AppData\Local\Programs\Microsoft VS Code\bin;C:\Users\Tnluser\AppData\Local\Programs\Git\cmd;C:\Users\Tnluser\AppData\Roaming\npm
USERNAME=Tnluser
OS=Windows_NT
PROCESSOR_IDENTIFIER=Intel64 Family 6 Model 140 Stepping 1, GenuineIntel
TMP=C:\Users\Tnluser\AppData\Local\Temp
TEMP=C:\Users\Tnluser\AppData\Local\Temp



Periodic native trim disabled


---------------  S Y S T E M  ---------------

OS:
 Windows 10 , 64 bit Build 19041 (10.0.19041.3636)
OS uptime: 18 days 12:12 hours

CPU: total 8 (initial active 8) (4 cores per cpu, 2 threads per core) family 6 model 140 stepping 1 microcode 0x9a, cx8, cmov, fxsr, ht, mmx, 3dnowpref, sse, sse2, sse3, ssse3, sse4.1, sse4.2, popcnt, lzcnt, tsc, tscinvbit, avx, avx2, aes, erms, clmul, bmi1, bmi2, adx, avx512f, avx512dq, avx512cd, avx512bw, avx512vl, sha, fma, vzeroupper, avx512_vpopcntdq, avx512_vpclmulqdq, avx512_vaes, avx512_vnni, clflush, clflushopt, clwb, avx512_vbmi2, avx512_vbmi
Processor Information for processor 0
  Max Mhz: 2419, Current Mhz: 2419, Mhz Limit: 2419
Processor Information for processor 1
  Max Mhz: 2419, Current Mhz: 2419, Mhz Limit: 2419
Processor Information for processor 2
  Max Mhz: 2419, Current Mhz: 2419, Mhz Limit: 2419
Processor Information for processor 3
  Max Mhz: 2419, Current Mhz: 2419, Mhz Limit: 2419
Processor Information for processor 4
  Max Mhz: 2419, Current Mhz: 1511, Mhz Limit: 2419
Processor Information for processor 5
  Max Mhz: 2419, Current Mhz: 2419, Mhz Limit: 2419
Processor Information for processor 6
  Max Mhz: 2419, Current Mhz: 2419, Mhz Limit: 2419
Processor Information for processor 7
  Max Mhz: 2419, Current Mhz: 2419, Mhz Limit: 2419

Memory: 4k page, system-wide physical 7991M (105M free)
TotalPageFile size 32567M (AvailPageFile size 16M)
current process WorkingSet (physical memory assigned to process): 124M, peak: 124M
current process commit charge ("private bytes"): 226M, peak: 226M

vm_info: OpenJDK 64-Bit Server VM (17.0.9+9) for windows-amd64 JRE (17.0.9+9), built on Oct 26 2023 14:01:42 by "admin" with MS VC++ 16.10 / 16.11 (VS2019)

END.
