#
# There is insufficient memory for the Java Runtime Environment to continue.
# Native memory allocation (mmap) failed to map 65536 bytes for Failed to commit metaspace.
# Possible reasons:
#   The system is out of physical RAM or swap space
#   The process is running with CompressedOops enabled, and the Java Heap may be blocking the growth of the native heap
# Possible solutions:
#   Reduce memory load on the system
#   Increase physical memory or swap space
#   Check if swap backing store is full
#   Decrease Java heap size (-Xmx/-Xms)
#   Decrease number of Java threads
#   Decrease Java thread stack sizes (-Xss)
#   Set larger code cache with -XX:ReservedCodeCacheSize=
#   JVM is running with Unscaled Compressed Oops mode in which the Java heap is
#     placed in the first 4GB address space. The Java Heap base address is the
#     maximum limit for the native heap growth. Please use -XX:HeapBaseMinAddress
#     to set the Java Heap base and to place the Java Heap above 4GB virtual address.
# This output file may be truncated or incomplete.
#
#  Out of Memory Error (virtualSpaceNode.cpp:110), pid=126940, tid=122360
#
# JRE version: OpenJDK Runtime Environment Temurin-17.0.9+9 (17.0.9+9) (build 17.0.9+9)
# Java VM: OpenJDK 64-Bit Server VM Temurin-17.0.9+9 (17.0.9+9, mixed mode, tiered, compressed oops, compressed class ptrs, parallel gc, windows-amd64)
# No core dump will be written. Minidumps are not enabled by default on client versions of Windows
#

---------------  S U M M A R Y ------------

Command Line: --add-modules=ALL-SYSTEM --add-opens=java.base/java.util=ALL-UNNAMED --add-opens=java.base/java.lang=ALL-UNNAMED --add-opens=java.base/sun.nio.fs=ALL-UNNAMED -Declipse.application=org.eclipse.jdt.ls.core.id1 -Dosgi.bundles.defaultStartLevel=4 -Declipse.product=org.eclipse.jdt.ls.core.product -Djava.import.generatesMetadataFilesAtProjectRoot=false -DDetectVMInstallationsJob.disabled=true -Dfile.encoding=utf8 -XX:+UseParallelGC -XX:GCTimeRatio=4 -XX:AdaptiveSizePolicyWeight=90 -Dsun.zip.disableMemoryMapping=true -Xmx1G -Xms100m -Xlog:disable -javaagent:c:\Users\Tnluser\.vscode\extensions\redhat.java-1.25.1-win32-x64\lombok\lombok-1.18.30.jar c:\Users\Tnluser\.vscode\extensions\redhat.java-1.25.1-win32-x64\server\plugins\org.eclipse.equinox.launcher_1.6.600.v20231106-1826.jar -configuration c:\Users\Tnluser\AppData\Roaming\Code\User\globalStorage\redhat.java\1.25.1\config_ss_win -data c:\Users\Tnluser\AppData\Roaming\Code\User\workspaceStorage\303bb193fab74beac2c2dc2dfe4b6838\redhat.java\ss_ws --stdio

Host: 11th Gen Intel(R) Core(TM) i5-1135G7 @ 2.40GHz, 8 cores, 7G,  Windows 10 , 64 bit Build 19041 (10.0.19041.3636)
Time: Sun Jan  7 21:50:59 2024 India Standard Time elapsed time: 3.711464 seconds (0d 0h 0m 3s)

---------------  T H R E A D  ---------------

Current thread (0x0000022b550ca570):  JavaThread "Start Level: Equinox Container: 6ee9698d-fa7b-4ef2-a12b-531b4d37d815" daemon [_thread_in_vm, id=122360, stack(0x000000e317600000,0x000000e317700000)]

Stack: [0x000000e317600000,0x000000e317700000]
Native frames: (J=compiled Java code, j=interpreted, Vv=VM code, C=native code)
V  [jvm.dll+0x67cf49]
V  [jvm.dll+0x83478a]
V  [jvm.dll+0x83624e]
V  [jvm.dll+0x8368b3]
V  [jvm.dll+0x247f1f]
V  [jvm.dll+0x83044b]
V  [jvm.dll+0x621776]
V  [jvm.dll+0x6217da]
V  [jvm.dll+0x62400a]
V  [jvm.dll+0x622116]
V  [jvm.dll+0x23c46f]
V  [jvm.dll+0x62bfc5]
V  [jvm.dll+0x1ebfdb]
V  [jvm.dll+0x1ec515]
V  [jvm.dll+0x1ecfd0]
V  [jvm.dll+0x1e23d1]
V  [jvm.dll+0x54305e]
V  [jvm.dll+0x1f2e27]
V  [jvm.dll+0x7adb8b]
V  [jvm.dll+0x7aef5c]
V  [jvm.dll+0x7af2a8]
V  [jvm.dll+0x2401ee]
V  [jvm.dll+0x382e4e]
C  0x0000022b44b7ae1b

The last pc belongs to new (printed below).
Java frames: (J=compiled Java code, j=interpreted, Vv=VM code)
j  java.util.Calendar$Builder.build()Ljava/util/Calendar;+236 java.base@17.0.9
j  sun.util.locale.provider.CalendarProviderImpl.getInstance(Ljava/util/TimeZone;Ljava/util/Locale;)Ljava/util/Calendar;+21 java.base@17.0.9
j  java.util.Calendar.createCalendar(Ljava/util/TimeZone;Ljava/util/Locale;)Ljava/util/Calendar;+18 java.base@17.0.9
j  java.util.Calendar.getInstance()Ljava/util/Calendar;+12 java.base@17.0.9
j  org.eclipse.osgi.internal.log.EquinoxLogWriter.getDate(Ljava/util/Date;)Ljava/lang/String;+0
j  org.eclipse.osgi.internal.log.EquinoxLogWriter.getSessionTimestamp()Ljava/lang/String;+26
j  org.eclipse.osgi.internal.log.EquinoxLogWriter.writeSession()V+11
j  org.eclipse.osgi.internal.log.EquinoxLogWriter.log(Lorg/eclipse/osgi/framework/log/FrameworkLogEntry;)V+34
j  org.eclipse.osgi.internal.log.EquinoxLogWriter.logged(Lorg/osgi/service/log/LogEntry;)V+32
j  org.eclipse.osgi.internal.log.ExtendedLogReaderServiceFactory.safeLogged(Lorg/osgi/service/log/LogListener;Lorg/osgi/service/log/LogEntry;)V+2
j  org.eclipse.osgi.internal.log.ExtendedLogReaderServiceFactory.logPrivileged(Lorg/osgi/framework/Bundle;Ljava/lang/String;Ljava/lang/StackTraceElement;Ljava/lang/Object;Lorg/osgi/service/log/LogLevel;ILjava/lang/String;Lorg/osgi/framework/ServiceReference;Ljava/lang/Throwable;)V+185
j  org.eclipse.osgi.internal.log.ExtendedLogReaderServiceFactory.log(Lorg/osgi/framework/Bundle;Ljava/lang/String;Ljava/lang/StackTraceElement;Ljava/lang/Object;Lorg/osgi/service/log/LogLevel;ILjava/lang/String;Lorg/osgi/framework/ServiceReference;Ljava/lang/Throwable;)V+52
j  org.eclipse.osgi.internal.log.ExtendedLogServiceFactory.log(Lorg/osgi/framework/Bundle;Ljava/lang/String;Ljava/lang/StackTraceElement;Ljava/lang/Object;Lorg/osgi/service/log/LogLevel;ILjava/lang/String;Lorg/osgi/framework/ServiceReference;Ljava/lang/Throwable;)V+19
j  org.eclipse.osgi.internal.log.LoggerImpl.log(Lorg/osgi/framework/Bundle;Ljava/lang/Object;Lorg/osgi/service/log/LogLevel;ILjava/lang/String;Lorg/osgi/framework/ServiceReference;Ljava/lang/Throwable;)V+48
j  org.eclipse.osgi.internal.log.LoggerImpl.log(Ljava/lang/Object;Lorg/osgi/service/log/LogLevel;ILjava/lang/String;Lorg/osgi/framework/ServiceReference;Ljava/lang/Throwable;)V+17
j  org.eclipse.osgi.internal.log.LoggerImpl.log(Ljava/lang/Object;ILjava/lang/String;Ljava/lang/Throwable;)V+8
j  org.eclipse.core.internal.runtime.Log.log(Lorg/eclipse/core/runtime/IStatus;)V+57
j  org.eclipse.jdt.ls.core.internal.JavaLanguageServerPlugin.log(Lorg/eclipse/core/runtime/IStatus;)V+18
j  org.eclipse.jdt.ls.core.internal.JavaLanguageServerPlugin.logInfo(Ljava/lang/String;)V+28
j  org.eclipse.jdt.ls.core.internal.JavaLanguageServerPlugin.start(Lorg/osgi/framework/BundleContext;)V+167
j  org.eclipse.osgi.internal.framework.BundleContextImpl$2.run()Ljava/lang/Void;+23
j  org.eclipse.osgi.internal.framework.BundleContextImpl$2.run()Ljava/lang/Object;+1
J 868 c1 java.security.AccessController.executePrivileged(Ljava/security/PrivilegedExceptionAction;Ljava/security/AccessControlContext;Ljava/lang/Class;)Ljava/lang/Object; java.base@17.0.9 (65 bytes) @ 0x0000022b3d7a4c34 [0x0000022b3d7a4ae0+0x0000000000000154]
j  java.security.AccessController.doPrivileged(Ljava/security/PrivilegedExceptionAction;)Ljava/lang/Object;+9 java.base@17.0.9
j  org.eclipse.osgi.internal.framework.BundleContextImpl.startActivator(Lorg/osgi/framework/BundleActivator;)V+9
j  org.eclipse.osgi.internal.framework.BundleContextImpl.start()V+134
j  org.eclipse.osgi.internal.framework.EquinoxBundle.startWorker0()V+35
j  org.eclipse.osgi.internal.framework.EquinoxBundle$EquinoxModule.startWorker()V+4
j  org.eclipse.osgi.container.Module.doStart([Lorg/eclipse/osgi/container/Module$StartOptions;)Lorg/eclipse/osgi/container/ModuleContainerAdaptor$ModuleEvent;+190
j  org.eclipse.osgi.container.Module.start([Lorg/eclipse/osgi/container/Module$StartOptions;)V+460
j  org.eclipse.osgi.container.ModuleContainer$ContainerStartLevel$2.run()V+71
j  org.eclipse.osgi.internal.framework.EquinoxContainerAdaptor$1$1.execute(Ljava/lang/Runnable;)V+1
j  org.eclipse.osgi.container.ModuleContainer$ContainerStartLevel.incStartLevel(ILjava/util/List;Z)V+192
j  org.eclipse.osgi.container.ModuleContainer$ContainerStartLevel.incStartLevel(ILjava/util/List;Ljava/util/List;Ljava/util/List;Ljava/util/List;)V+19
j  org.eclipse.osgi.container.ModuleContainer$ContainerStartLevel.doContainerStartLevel(Lorg/eclipse/osgi/container/Module;I[Lorg/osgi/framework/FrameworkListener;)V+349
j  org.eclipse.osgi.container.ModuleContainer$ContainerStartLevel.dispatchEvent(Lorg/eclipse/osgi/container/Module;[Lorg/osgi/framework/FrameworkListener;ILjava/lang/Integer;)V+32
j  org.eclipse.osgi.container.ModuleContainer$ContainerStartLevel.dispatchEvent(Ljava/lang/Object;Ljava/lang/Object;ILjava/lang/Object;)V+15
j  org.eclipse.osgi.framework.eventmgr.EventManager.dispatchEvent(Ljava/util/Set;Lorg/eclipse/osgi/framework/eventmgr/EventDispatcher;ILjava/lang/Object;)V+48
j  org.eclipse.osgi.framework.eventmgr.EventManager$EventThread.run()V+26
v  ~StubRoutines::call_stub
new  187 new  [0x0000022b44b7ac80, 0x0000022b44b7aea0]  544 bytes
[MachCode]
  0x0000022b44b7ac80: 4883 ec08 | c5fa 1104 | 24eb 1f48 | 83ec 10c5 | fb11 0424 | eb14 4883 | ec10 4889 | 0424 48c7 
  0x0000022b44b7aca0: 4424 0800 | 0000 00eb | 0150 410f | b755 010f | cac1 ea10 | 488b 4de8 | 488b 4908 | 488b 4908 
  0x0000022b44b7acc0: 488b 4108 | 807c 1004 | 070f 85d6 | 0000 0066 | 8b54 d148 | 488b 4928 | 488b 4cd1 | 0851 80b9 
  0x0000022b44b7ace0: 3301 0000 | 040f 85b9 | 0000 008b | 5108 f7c2 | 0100 0000 | 0f85 aa00 | 0000 498b | 8708 0100 
  0x0000022b44b7ad00: 0048 8d1c | 1049 3b9f | 1801 0000 | 0f87 9200 | 0000 4989 | 9f08 0100 | 00e9 0000 | 0000 4883 
  0x0000022b44b7ad20: ea10 0f84 | 0f00 0000 | 33c9 c1ea | 0348 894c | d008 48ff | ca75 f648 | c700 0100 | 0000 5933 
  0x0000022b44b7ad40: f689 700c | 48c1 e903 | 8948 0849 | ba2f 35a8 | 54f8 7f00 | 0041 803a | 000f 8440 | 0000 0050 
  0x0000022b44b7ad60: 488b c848 | 83ec 20f7 | c40f 0000 | 000f 841a | 0000 0048 | 83ec 0849 | bae0 2b5e | 54f8 7f00 
  0x0000022b44b7ad80: 0041 ffd2 | 4883 c408 | e90d 0000 | 0049 bae0 | 2b5e 54f8 | 7f00 0041 | ffd2 4883 | c420 58e9 
  0x0000022b44b7ada0: cd00 0000 | 5948 8b55 | e848 8b52 | 0848 8b52 | 0845 0fb7 | 4501 410f | c841 c1e8 | 10e8 0500 
  0x0000022b44b7adc0: 0000 e9aa | 0000 0048 | 8d44 2408 | 4c89 6dc0 | 498b cfc5 | f877 4989 | afa8 0200 | 0049 8987 
  0x0000022b44b7ade0: 9802 0000 | 4883 ec20 | f7c4 0f00 | 0000 0f84 | 1a00 0000 | 4883 ec08 | 49ba 002e | 2854 f87f 
  0x0000022b44b7ae00: 0000 41ff | d248 83c4 | 08e9 0d00 | 0000 49ba | 002e 2854 | f87f 0000 | 41ff d248 | 83c4 2049 
  0x0000022b44b7ae20: c787 9802 | 0000 0000 | 0000 49c7 | 87a8 0200 | 0000 0000 | 0049 c787 | a002 0000 | 0000 0000 
  0x0000022b44b7ae40: c5f8 7749 | 817f 0800 | 0000 000f | 8405 0000 | 00e9 aa60 | feff 498b | 87f0 0200 | 0049 c787 
  0x0000022b44b7ae60: f002 0000 | 0000 0000 | 4c8b 6dc0 | 4c8b 75c8 | c341 0fb6 | 5d03 4983 | c503 49ba | 909a aa54 
  0x0000022b44b7ae80: f87f 0000 | 41ff 24da | 0000 0000 | 0000 0000 | 0000 0000 | 0000 0000 | 0000 0000 | 0000 0000 
[/MachCode]

Compiled method (c1)    3722  868       3       java.security.AccessController::executePrivileged (65 bytes)
 total in heap  [0x0000022b3d7a4910,0x0000022b3d7a4ef8] = 1512
 relocation     [0x0000022b3d7a4a68,0x0000022b3d7a4ac8] = 96
 main code      [0x0000022b3d7a4ae0,0x0000022b3d7a4d80] = 672
 stub code      [0x0000022b3d7a4d80,0x0000022b3d7a4dd8] = 88
 metadata       [0x0000022b3d7a4dd8,0x0000022b3d7a4de8] = 16
 scopes data    [0x0000022b3d7a4de8,0x0000022b3d7a4e60] = 120
 scopes pcs     [0x0000022b3d7a4e60,0x0000022b3d7a4ee0] = 128
 dependencies   [0x0000022b3d7a4ee0,0x0000022b3d7a4ee8] = 8
 nul chk table  [0x0000022b3d7a4ee8,0x0000022b3d7a4ef8] = 16

[Constant Pool (empty)]

[MachCode]
[Verified Entry Point]
  # {method} {0x0000022b4f030fe8} 'executePrivileged' '(Ljava/security/PrivilegedExceptionAction;Ljava/security/AccessControlContext;Ljava/lang/Class;)Ljava/lang/Object;' in 'java/security/AccessController'
  # parm0:    rdx:rdx   = 'java/security/PrivilegedExceptionAction'
  # parm1:    r8:r8     = 'java/security/AccessControlContext'
  # parm2:    r9:r9     = 'java/lang/Class'
  #           [sp+0x50]  (sp of caller)
  0x0000022b3d7a4ae0: 8984 2400 | 90ff ff55 | 4883 ec40 | 4c89 4424 

  0x0000022b3d7a4af0: ;   {metadata(method data for {method} {0x0000022b4f030fe8} 'executePrivileged' '(Ljava/security/PrivilegedExceptionAction;Ljava/security/AccessControlContext;Ljava/lang/Class;)Ljava/lang/Object;' in 'java/security/AccessController')}
  0x0000022b3d7a4af0: 3048 be38 | 309b 4f2b | 0200 008b | becc 0000 | 0083 c702 | 89be cc00 | 0000 81e7 | fe07 0000 
  0x0000022b3d7a4b10: 83ff 000f | 84b7 0100 | 0049 83f8 

  0x0000022b3d7a4b1c: ;   {metadata(method data for {method} {0x0000022b4f030fe8} 'executePrivileged' '(Ljava/security/PrivilegedExceptionAction;Ljava/security/AccessControlContext;Ljava/lang/Class;)Ljava/lang/Object;' in 'java/security/AccessController')}
  0x0000022b3d7a4b1c: 0048 be38 | 309b 4f2b | 0200 0048 | bf10 0100 | 0000 0000 | 000f 840a | 0000 0048 | bf20 0100 
  0x0000022b3d7a4b3c: 0000 0000 | 0048 8b1c | 3e48 8d5b | 0148 891c | 3e4c 894c | 2428 4889 | 5424 200f | 841f 0000 
  0x0000022b3d7a4b5c: ;   {metadata(method data for {method} {0x0000022b4f030fe8} 'executePrivileged' '(Ljava/security/PrivilegedExceptionAction;Ljava/security/AccessControlContext;Ljava/lang/Class;)Ljava/lang/Object;' in 'java/security/AccessController')}
  0x0000022b3d7a4b5c: 0048 be38 | 309b 4f2b | 0200 0048 | 8386 3001 | 0000 0149 | 8bd0 0f1f 

  0x0000022b3d7a4b74: ;   {static_call}
  0x0000022b3d7a4b74: 4400 00e8 

  0x0000022b3d7a4b78: ; ImmutableOopMap {[32]=Oop [40]=Oop [48]=Oop }
                      ;*invokestatic ensureMaterializedForStackWalk {reexecute=0 rethrow=0 return_oop=0}
                      ; - java.security.AccessController::executePrivileged@5
  0x0000022b3d7a4b78: bcc9 9c07 

  0x0000022b3d7a4b7c: ;   {metadata(method data for {method} {0x0000022b4f030fe8} 'executePrivileged' '(Ljava/security/PrivilegedExceptionAction;Ljava/security/AccessControlContext;Ljava/lang/Class;)Ljava/lang/Object;' in 'java/security/AccessController')}
  0x0000022b3d7a4b7c: 48ba 3830 | 9b4f 2b02 | 0000 ff82 | 4001 0000 | 488b 5424 | 2048 3b02 

  0x0000022b3d7a4b94: ;   {metadata(method data for {method} {0x0000022b4f030fe8} 'executePrivileged' '(Ljava/security/PrivilegedExceptionAction;Ljava/security/AccessControlContext;Ljava/lang/Class;)Ljava/lang/Object;' in 'java/security/AccessController')}
  0x0000022b3d7a4b94: 488b f248 | bf38 309b | 4f2b 0200 | 008b 7608 | 48c1 e603 | 483b b7b0 | 0100 0075 | 0d48 8387 
  0x0000022b3d7a4bb4: b801 0000 | 01e9 6600 | 0000 483b | b7c0 0100 | 0075 0d48 | 8387 c801 | 0000 01e9 | 5000 0000 
  0x0000022b3d7a4bd4: 4881 bfb0 | 0100 0000 | 0000 0075 | 1748 89b7 | b001 0000 | 48c7 87b8 | 0100 0001 | 0000 00e9 
  0x0000022b3d7a4bf4: 2c00 0000 | 4881 bfc0 | 0100 0000 | 0000 0075 | 1748 89b7 | c001 0000 | 48c7 87c8 | 0100 0001 
  0x0000022b3d7a4c14: 0000 00e9 | 0800 0000 | 4883 87a0 | 0100 0001 | 9048 b8a0 | 3912 552b 

  0x0000022b3d7a4c2c: ;   {virtual_call}
  0x0000022b3d7a4c2c: 0200 00e8 

  0x0000022b3d7a4c30: ; ImmutableOopMap {[40]=Oop [48]=Oop }
                      ;*invokeinterface run {reexecute=0 rethrow=0 return_oop=0}
                      ; - java.security.AccessController::executePrivileged@29
  0x0000022b3d7a4c30: 3488 4b07 

  0x0000022b3d7a4c34: ;   {metadata(method data for {method} {0x0000022b4f030fe8} 'executePrivileged' '(Ljava/security/PrivilegedExceptionAction;Ljava/security/AccessControlContext;Ljava/lang/Class;)Ljava/lang/Object;' in 'java/security/AccessController')}
  0x0000022b3d7a4c34: 48be 3830 | 9b4f 2b02 | 0000 ff86 | d801 0000 | 4c8b 4c24 

  0x0000022b3d7a4c48: ;   {metadata(method data for {method} {0x0000022b4f030fe8} 'executePrivileged' '(Ljava/security/PrivilegedExceptionAction;Ljava/security/AccessControlContext;Ljava/lang/Class;)Ljava/lang/Object;' in 'java/security/AccessController')}
  0x0000022b3d7a4c48: 2848 be38 | 309b 4f2b | 0200 0048 | 8386 3802 

  0x0000022b3d7a4c58: ;   {metadata(method data for {method} {0x0000022b4f035da8} 'reachabilityFence' '(Ljava/lang/Object;)V' in 'java/lang/ref/Reference')}
  0x0000022b3d7a4c58: 0000 0148 | be90 815e | 4f2b 0200 | 008b becc | 0000 0083 | c702 89be | cc00 0000 | 81e7 feff 
  0x0000022b3d7a4c78: 1f00 83ff | 000f 8473 

  0x0000022b3d7a4c80: ;   {metadata(method data for {method} {0x0000022b4f030fe8} 'executePrivileged' '(Ljava/security/PrivilegedExceptionAction;Ljava/security/AccessControlContext;Ljava/lang/Class;)Ljava/lang/Object;' in 'java/security/AccessController')}
  0x0000022b3d7a4c80: 0000 0048 | be38 309b | 4f2b 0200 | 0048 8386 | 4802 0000 

  0x0000022b3d7a4c94: ;   {metadata(method data for {method} {0x0000022b4f035da8} 'reachabilityFence' '(Ljava/lang/Object;)V' in 'java/lang/ref/Reference')}
  0x0000022b3d7a4c94: 0148 be90 | 815e 4f2b | 0200 008b | becc 0000 | 0083 c702 | 89be cc00 | 0000 81e7 | feff 1f00 
  0x0000022b3d7a4cb4: 83ff 000f | 845a 0000 | 0048 83c4 

  0x0000022b3d7a4cc0: ;   {poll_return}
  0x0000022b3d7a4cc0: 405d 493b | a750 0300 | 000f 8766 | 0000 00c3 

  0x0000022b3d7a4cd0: ;   {metadata({method} {0x0000022b4f030fe8} 'executePrivileged' '(Ljava/security/PrivilegedExceptionAction;Ljava/security/AccessControlContext;Ljava/lang/Class;)Ljava/lang/Object;' in 'java/security/AccessController')}
  0x0000022b3d7a4cd0: 49ba e00f | 034f 2b02 | 0000 4c89 | 5424 0848 | c704 24ff 

  0x0000022b3d7a4ce4: ;   {runtime_call counter_overflow Runtime1 stub}
  0x0000022b3d7a4ce4: ffff ffe8 

  0x0000022b3d7a4ce8: ; ImmutableOopMap {rdx=Oop r8=Oop [48]=Oop r9=Oop }
                      ;*synchronization entry
                      ; - java.security.AccessController::executePrivileged@-1
  0x0000022b3d7a4ce8: 9463 4b07 | e928 feff 

  0x0000022b3d7a4cf0: ;   {runtime_call throw_null_pointer_exception Runtime1 stub}
  0x0000022b3d7a4cf0: ffe8 2af5 

  0x0000022b3d7a4cf4: ; ImmutableOopMap {[40]=Oop rdx=Oop [48]=Oop }
                      ;*invokeinterface run {reexecute=0 rethrow=0 return_oop=0}
                      ; - java.security.AccessController::executePrivileged@29
                      ;   {metadata({method} {0x0000022b4f035da8} 'reachabilityFence' '(Ljava/lang/Object;)V' in 'java/lang/ref/Reference')}
  0x0000022b3d7a4cf4: 4a07 49ba | a05d 034f | 2b02 0000 | 4c89 5424 | 0848 c704 | 24ff ffff 

  0x0000022b3d7a4d0c: ;   {runtime_call counter_overflow Runtime1 stub}
  0x0000022b3d7a4d0c: ffe8 6e63 

  0x0000022b3d7a4d10: ; ImmutableOopMap {rax=Oop r9=Oop }
                      ;*synchronization entry
                      ; - java.lang.ref.Reference::reachabilityFence@-1
                      ; - java.security.AccessController::executePrivileged@56
  0x0000022b3d7a4d10: 4b07 e96c 

  0x0000022b3d7a4d14: ;   {metadata({method} {0x0000022b4f035da8} 'reachabilityFence' '(Ljava/lang/Object;)V' in 'java/lang/ref/Reference')}
  0x0000022b3d7a4d14: ffff ff49 | baa0 5d03 | 4f2b 0200 | 004c 8954 | 2408 48c7 | 0424 ffff 

  0x0000022b3d7a4d2c: ;   {runtime_call counter_overflow Runtime1 stub}
  0x0000022b3d7a4d2c: ffff e84d 

  0x0000022b3d7a4d30: ; ImmutableOopMap {rax=Oop }
                      ;*synchronization entry
                      ; - java.lang.ref.Reference::reachabilityFence@-1
                      ; - java.security.AccessController::executePrivileged@60
  0x0000022b3d7a4d30: 634b 07eb 

  0x0000022b3d7a4d34: ;   {internal_word}
  0x0000022b3d7a4d34: 8849 bac2 | 4c7a 3d2b | 0200 004d | 8997 6803 

  0x0000022b3d7a4d44: ;   {runtime_call SafepointBlob}
  0x0000022b3d7a4d44: 0000 e935 | 3f41 0790 | 9049 8b87 | e003 0000 | 49c7 87e0 | 0300 0000 | 0000 0049 | c787 e803 
  0x0000022b3d7a4d64: 0000 0000 | 0000 4883 

  0x0000022b3d7a4d6c: ;   {runtime_call unwind_exception Runtime1 stub}
  0x0000022b3d7a4d6c: c440 5de9 | 8c14 4207 | f4f4 f4f4 | f4f4 f4f4 | f4f4 f4f4 
[Stub Code]
  0x0000022b3d7a4d80: ;   {no_reloc}
  0x0000022b3d7a4d80: 0f1f 4400 

  0x0000022b3d7a4d84: ;   {static_stub}
  0x0000022b3d7a4d84: 0048 bb58 | 0d03 4f2b 

  0x0000022b3d7a4d8c: ;   {runtime_call I2C/C2I adapters}
  0x0000022b3d7a4d8c: 0200 00e9 | bcb7 4007 

  0x0000022b3d7a4d94: ;   {static_stub}
  0x0000022b3d7a4d94: 9048 bb00 | 0000 0000 

  0x0000022b3d7a4d9c: ;   {runtime_call}
  0x0000022b3d7a4d9c: 0000 00e9 | fbff ffff 
[Exception Handler]
  0x0000022b3d7a4da4: ;   {runtime_call handle_exception_from_callee Runtime1 stub}
  0x0000022b3d7a4da4: e857 1a4b 

  0x0000022b3d7a4da8: ;   {external_word}
  0x0000022b3d7a4da8: 0748 b940 | 9a82 54f8 | 7f00 0048 

  0x0000022b3d7a4db4: ;   {runtime_call}
  0x0000022b3d7a4db4: 83e4 f049 | ba60 2f4b | 54f8 7f00 | 0041 ffd2 

  0x0000022b3d7a4dc4: ;   {section_word}
  0x0000022b3d7a4dc4: f449 bac5 | 4d7a 3d2b | 0200 0041 

  0x0000022b3d7a4dd0: ;   {runtime_call DeoptimizationBlob}
  0x0000022b3d7a4dd0: 52e9 4a53 | 4107 f4f4 
[/MachCode]


---------------  P R O C E S S  ---------------

Threads class SMR info:
_java_thread_list=0x0000022b55eb1350, length=20, elements={
0x0000022b3a986a80, 0x0000022b53af3730, 0x0000022b4e81e170, 0x0000022b53b09030,
0x0000022b53b0b620, 0x0000022b53b0bef0, 0x0000022b53b0cf60, 0x0000022b53b15020,
0x0000022b53b174d0, 0x0000022b53b185c0, 0x0000022b3aa45e40, 0x0000022b53e602d0,
0x0000022b54f8e5f0, 0x0000022b55462660, 0x0000022b550ca570, 0x0000022b554446d0,
0x0000022b555f27d0, 0x0000022b550910c0, 0x0000022b55090bb0, 0x0000022b55092500
}

Java Threads: ( => current thread )
  0x0000022b3a986a80 JavaThread "main" [_thread_blocked, id=126400, stack(0x000000e315f00000,0x000000e316000000)]
  0x0000022b53af3730 JavaThread "Reference Handler" daemon [_thread_blocked, id=117956, stack(0x000000e316200000,0x000000e316300000)]
  0x0000022b4e81e170 JavaThread "Finalizer" daemon [_thread_blocked, id=130656, stack(0x000000e316300000,0x000000e316400000)]
  0x0000022b53b09030 JavaThread "Signal Dispatcher" daemon [_thread_blocked, id=126996, stack(0x000000e316400000,0x000000e316500000)]
  0x0000022b53b0b620 JavaThread "Attach Listener" daemon [_thread_blocked, id=96180, stack(0x000000e316500000,0x000000e316600000)]
  0x0000022b53b0bef0 JavaThread "Service Thread" daemon [_thread_blocked, id=125176, stack(0x000000e316600000,0x000000e316700000)]
  0x0000022b53b0cf60 JavaThread "Monitor Deflation Thread" daemon [_thread_blocked, id=101764, stack(0x000000e316700000,0x000000e316800000)]
  0x0000022b53b15020 JavaThread "C2 CompilerThread0" daemon [_thread_in_native, id=120588, stack(0x000000e316800000,0x000000e316900000)]
  0x0000022b53b174d0 JavaThread "C1 CompilerThread0" daemon [_thread_blocked, id=109832, stack(0x000000e316900000,0x000000e316a00000)]
  0x0000022b53b185c0 JavaThread "Sweeper thread" daemon [_thread_blocked, id=124084, stack(0x000000e316a00000,0x000000e316b00000)]
  0x0000022b3aa45e40 JavaThread "Common-Cleaner" daemon [_thread_blocked, id=129108, stack(0x000000e316b00000,0x000000e316c00000)]
  0x0000022b53e602d0 JavaThread "Notification Thread" daemon [_thread_blocked, id=103404, stack(0x000000e316c00000,0x000000e316d00000)]
  0x0000022b54f8e5f0 JavaThread "Active Thread: Equinox Container: 6ee9698d-fa7b-4ef2-a12b-531b4d37d815" [_thread_blocked, id=118832, stack(0x000000e317400000,0x000000e317500000)]
  0x0000022b55462660 JavaThread "Framework Event Dispatcher: Equinox Container: 6ee9698d-fa7b-4ef2-a12b-531b4d37d815" daemon [_thread_blocked, id=128440, stack(0x000000e317500000,0x000000e317600000)]
=>0x0000022b550ca570 JavaThread "Start Level: Equinox Container: 6ee9698d-fa7b-4ef2-a12b-531b4d37d815" daemon [_thread_in_vm, id=122360, stack(0x000000e317600000,0x000000e317700000)]
  0x0000022b554446d0 JavaThread "SCR Component Actor" daemon [_thread_blocked, id=69536, stack(0x000000e317700000,0x000000e317800000)]
  0x0000022b555f27d0 JavaThread "SCR Component Registry" daemon [_thread_blocked, id=129896, stack(0x000000e317900000,0x000000e317a00000)]
  0x0000022b550910c0 JavaThread "Worker-JM" [_thread_blocked, id=127724, stack(0x000000e317a00000,0x000000e317b00000)]
  0x0000022b55090bb0 JavaThread "Worker-0" [_thread_blocked, id=116248, stack(0x000000e317b00000,0x000000e317c00000)]
  0x0000022b55092500 JavaThread "Worker-1" [_thread_blocked, id=127704, stack(0x000000e317c00000,0x000000e317d00000)]

Other Threads:
  0x0000022b53ae1020 VMThread "VM Thread" [stack: 0x000000e316100000,0x000000e316200000] [id=127948]
  0x0000022b53e607b0 WatcherThread [stack: 0x000000e316d00000,0x000000e316e00000] [id=128412]
  0x0000022b3a99ecc0 GCTaskThread "GC Thread#0" [stack: 0x000000e316000000,0x000000e316100000] [id=114432]
  0x0000022b54feca50 GCTaskThread "GC Thread#1" [stack: 0x000000e316e00000,0x000000e316f00000] [id=122980]
  0x0000022b54fecd10 GCTaskThread "GC Thread#2" [stack: 0x000000e316f00000,0x000000e317000000] [id=97848]
  0x0000022b55268380 GCTaskThread "GC Thread#3" [stack: 0x000000e317000000,0x000000e317100000] [id=128236]
  0x0000022b55268640 GCTaskThread "GC Thread#4" [stack: 0x000000e317100000,0x000000e317200000] [id=125520]
  0x0000022b55268900 GCTaskThread "GC Thread#5" [stack: 0x000000e317200000,0x000000e317300000] [id=123464]
  0x0000022b55268bc0 GCTaskThread "GC Thread#6" [stack: 0x000000e317300000,0x000000e317400000] [id=123644]
  0x0000022b54bbca40 GCTaskThread "GC Thread#7" [stack: 0x000000e317800000,0x000000e317900000] [id=123748]

Threads with active compile tasks:
C2 CompilerThread0     3733 2469       4       java.util.TreeMap::containsKey (14 bytes)

VM state: not at safepoint (normal execution)

VM Mutex/Monitor currently owned by a thread:  ([mutex/lock_event])
[0x0000022b3a976570] Metaspace_lock - owner thread: 0x0000022b550ca570

Heap address: 0x00000000c0000000, size: 1024 MB, Compressed Oops mode: 32-bit

CDS archive(s) not mapped
Compressed class space mapped at: 0x0000000100000000-0x0000000140000000, reserved size: 1073741824
Narrow klass base: 0x0000000000000000, Narrow klass shift: 3, Narrow klass range: 0x140000000

GC Precious Log:
 CPUs: 8 total, 8 available
 Memory: 7991M
 Large Page Support: Disabled
 NUMA Support: Disabled
 Compressed Oops: Enabled (32-bit)
 Alignments: Space 512K, Generation 512K, Heap 2M
 Heap Min Capacity: 100M
 Heap Initial Capacity: 100M
 Heap Max Capacity: 1G
 Pre-touch: Disabled
 Parallel Workers: 8

Heap:
 PSYoungGen      total 26112K, used 8795K [0x00000000eab00000, 0x00000000ec800000, 0x0000000100000000)
  eden space 24576K, 30% used [0x00000000eab00000,0x00000000eb242a40,0x00000000ec300000)
  from space 1536K, 88% used [0x00000000ec680000,0x00000000ec7d4370,0x00000000ec800000)
  to   space 2048K, 0% used [0x00000000ec400000,0x00000000ec400000,0x00000000ec600000)
 ParOldGen       total 68608K, used 6859K [0x00000000c0000000, 0x00000000c4300000, 0x00000000eab00000)
  object space 68608K, 9% used [0x00000000c0000000,0x00000000c06b2da8,0x00000000c4300000)
 Metaspace       used 29061K, committed 29504K, reserved 1114112K
  class space    used 2833K, committed 3008K, reserved 1048576K

Card table byte_map: [0x0000022b3a360000,0x0000022b3a570000] _byte_map_base: 0x0000022b39d60000

Marking Bits: (ParMarkBitMap*) 0x00007ff854a9d0b0
 Begin Bits: [0x0000022b4c630000, 0x0000022b4d630000)
 End Bits:   [0x0000022b4d630000, 0x0000022b4e630000)

Polling page: 0x0000022b3a150000

Metaspace:

Usage:
  Non-class:     25.61 MB used.
      Class:      2.77 MB used.
       Both:     28.38 MB used.

Virtual space:
  Non-class space:       64.00 MB reserved,      25.88 MB ( 40%) committed,  1 nodes.
      Class space:        1.00 GB reserved,       2.94 MB ( <1%) committed,  1 nodes.
             Both:        1.06 GB reserved,      28.81 MB (  3%) committed. 

Chunk freelists:
   Non-Class:  5.98 MB
       Class:  13.01 MB
        Both:  18.99 MB

MaxMetaspaceSize: unlimited
CompressedClassSpaceSize: 1.00 GB
Initial GC threshold: 21.00 MB
Current GC threshold: 35.00 MB
CDS: off
MetaspaceReclaimPolicy: balanced
 - commit_granule_bytes: 65536.
 - commit_granule_words: 8192.
 - virtual_space_node_default_size: 8388608.
 - enlarge_chunks_in_place: 1.
 - new_chunks_are_fully_committed: 0.
 - uncommit_free_chunks: 1.
 - use_allocation_guard: 0.
 - handle_deallocations: 1.


Internal statistics:

num_allocs_failed_limit: 3.
num_arena_births: 276.
num_arena_deaths: 14.
num_vsnodes_births: 2.
num_vsnodes_deaths: 0.
num_space_committed: 461.
num_space_uncommitted: 0.
num_chunks_returned_to_freelist: 17.
num_chunks_taken_from_freelist: 1043.
num_chunk_merges: 4.
num_chunk_splits: 687.
num_chunks_enlarged: 480.
num_inconsistent_stats: 0.

CodeHeap 'non-profiled nmethods': size=120000Kb used=1042Kb max_used=1042Kb free=118958Kb
 bounds [0x0000022b45100000, 0x0000022b45370000, 0x0000022b4c630000]
CodeHeap 'profiled nmethods': size=120000Kb used=5090Kb max_used=5090Kb free=114909Kb
 bounds [0x0000022b3d630000, 0x0000022b3db30000, 0x0000022b44b60000]
CodeHeap 'non-nmethods': size=5760Kb used=1246Kb max_used=1276Kb free=4513Kb
 bounds [0x0000022b44b60000, 0x0000022b44dd0000, 0x0000022b45100000]
 total_blobs=3071 nmethods=2520 adapters=465
 compilation: enabled
              stopped_count=0, restarted_count=0
 full_count=0

Compilation events (20 events):
Event: 3.701 Thread 0x0000022b53b174d0 2513       3       com.sun.org.apache.xerces.internal.dom.NodeImpl::hasStringValue (29 bytes)
Event: 3.701 Thread 0x0000022b53b174d0 nmethod 2513 0x0000022b3db25f90 code [0x0000022b3db26120, 0x0000022b3db26298]
Event: 3.701 Thread 0x0000022b53b174d0 2514       1       org.eclipse.text.templates.TemplatePersistenceData::getId (5 bytes)
Event: 3.701 Thread 0x0000022b53b174d0 nmethod 2514 0x0000022b451ffc10 code [0x0000022b451ffda0, 0x0000022b451ffe78]
Event: 3.701 Thread 0x0000022b53b174d0 2511       1       com.sun.org.apache.xerces.internal.dom.DocumentImpl::setMutationEvents (6 bytes)
Event: 3.702 Thread 0x0000022b53b15020 nmethod 2453 0x0000022b451fe210 code [0x0000022b451fe400, 0x0000022b451ff1c8]
Event: 3.702 Thread 0x0000022b53b174d0 nmethod 2511 0x0000022b451fff10 code [0x0000022b452000a0, 0x0000022b45200178]
Event: 3.702 Thread 0x0000022b53b15020 2464       4       java.util.TreeMap::fixAfterInsertion (267 bytes)
Event: 3.704 Thread 0x0000022b53b174d0 2515       3       java.lang.invoke.BoundMethodHandle::rebind (14 bytes)
Event: 3.704 Thread 0x0000022b53b174d0 nmethod 2515 0x0000022b3db26310 code [0x0000022b3db26500, 0x0000022b3db26a68]
Event: 3.704 Thread 0x0000022b53b174d0 2516       3       java.lang.invoke.BoundMethodHandle::tooComplex (27 bytes)
Event: 3.704 Thread 0x0000022b53b174d0 nmethod 2516 0x0000022b3db26c90 code [0x0000022b3db26e60, 0x0000022b3db272d8]
Event: 3.708 Thread 0x0000022b53b174d0 2517       3       jdk.internal.org.objectweb.asm.ClassWriter::<init> (7 bytes)
Event: 3.708 Thread 0x0000022b53b174d0 nmethod 2517 0x0000022b3db27490 code [0x0000022b3db27640, 0x0000022b3db27788]
Event: 3.708 Thread 0x0000022b53b174d0 2518       3       jdk.internal.org.objectweb.asm.ClassWriter::<init> (68 bytes)
Event: 3.708 Thread 0x0000022b53b174d0 nmethod 2518 0x0000022b3db27810 code [0x0000022b3db279e0, 0x0000022b3db27e28]
Event: 3.708 Thread 0x0000022b53b174d0 2519       3       jdk.internal.org.objectweb.asm.SymbolTable::setMajorVersionAndClassName (19 bytes)
Event: 3.708 Thread 0x0000022b53b174d0 nmethod 2519 0x0000022b3db27f90 code [0x0000022b3db28140, 0x0000022b3db28308]
Event: 3.709 Thread 0x0000022b53b174d0 2520       3       java.util.StringTokenizer::countTokens (46 bytes)
Event: 3.709 Thread 0x0000022b53b174d0 nmethod 2520 0x0000022b3db28410 code [0x0000022b3db285c0, 0x0000022b3db28858]

GC Heap History (14 events):
Event: 0.802 GC heap before
{Heap before GC invocations=1 (full 0):
 PSYoungGen      total 29696K, used 25600K [0x00000000eab00000, 0x00000000ecc00000, 0x0000000100000000)
  eden space 25600K, 100% used [0x00000000eab00000,0x00000000ec400000,0x00000000ec400000)
  from space 4096K, 0% used [0x00000000ec800000,0x00000000ec800000,0x00000000ecc00000)
  to   space 4096K, 0% used [0x00000000ec400000,0x00000000ec400000,0x00000000ec800000)
 ParOldGen       total 68608K, used 0K [0x00000000c0000000, 0x00000000c4300000, 0x00000000eab00000)
  object space 68608K, 0% used [0x00000000c0000000,0x00000000c0000000,0x00000000c4300000)
 Metaspace       used 10994K, committed 11200K, reserved 1114112K
  class space    used 1099K, committed 1216K, reserved 1048576K
}
Event: 0.807 GC heap after
{Heap after GC invocations=1 (full 0):
 PSYoungGen      total 29696K, used 3203K [0x00000000eab00000, 0x00000000ecc00000, 0x0000000100000000)
  eden space 25600K, 0% used [0x00000000eab00000,0x00000000eab00000,0x00000000ec400000)
  from space 4096K, 78% used [0x00000000ec400000,0x00000000ec720c28,0x00000000ec800000)
  to   space 4096K, 0% used [0x00000000ec800000,0x00000000ec800000,0x00000000ecc00000)
 ParOldGen       total 68608K, used 16K [0x00000000c0000000, 0x00000000c4300000, 0x00000000eab00000)
  object space 68608K, 0% used [0x00000000c0000000,0x00000000c0004000,0x00000000c4300000)
 Metaspace       used 10994K, committed 11200K, reserved 1114112K
  class space    used 1099K, committed 1216K, reserved 1048576K
}
Event: 1.520 GC heap before
{Heap before GC invocations=2 (full 0):
 PSYoungGen      total 29696K, used 28803K [0x00000000eab00000, 0x00000000ecc00000, 0x0000000100000000)
  eden space 25600K, 100% used [0x00000000eab00000,0x00000000ec400000,0x00000000ec400000)
  from space 4096K, 78% used [0x00000000ec400000,0x00000000ec720c28,0x00000000ec800000)
  to   space 4096K, 0% used [0x00000000ec800000,0x00000000ec800000,0x00000000ecc00000)
 ParOldGen       total 68608K, used 16K [0x00000000c0000000, 0x00000000c4300000, 0x00000000eab00000)
  object space 68608K, 0% used [0x00000000c0000000,0x00000000c0004000,0x00000000c4300000)
 Metaspace       used 15104K, committed 15360K, reserved 1114112K
  class space    used 1533K, committed 1664K, reserved 1048576K
}
Event: 1.527 GC heap after
{Heap after GC invocations=2 (full 0):
 PSYoungGen      total 29696K, used 4083K [0x00000000eab00000, 0x00000000ecc00000, 0x0000000100000000)
  eden space 25600K, 0% used [0x00000000eab00000,0x00000000eab00000,0x00000000ec400000)
  from space 4096K, 99% used [0x00000000ec800000,0x00000000ecbfcc38,0x00000000ecc00000)
  to   space 4096K, 0% used [0x00000000ec400000,0x00000000ec400000,0x00000000ec800000)
 ParOldGen       total 68608K, used 714K [0x00000000c0000000, 0x00000000c4300000, 0x00000000eab00000)
  object space 68608K, 1% used [0x00000000c0000000,0x00000000c00b2820,0x00000000c4300000)
 Metaspace       used 15104K, committed 15360K, reserved 1114112K
  class space    used 1533K, committed 1664K, reserved 1048576K
}
Event: 2.532 GC heap before
{Heap before GC invocations=3 (full 0):
 PSYoungGen      total 29696K, used 29682K [0x00000000eab00000, 0x00000000ecc00000, 0x0000000100000000)
  eden space 25600K, 99% used [0x00000000eab00000,0x00000000ec3ffe20,0x00000000ec400000)
  from space 4096K, 99% used [0x00000000ec800000,0x00000000ecbfcc38,0x00000000ecc00000)
  to   space 4096K, 0% used [0x00000000ec400000,0x00000000ec400000,0x00000000ec800000)
 ParOldGen       total 68608K, used 714K [0x00000000c0000000, 0x00000000c4300000, 0x00000000eab00000)
  object space 68608K, 1% used [0x00000000c0000000,0x00000000c00b2820,0x00000000c4300000)
 Metaspace       used 20189K, committed 20608K, reserved 1114112K
  class space    used 2067K, committed 2240K, reserved 1048576K
}
Event: 2.538 GC heap after
{Heap after GC invocations=3 (full 0):
 PSYoungGen      total 29696K, used 4077K [0x00000000eab00000, 0x00000000ecc00000, 0x0000000100000000)
  eden space 25600K, 0% used [0x00000000eab00000,0x00000000eab00000,0x00000000ec400000)
  from space 4096K, 99% used [0x00000000ec400000,0x00000000ec7fb7b8,0x00000000ec800000)
  to   space 4096K, 0% used [0x00000000ec800000,0x00000000ec800000,0x00000000ecc00000)
 ParOldGen       total 68608K, used 2574K [0x00000000c0000000, 0x00000000c4300000, 0x00000000eab00000)
  object space 68608K, 3% used [0x00000000c0000000,0x00000000c0283a20,0x00000000c4300000)
 Metaspace       used 20189K, committed 20608K, reserved 1114112K
  class space    used 2067K, committed 2240K, reserved 1048576K
}
Event: 2.605 GC heap before
{Heap before GC invocations=4 (full 0):
 PSYoungGen      total 29696K, used 9870K [0x00000000eab00000, 0x00000000ecc00000, 0x0000000100000000)
  eden space 25600K, 22% used [0x00000000eab00000,0x00000000eb0a82b0,0x00000000ec400000)
  from space 4096K, 99% used [0x00000000ec400000,0x00000000ec7fb7b8,0x00000000ec800000)
  to   space 4096K, 0% used [0x00000000ec800000,0x00000000ec800000,0x00000000ecc00000)
 ParOldGen       total 68608K, used 2574K [0x00000000c0000000, 0x00000000c4300000, 0x00000000eab00000)
  object space 68608K, 3% used [0x00000000c0000000,0x00000000c0283a20,0x00000000c4300000)
 Metaspace       used 21111K, committed 21504K, reserved 1114112K
  class space    used 2152K, committed 2304K, reserved 1048576K
}
Event: 2.609 GC heap after
{Heap after GC invocations=4 (full 0):
 PSYoungGen      total 29696K, used 4068K [0x00000000eab00000, 0x00000000ecc00000, 0x0000000100000000)
  eden space 25600K, 0% used [0x00000000eab00000,0x00000000eab00000,0x00000000ec400000)
  from space 4096K, 99% used [0x00000000ec800000,0x00000000ecbf9038,0x00000000ecc00000)
  to   space 4096K, 0% used [0x00000000ec400000,0x00000000ec400000,0x00000000ec800000)
 ParOldGen       total 68608K, used 2987K [0x00000000c0000000, 0x00000000c4300000, 0x00000000eab00000)
  object space 68608K, 4% used [0x00000000c0000000,0x00000000c02eac20,0x00000000c4300000)
 Metaspace       used 21111K, committed 21504K, reserved 1114112K
  class space    used 2152K, committed 2304K, reserved 1048576K
}
Event: 2.609 GC heap before
{Heap before GC invocations=5 (full 1):
 PSYoungGen      total 29696K, used 4068K [0x00000000eab00000, 0x00000000ecc00000, 0x0000000100000000)
  eden space 25600K, 0% used [0x00000000eab00000,0x00000000eab00000,0x00000000ec400000)
  from space 4096K, 99% used [0x00000000ec800000,0x00000000ecbf9038,0x00000000ecc00000)
  to   space 4096K, 0% used [0x00000000ec400000,0x00000000ec400000,0x00000000ec800000)
 ParOldGen       total 68608K, used 2987K [0x00000000c0000000, 0x00000000c4300000, 0x00000000eab00000)
  object space 68608K, 4% used [0x00000000c0000000,0x00000000c02eac20,0x00000000c4300000)
 Metaspace       used 21111K, committed 21504K, reserved 1114112K
  class space    used 2152K, committed 2304K, reserved 1048576K
}
Event: 2.629 GC heap after
{Heap after GC invocations=5 (full 1):
 PSYoungGen      total 29696K, used 0K [0x00000000eab00000, 0x00000000ecc00000, 0x0000000100000000)
  eden space 25600K, 0% used [0x00000000eab00000,0x00000000eab00000,0x00000000ec400000)
  from space 4096K, 0% used [0x00000000ec800000,0x00000000ec800000,0x00000000ecc00000)
  to   space 4096K, 0% used [0x00000000ec400000,0x00000000ec400000,0x00000000ec800000)
 ParOldGen       total 68608K, used 6843K [0x00000000c0000000, 0x00000000c4300000, 0x00000000eab00000)
  object space 68608K, 9% used [0x00000000c0000000,0x00000000c06aeda8,0x00000000c4300000)
 Metaspace       used 21098K, committed 21504K, reserved 1114112K
  class space    used 2148K, committed 2304K, reserved 1048576K
}
Event: 2.828 GC heap before
{Heap before GC invocations=6 (full 1):
 PSYoungGen      total 29696K, used 25574K [0x00000000eab00000, 0x00000000ecc00000, 0x0000000100000000)
  eden space 25600K, 99% used [0x00000000eab00000,0x00000000ec3f9b38,0x00000000ec400000)
  from space 4096K, 0% used [0x00000000ec800000,0x00000000ec800000,0x00000000ecc00000)
  to   space 4096K, 0% used [0x00000000ec400000,0x00000000ec400000,0x00000000ec800000)
 ParOldGen       total 68608K, used 6843K [0x00000000c0000000, 0x00000000c4300000, 0x00000000eab00000)
  object space 68608K, 9% used [0x00000000c0000000,0x00000000c06aeda8,0x00000000c4300000)
 Metaspace       used 24570K, committed 25024K, reserved 1114112K
  class space    used 2402K, committed 2624K, reserved 1048576K
}
Event: 2.829 GC heap after
{Heap after GC invocations=6 (full 1):
 PSYoungGen      total 25600K, used 414K [0x00000000eab00000, 0x00000000ec880000, 0x0000000100000000)
  eden space 25088K, 0% used [0x00000000eab00000,0x00000000eab00000,0x00000000ec380000)
  from space 512K, 80% used [0x00000000ec400000,0x00000000ec467ac0,0x00000000ec480000)
  to   space 2048K, 0% used [0x00000000ec680000,0x00000000ec680000,0x00000000ec880000)
 ParOldGen       total 68608K, used 6851K [0x00000000c0000000, 0x00000000c4300000, 0x00000000eab00000)
  object space 68608K, 9% used [0x00000000c0000000,0x00000000c06b0da8,0x00000000c4300000)
 Metaspace       used 24570K, committed 25024K, reserved 1114112K
  class space    used 2402K, committed 2624K, reserved 1048576K
}
Event: 3.591 GC heap before
{Heap before GC invocations=7 (full 1):
 PSYoungGen      total 25600K, used 25502K [0x00000000eab00000, 0x00000000ec880000, 0x0000000100000000)
  eden space 25088K, 100% used [0x00000000eab00000,0x00000000ec380000,0x00000000ec380000)
  from space 512K, 80% used [0x00000000ec400000,0x00000000ec467ac0,0x00000000ec480000)
  to   space 2048K, 0% used [0x00000000ec680000,0x00000000ec680000,0x00000000ec880000)
 ParOldGen       total 68608K, used 6851K [0x00000000c0000000, 0x00000000c4300000, 0x00000000eab00000)
  object space 68608K, 9% used [0x00000000c0000000,0x00000000c06b0da8,0x00000000c4300000)
 Metaspace       used 27401K, committed 27904K, reserved 1114112K
  class space    used 2642K, committed 2880K, reserved 1048576K
}
Event: 3.592 GC heap after
{Heap after GC invocations=7 (full 1):
 PSYoungGen      total 26112K, used 1360K [0x00000000eab00000, 0x00000000ec800000, 0x0000000100000000)
  eden space 24576K, 0% used [0x00000000eab00000,0x00000000eab00000,0x00000000ec300000)
  from space 1536K, 88% used [0x00000000ec680000,0x00000000ec7d4370,0x00000000ec800000)
  to   space 2048K, 0% used [0x00000000ec400000,0x00000000ec400000,0x00000000ec600000)
 ParOldGen       total 68608K, used 6859K [0x00000000c0000000, 0x00000000c4300000, 0x00000000eab00000)
  object space 68608K, 9% used [0x00000000c0000000,0x00000000c06b2da8,0x00000000c4300000)
 Metaspace       used 27401K, committed 27904K, reserved 1114112K
  class space    used 2642K, committed 2880K, reserved 1048576K
}

Dll operation events (9 events):
Event: 0.012 Loaded shared library c:\Users\Tnluser\.vscode\extensions\redhat.java-1.25.1-win32-x64\jre\17.0.9-win32-x86_64\bin\java.dll
Event: 0.157 Loaded shared library c:\Users\Tnluser\.vscode\extensions\redhat.java-1.25.1-win32-x64\jre\17.0.9-win32-x86_64\bin\zip.dll
Event: 0.163 Loaded shared library C:\Users\Tnluser\.vscode\extensions\redhat.java-1.25.1-win32-x64\jre\17.0.9-win32-x86_64\bin\instrument.dll
Event: 0.173 Loaded shared library C:\Users\Tnluser\.vscode\extensions\redhat.java-1.25.1-win32-x64\jre\17.0.9-win32-x86_64\bin\net.dll
Event: 0.178 Loaded shared library C:\Users\Tnluser\.vscode\extensions\redhat.java-1.25.1-win32-x64\jre\17.0.9-win32-x86_64\bin\nio.dll
Event: 0.186 Loaded shared library C:\Users\Tnluser\.vscode\extensions\redhat.java-1.25.1-win32-x64\jre\17.0.9-win32-x86_64\bin\zip.dll
Event: 0.205 Loaded shared library C:\Users\Tnluser\.vscode\extensions\redhat.java-1.25.1-win32-x64\jre\17.0.9-win32-x86_64\bin\jimage.dll
Event: 0.268 Loaded shared library c:\Users\Tnluser\.vscode\extensions\redhat.java-1.25.1-win32-x64\jre\17.0.9-win32-x86_64\bin\verify.dll
Event: 1.347 Loaded shared library C:\Users\Tnluser\AppData\Roaming\Code\User\globalStorage\redhat.java\1.25.1\config_ss_win\org.eclipse.equinox.launcher\org.eclipse.equinox.launcher.win32.win32.x86_64_1.2.800.v20231003-1442\eclipse_11802.dll

Deoptimization events (20 events):
Event: 2.969 Thread 0x0000022b550ca570 Uncommon trap: trap_request=0xffffffc6 fr.pc=0x0000022b4517c388 relative=0x00000000000009c8
Event: 2.969 Thread 0x0000022b550ca570 Uncommon trap: reason=bimorphic_or_optimized_type_check action=maybe_recompile pc=0x0000022b4517c388 method=java.util.HashMap.putVal(ILjava/lang/Object;Ljava/lang/Object;ZZ)Ljava/lang/Object; @ 56 c2
Event: 2.969 Thread 0x0000022b550ca570 DEOPT PACKING pc=0x0000022b4517c388 sp=0x000000e3176fdab0
Event: 2.969 Thread 0x0000022b550ca570 DEOPT UNPACKING pc=0x0000022b44bb9ea3 sp=0x000000e3176fd9b0 mode 2
Event: 2.969 Thread 0x0000022b550ca570 Uncommon trap: trap_request=0xffffffc6 fr.pc=0x0000022b4517c388 relative=0x00000000000009c8
Event: 2.969 Thread 0x0000022b550ca570 Uncommon trap: reason=bimorphic_or_optimized_type_check action=maybe_recompile pc=0x0000022b4517c388 method=java.util.HashMap.putVal(ILjava/lang/Object;Ljava/lang/Object;ZZ)Ljava/lang/Object; @ 56 c2
Event: 2.969 Thread 0x0000022b550ca570 DEOPT PACKING pc=0x0000022b4517c388 sp=0x000000e3176fdab0
Event: 2.969 Thread 0x0000022b550ca570 DEOPT UNPACKING pc=0x0000022b44bb9ea3 sp=0x000000e3176fd9b0 mode 2
Event: 3.585 Thread 0x0000022b550ca570 Uncommon trap: trap_request=0xffffff45 fr.pc=0x0000022b45140a74 relative=0x0000000000000074
Event: 3.585 Thread 0x0000022b550ca570 Uncommon trap: reason=unstable_if action=reinterpret pc=0x0000022b45140a74 method=jdk.internal.misc.Unsafe.convEndian(ZJ)J @ 4 c2
Event: 3.585 Thread 0x0000022b550ca570 DEOPT PACKING pc=0x0000022b45140a74 sp=0x000000e3176fc920
Event: 3.585 Thread 0x0000022b550ca570 DEOPT UNPACKING pc=0x0000022b44bb9ea3 sp=0x000000e3176fc848 mode 2
Event: 3.612 Thread 0x0000022b550ca570 Uncommon trap: trap_request=0xffffff45 fr.pc=0x0000022b451e5bd0 relative=0x0000000000000910
Event: 3.612 Thread 0x0000022b550ca570 Uncommon trap: reason=unstable_if action=reinterpret pc=0x0000022b451e5bd0 method=java.util.Properties$LineReader.readLine()I @ 25 c2
Event: 3.612 Thread 0x0000022b550ca570 DEOPT PACKING pc=0x0000022b451e5bd0 sp=0x000000e3176fd230
Event: 3.612 Thread 0x0000022b550ca570 DEOPT UNPACKING pc=0x0000022b44bb9ea3 sp=0x000000e3176fd1e0 mode 2
Event: 3.612 Thread 0x0000022b550ca570 Uncommon trap: trap_request=0xffffff76 fr.pc=0x0000022b451bdad0 relative=0x0000000000000dd0
Event: 3.612 Thread 0x0000022b550ca570 Uncommon trap: reason=predicate action=maybe_recompile pc=0x0000022b451bdad0 method=java.util.Properties$LineReader.readLine()I @ 53 c2
Event: 3.612 Thread 0x0000022b550ca570 DEOPT PACKING pc=0x0000022b451bdad0 sp=0x000000e3176fd240
Event: 3.612 Thread 0x0000022b550ca570 DEOPT UNPACKING pc=0x0000022b44bb9ea3 sp=0x000000e3176fd1f8 mode 2

Classes unloaded (7 events):
Event: 2.612 Thread 0x0000022b53ae1020 Unloading class 0x000000010021e000 'java/lang/invoke/LambdaForm$MH+0x000000010021e000'
Event: 2.612 Thread 0x0000022b53ae1020 Unloading class 0x000000010021dc00 'java/lang/invoke/LambdaForm$MH+0x000000010021dc00'
Event: 2.612 Thread 0x0000022b53ae1020 Unloading class 0x000000010021d800 'java/lang/invoke/LambdaForm$MH+0x000000010021d800'
Event: 2.612 Thread 0x0000022b53ae1020 Unloading class 0x000000010021d400 'java/lang/invoke/LambdaForm$MH+0x000000010021d400'
Event: 2.612 Thread 0x0000022b53ae1020 Unloading class 0x000000010021d000 'java/lang/invoke/LambdaForm$BMH+0x000000010021d000'
Event: 2.612 Thread 0x0000022b53ae1020 Unloading class 0x000000010021cc00 'java/lang/invoke/LambdaForm$DMH+0x000000010021cc00'
Event: 2.612 Thread 0x0000022b53ae1020 Unloading class 0x000000010021a000 'java/lang/invoke/LambdaForm$DMH+0x000000010021a000'

Classes redefined (0 events):
No events

Internal exceptions (20 events):
Event: 2.548 Thread 0x0000022b550ca570 Exception <a 'java/lang/NoSuchMethodError'{0x00000000eababf48}: 'java.lang.Object java.lang.invoke.DirectMethodHandle$Holder.newInvokeSpecial(java.lang.Object, java.lang.Object, java.lang.Object, int, java.lang.Object)'> (0x00000000eababf48) 
thrown [s\src\hotspot\share\interpreter\linkResolver.cpp, line 759]
Event: 2.548 Thread 0x0000022b550ca570 Exception <a 'java/lang/NoSuchMethodError'{0x00000000eabb03a0}: 'java.lang.Object java.lang.invoke.DirectMethodHandle$Holder.invokeSpecial(java.lang.Object, java.lang.Object, java.lang.Object, java.lang.Object, int, java.lang.Object)'> (0x00000000eabb03a0) 
thrown [s\src\hotspot\share\interpreter\linkResolver.cpp, line 759]
Event: 2.550 Thread 0x0000022b55090bb0 Exception <a 'java/lang/NoSuchMethodError'{0x00000000eac0fba8}: 'java.lang.Object java.lang.invoke.DirectMethodHandle$Holder.invokeSpecial(java.lang.Object, java.lang.Object, int, java.lang.Object, java.lang.Object)'> (0x00000000eac0fba8) 
thrown [s\src\hotspot\share\interpreter\linkResolver.cpp, line 759]
Event: 2.551 Thread 0x0000022b55090bb0 Exception <a 'java/lang/NoSuchMethodError'{0x00000000eac17278}: 'java.lang.Object java.lang.invoke.DirectMethodHandle$Holder.newInvokeSpecial(java.lang.Object, java.lang.Object, int, java.lang.Object)'> (0x00000000eac17278) 
thrown [s\src\hotspot\share\interpreter\linkResolver.cpp, line 759]
Event: 2.551 Thread 0x0000022b55090bb0 Exception <a 'java/lang/NoSuchMethodError'{0x00000000eac1ad88}: 'java.lang.Object java.lang.invoke.DirectMethodHandle$Holder.invokeSpecial(java.lang.Object, java.lang.Object, java.lang.Object, int, java.lang.Object)'> (0x00000000eac1ad88) 
thrown [s\src\hotspot\share\interpreter\linkResolver.cpp, line 759]
Event: 2.701 Thread 0x0000022b550ca570 Exception <a 'java/io/FileNotFoundException'{0x00000000eb779260}> (0x00000000eb779260) 
thrown [s\src\hotspot\share\prims\jni.cpp, line 516]
Event: 2.701 Thread 0x0000022b550ca570 Exception <a 'java/io/FileNotFoundException'{0x00000000eb77a088}> (0x00000000eb77a088) 
thrown [s\src\hotspot\share\prims\jni.cpp, line 516]
Event: 2.702 Thread 0x0000022b550ca570 Exception <a 'java/io/FileNotFoundException'{0x00000000eb77aeb8}> (0x00000000eb77aeb8) 
thrown [s\src\hotspot\share\prims\jni.cpp, line 516]
Event: 2.792 Thread 0x0000022b550ca570 Exception <a 'java/lang/NoSuchMethodError'{0x00000000ec054ab8}: 'int java.lang.invoke.DirectMethodHandle$Holder.invokeStaticInit(java.lang.Object, java.lang.Object, java.lang.Object)'> (0x00000000ec054ab8) 
thrown [s\src\hotspot\share\interpreter\linkResolver.cpp, line 759]
Event: 2.894 Thread 0x0000022b550ca570 Exception <a 'java/io/FileNotFoundException'{0x00000000eb23ed70}> (0x00000000eb23ed70) 
thrown [s\src\hotspot\share\prims\jni.cpp, line 516]
Event: 2.930 Thread 0x0000022b550ca570 Exception <a 'java/io/FileNotFoundException'{0x00000000ebc302e0}> (0x00000000ebc302e0) 
thrown [s\src\hotspot\share\prims\jni.cpp, line 516]
Event: 2.942 Thread 0x0000022b550ca570 Exception <a 'java/lang/NoSuchMethodError'{0x00000000ebcd91f8}: 'void java.lang.invoke.DirectMethodHandle$Holder.invokeVirtual(java.lang.Object, java.lang.Object)'> (0x00000000ebcd91f8) 
thrown [s\src\hotspot\share\interpreter\linkResolver.cpp, line 759]
Event: 2.966 Thread 0x0000022b550ca570 Exception <a 'java/io/FileNotFoundException'{0x00000000ebe56540}> (0x00000000ebe56540) 
thrown [s\src\hotspot\share\prims\jni.cpp, line 516]
Event: 3.463 Thread 0x0000022b550ca570 Exception <a 'java/lang/NoSuchMethodError'{0x00000000ebf61708}: 'java.lang.Object java.lang.invoke.DirectMethodHandle$Holder.invokeStaticInit(java.lang.Object, int, int, int, int)'> (0x00000000ebf61708) 
thrown [s\src\hotspot\share\interpreter\linkResolver.cpp, line 759]
Event: 3.549 Thread 0x0000022b550ca570 Exception <a 'java/lang/NoSuchMethodError'{0x00000000ec07f7d8}: 'java.lang.Object java.lang.invoke.DirectMethodHandle$Holder.invokeStaticInit(java.lang.Object, java.lang.Object, int, int, int, int)'> (0x00000000ec07f7d8) 
thrown [s\src\hotspot\share\interpreter\linkResolver.cpp, line 759]
Event: 3.577 Thread 0x0000022b550ca570 Exception <a 'sun/nio/fs/WindowsException'{0x00000000ec230db0}> (0x00000000ec230db0) 
thrown [s\src\hotspot\share\prims\jni.cpp, line 516]
Event: 3.601 Thread 0x0000022b550ca570 Exception <a 'sun/nio/fs/WindowsException'{0x00000000eab63ad0}> (0x00000000eab63ad0) 
thrown [s\src\hotspot\share\prims\jni.cpp, line 516]
Event: 3.601 Thread 0x0000022b550ca570 Exception <a 'sun/nio/fs/WindowsException'{0x00000000eab64080}> (0x00000000eab64080) 
thrown [s\src\hotspot\share\prims\jni.cpp, line 516]
Event: 3.612 Thread 0x0000022b550ca570 Implicit null exception at 0x0000022b451bcdf8 to 0x0000022b451bdab0
Event: 3.651 Thread 0x0000022b550ca570 Exception <a 'java/lang/ClassNotFoundException'{0x00000000eae9f878}: com/sun/org/apache/xml/internal/serializer/spi/XMLEntitiesProvider> (0x00000000eae9f878) 
thrown [s\src\hotspot\share\classfile\systemDictionary.cpp, line 256]

VM Operations (20 events):
Event: 2.532 Executing VM operation: ParallelGCFailedAllocation
Event: 2.538 Executing VM operation: ParallelGCFailedAllocation done
Event: 2.567 Executing VM operation: HandshakeAllThreads
Event: 2.567 Executing VM operation: HandshakeAllThreads done
Event: 2.604 Executing VM operation: CollectForMetadataAllocation
Event: 2.630 Executing VM operation: CollectForMetadataAllocation done
Event: 2.828 Executing VM operation: ParallelGCFailedAllocation
Event: 2.829 Executing VM operation: ParallelGCFailedAllocation done
Event: 2.968 Executing VM operation: HandshakeAllThreads
Event: 2.968 Executing VM operation: HandshakeAllThreads done
Event: 3.584 Executing VM operation: HandshakeAllThreads
Event: 3.584 Executing VM operation: HandshakeAllThreads done
Event: 3.591 Executing VM operation: ParallelGCFailedAllocation
Event: 3.592 Executing VM operation: ParallelGCFailedAllocation done
Event: 3.627 Executing VM operation: HandshakeAllThreads
Event: 3.627 Executing VM operation: HandshakeAllThreads done
Event: 3.678 Executing VM operation: HandshakeAllThreads
Event: 3.678 Executing VM operation: HandshakeAllThreads done
Event: 3.700 Executing VM operation: HandshakeAllThreads
Event: 3.700 Executing VM operation: HandshakeAllThreads done

Events (20 events):
Event: 3.699 loading class com/sun/org/apache/xerces/internal/dom/DeepNodeListImpl done
Event: 3.699 loading class com/sun/org/apache/xerces/internal/dom/DeferredElementImpl
Event: 3.700 loading class com/sun/org/apache/xerces/internal/dom/DeferredElementImpl done
Event: 3.700 loading class com/sun/org/apache/xerces/internal/dom/DeferredAttrImpl
Event: 3.700 loading class com/sun/org/apache/xerces/internal/dom/DeferredAttrImpl done
Event: 3.700 loading class com/sun/org/apache/xerces/internal/dom/DeferredTextImpl
Event: 3.700 loading class com/sun/org/apache/xerces/internal/dom/DeferredTextImpl done
Event: 3.705 loading class java/lang/StackTraceElement$HashedModules
Event: 3.705 loading class java/lang/StackTraceElement$HashedModules done
Event: 3.707 loading class java/util/Calendar
Event: 3.707 loading class java/util/Calendar done
Event: 3.708 loading class sun/util/spi/CalendarProvider
Event: 3.708 loading class sun/util/spi/CalendarProvider done
Event: 3.708 loading class sun/util/locale/provider/CalendarProviderImpl
Event: 3.708 loading class sun/util/locale/provider/AvailableLanguageTags
Event: 3.708 loading class sun/util/locale/provider/AvailableLanguageTags done
Event: 3.708 loading class sun/util/locale/provider/CalendarProviderImpl done
Event: 3.709 loading class java/util/Calendar$Builder
Event: 3.709 loading class java/util/Calendar$Builder done
Event: 3.709 loading class java/util/GregorianCalendar


Dynamic libraries:
0x00007ff63cb40000 - 0x00007ff63cb4e000 	c:\Users\Tnluser\.vscode\extensions\redhat.java-1.25.1-win32-x64\jre\17.0.9-win32-x86_64\bin\java.exe
0x00007ff8ae850000 - 0x00007ff8aea48000 	C:\Windows\SYSTEM32\ntdll.dll
0x00007ff8acc00000 - 0x00007ff8accbd000 	C:\Windows\System32\KERNEL32.DLL
0x00007ff8ac090000 - 0x00007ff8ac386000 	C:\Windows\System32\KERNELBASE.dll
0x00007ff8ac700000 - 0x00007ff8ac800000 	C:\Windows\System32\ucrtbase.dll
0x00007ff897230000 - 0x00007ff897247000 	c:\Users\Tnluser\.vscode\extensions\redhat.java-1.25.1-win32-x64\jre\17.0.9-win32-x86_64\bin\jli.dll
0x00007ff8accc0000 - 0x00007ff8ace5e000 	C:\Windows\System32\USER32.dll
0x00007ff897270000 - 0x00007ff89728b000 	c:\Users\Tnluser\.vscode\extensions\redhat.java-1.25.1-win32-x64\jre\17.0.9-win32-x86_64\bin\VCRUNTIME140.dll
0x00007ff8ac880000 - 0x00007ff8ac8a2000 	C:\Windows\System32\win32u.dll
0x00007ff8ad010000 - 0x00007ff8ad03c000 	C:\Windows\System32\GDI32.dll
0x00007ff8ac5e0000 - 0x00007ff8ac6fa000 	C:\Windows\System32\gdi32full.dll
0x00007ff89d080000 - 0x00007ff89d31a000 	C:\Windows\WinSxS\amd64_microsoft.windows.common-controls_6595b64144ccf1df_6.0.19041.3636_none_60b6a03d71f818d5\COMCTL32.dll
0x00007ff8ac540000 - 0x00007ff8ac5dd000 	C:\Windows\System32\msvcp_win.dll
0x00007ff8addf0000 - 0x00007ff8ade8e000 	C:\Windows\System32\msvcrt.dll
0x00007ff8acad0000 - 0x00007ff8acb00000 	C:\Windows\System32\IMM32.DLL
0x00007ff8a76a0000 - 0x00007ff8a76ac000 	c:\Users\Tnluser\.vscode\extensions\redhat.java-1.25.1-win32-x64\jre\17.0.9-win32-x86_64\bin\vcruntime140_1.dll
0x00007ff87a4d0000 - 0x00007ff87a55d000 	c:\Users\Tnluser\.vscode\extensions\redhat.java-1.25.1-win32-x64\jre\17.0.9-win32-x86_64\bin\msvcp140.dll
0x00007ff853f00000 - 0x00007ff854b61000 	c:\Users\Tnluser\.vscode\extensions\redhat.java-1.25.1-win32-x64\jre\17.0.9-win32-x86_64\bin\server\jvm.dll
0x00007ff8ad790000 - 0x00007ff8ad83f000 	C:\Windows\System32\ADVAPI32.dll
0x00007ff8acb60000 - 0x00007ff8acbfc000 	C:\Windows\System32\sechost.dll
0x00007ff8adcc0000 - 0x00007ff8adde6000 	C:\Windows\System32\RPCRT4.dll
0x00007ff8abc70000 - 0x00007ff8abcbb000 	C:\Windows\SYSTEM32\POWRPROF.dll
0x00007ff894e10000 - 0x00007ff894e37000 	C:\Windows\SYSTEM32\WINMM.dll
0x00007ff897420000 - 0x00007ff897429000 	C:\Windows\SYSTEM32\WSOCK32.dll
0x00007ff8a5650000 - 0x00007ff8a565a000 	C:\Windows\SYSTEM32\VERSION.dll
0x00007ff8adea0000 - 0x00007ff8adf0b000 	C:\Windows\System32\WS2_32.dll
0x00007ff8abc50000 - 0x00007ff8abc62000 	C:\Windows\SYSTEM32\UMPDC.dll
0x00007ff8aa770000 - 0x00007ff8aa782000 	C:\Windows\SYSTEM32\kernel.appcore.dll
0x00007ff8a64d0000 - 0x00007ff8a64da000 	c:\Users\Tnluser\.vscode\extensions\redhat.java-1.25.1-win32-x64\jre\17.0.9-win32-x86_64\bin\jimage.dll
0x00007ff8a9700000 - 0x00007ff8a98e4000 	C:\Windows\SYSTEM32\DBGHELP.DLL
0x00007ff895b40000 - 0x00007ff895b74000 	C:\Windows\SYSTEM32\dbgcore.DLL
0x00007ff8ac4b0000 - 0x00007ff8ac532000 	C:\Windows\System32\bcryptPrimitives.dll
0x00007ff8a5e80000 - 0x00007ff8a5e8e000 	c:\Users\Tnluser\.vscode\extensions\redhat.java-1.25.1-win32-x64\jre\17.0.9-win32-x86_64\bin\instrument.dll
0x00007ff88a860000 - 0x00007ff88a885000 	c:\Users\Tnluser\.vscode\extensions\redhat.java-1.25.1-win32-x64\jre\17.0.9-win32-x86_64\bin\java.dll
0x00007ff896990000 - 0x00007ff8969a8000 	c:\Users\Tnluser\.vscode\extensions\redhat.java-1.25.1-win32-x64\jre\17.0.9-win32-x86_64\bin\zip.dll
0x00007ff8ad040000 - 0x00007ff8ad785000 	C:\Windows\System32\SHELL32.dll
0x00007ff8a9fd0000 - 0x00007ff8aa76b000 	C:\Windows\SYSTEM32\windows.storage.dll
0x00007ff8ad960000 - 0x00007ff8adcb4000 	C:\Windows\System32\combase.dll
0x00007ff8ab900000 - 0x00007ff8ab92d000 	C:\Windows\SYSTEM32\Wldp.dll
0x00007ff8ac990000 - 0x00007ff8aca3d000 	C:\Windows\System32\SHCORE.dll
0x00007ff8acb00000 - 0x00007ff8acb55000 	C:\Windows\System32\shlwapi.dll
0x00007ff8abe60000 - 0x00007ff8abe85000 	C:\Windows\SYSTEM32\profapi.dll
0x00007ff896830000 - 0x00007ff896849000 	C:\Users\Tnluser\.vscode\extensions\redhat.java-1.25.1-win32-x64\jre\17.0.9-win32-x86_64\bin\net.dll
0x00007ff8a7140000 - 0x00007ff8a724a000 	C:\Windows\SYSTEM32\WINHTTP.dll
0x00007ff8ab600000 - 0x00007ff8ab66a000 	C:\Windows\system32\mswsock.dll
0x00007ff896470000 - 0x00007ff896486000 	C:\Users\Tnluser\.vscode\extensions\redhat.java-1.25.1-win32-x64\jre\17.0.9-win32-x86_64\bin\nio.dll
0x00007ff8a5c50000 - 0x00007ff8a5c60000 	c:\Users\Tnluser\.vscode\extensions\redhat.java-1.25.1-win32-x64\jre\17.0.9-win32-x86_64\bin\verify.dll
0x00007ff887840000 - 0x00007ff88787e000 	C:\Users\Tnluser\AppData\Roaming\Code\User\globalStorage\redhat.java\1.25.1\config_ss_win\org.eclipse.equinox.launcher\org.eclipse.equinox.launcher.win32.win32.x86_64_1.2.800.v20231003-1442\eclipse_11802.dll
0x00007ff8adf10000 - 0x00007ff8ae03b000 	C:\Windows\System32\ole32.dll
0x00007ff8ab850000 - 0x00007ff8ab868000 	C:\Windows\SYSTEM32\CRYPTSP.dll
0x00007ff8aaf30000 - 0x00007ff8aaf64000 	C:\Windows\system32\rsaenh.dll
0x00007ff8ac800000 - 0x00007ff8ac827000 	C:\Windows\System32\bcrypt.dll
0x00007ff8abde0000 - 0x00007ff8abe0e000 	C:\Windows\SYSTEM32\USERENV.dll
0x00007ff8ab870000 - 0x00007ff8ab87c000 	C:\Windows\SYSTEM32\CRYPTBASE.dll
0x00007ff8ab2f0000 - 0x00007ff8ab32b000 	C:\Windows\SYSTEM32\IPHLPAPI.DLL
0x00007ff8ade90000 - 0x00007ff8ade98000 	C:\Windows\System32\NSI.dll
0x00007ff8a4400000 - 0x00007ff8a4417000 	C:\Windows\SYSTEM32\dhcpcsvc6.DLL
0x00007ff8a5660000 - 0x00007ff8a567d000 	C:\Windows\SYSTEM32\dhcpcsvc.DLL
0x00007ff8ab330000 - 0x00007ff8ab3fa000 	C:\Windows\SYSTEM32\DNSAPI.dll

dbghelp: loaded successfully - version: 4.0.5 - missing functions: none
symbol engine: initialized successfully - sym options: 0x614 - pdb path: .;c:\Users\Tnluser\.vscode\extensions\redhat.java-1.25.1-win32-x64\jre\17.0.9-win32-x86_64\bin;C:\Windows\SYSTEM32;C:\Windows\WinSxS\amd64_microsoft.windows.common-controls_6595b64144ccf1df_6.0.19041.3636_none_60b6a03d71f818d5;c:\Users\Tnluser\.vscode\extensions\redhat.java-1.25.1-win32-x64\jre\17.0.9-win32-x86_64\bin\server;C:\Users\Tnluser\AppData\Roaming\Code\User\globalStorage\redhat.java\1.25.1\config_ss_win\org.eclipse.equinox.launcher\org.eclipse.equinox.launcher.win32.win32.x86_64_1.2.800.v20231003-1442

VM Arguments:
jvm_args: --add-modules=ALL-SYSTEM --add-opens=java.base/java.util=ALL-UNNAMED --add-opens=java.base/java.lang=ALL-UNNAMED --add-opens=java.base/sun.nio.fs=ALL-UNNAMED -Declipse.application=org.eclipse.jdt.ls.core.id1 -Dosgi.bundles.defaultStartLevel=4 -Declipse.product=org.eclipse.jdt.ls.core.product -Djava.import.generatesMetadataFilesAtProjectRoot=false -DDetectVMInstallationsJob.disabled=true -Dfile.encoding=utf8 -XX:+UseParallelGC -XX:GCTimeRatio=4 -XX:AdaptiveSizePolicyWeight=90 -Dsun.zip.disableMemoryMapping=true -Xmx1G -Xms100m -Xlog:disable -javaagent:c:\Users\Tnluser\.vscode\extensions\redhat.java-1.25.1-win32-x64\lombok\lombok-1.18.30.jar 
java_command: c:\Users\Tnluser\.vscode\extensions\redhat.java-1.25.1-win32-x64\server\plugins\org.eclipse.equinox.launcher_1.6.600.v20231106-1826.jar -configuration c:\Users\Tnluser\AppData\Roaming\Code\User\globalStorage\redhat.java\1.25.1\config_ss_win -data c:\Users\Tnluser\AppData\Roaming\Code\User\workspaceStorage\303bb193fab74beac2c2dc2dfe4b6838\redhat.java\ss_ws --stdio
java_class_path (initial): c:\Users\Tnluser\.vscode\extensions\redhat.java-1.25.1-win32-x64\server\plugins\org.eclipse.equinox.launcher_1.6.600.v20231106-1826.jar
Launcher Type: SUN_STANDARD

[Global flags]
    uintx AdaptiveSizePolicyWeight                 = 90                                        {product} {command line}
     intx CICompilerCount                          = 4                                         {product} {ergonomic}
    uintx GCTimeRatio                              = 4                                         {product} {command line}
   size_t InitialHeapSize                          = 104857600                                 {product} {command line}
   size_t MaxHeapSize                              = 1073741824                                {product} {command line}
   size_t MaxNewSize                               = 357564416                                 {product} {ergonomic}
   size_t MinHeapDeltaBytes                        = 524288                                    {product} {ergonomic}
   size_t MinHeapSize                              = 104857600                                 {product} {command line}
   size_t NewSize                                  = 34603008                                  {product} {ergonomic}
    uintx NonNMethodCodeHeapSize                   = 5839372                                {pd product} {ergonomic}
    uintx NonProfiledCodeHeapSize                  = 122909434                              {pd product} {ergonomic}
   size_t OldSize                                  = 70254592                                  {product} {ergonomic}
    uintx ProfiledCodeHeapSize                     = 122909434                              {pd product} {ergonomic}
    uintx ReservedCodeCacheSize                    = 251658240                              {pd product} {ergonomic}
     bool SegmentedCodeCache                       = true                                      {product} {ergonomic}
   size_t SoftMaxHeapSize                          = 1073741824                             {manageable} {ergonomic}
     bool UseCompressedClassPointers               = true                           {product lp64_product} {ergonomic}
     bool UseCompressedOops                        = true                           {product lp64_product} {ergonomic}
     bool UseLargePagesIndividualAllocation        = false                                  {pd product} {ergonomic}
     bool UseParallelGC                            = true                                      {product} {command line}

Logging:
Log output configuration:
 #0: stdout all=off uptime,level,tags
 #1: stderr all=off uptime,level,tags

Environment Variables:
JAVA_HOME=C:\Program Files\Amazon Corretto\jdk17.0.8_8
PATH=C:\Program Files\Common Files\Oracle\Java\javapath;C:\Program Files\Amazon Corretto\jdk17.0.8_8\bin;C:\Program Files (x86)\Common Files\Oracle\Java\javapath;C:\Windows\system32;C:\Windows;C:\Windows\System32\Wbem;C:\Windows\System32\WindowsPowerShell\v1.0\;C:\Windows\System32\OpenSSH\;C:\Program Files\MySQL\MySQL Server 8.0\bin;C:\Program Files\Java\jdk-17\bin;C:\Program Files\Java\jdk-17\bin;C:\Program Files\nodejs\;C:\Users\Tnluser\AppData\Local\Microsoft\WindowsApps;C:\Users\Tnluser\AppData\Local\Programs\Microsoft VS Code\bin;C:\Users\Tnluser\AppData\Local\Programs\Git\cmd;C:\Users\Tnluser\AppData\Roaming\npm
USERNAME=Tnluser
OS=Windows_NT
PROCESSOR_IDENTIFIER=Intel64 Family 6 Model 140 Stepping 1, GenuineIntel
TMP=C:\Users\Tnluser\AppData\Local\Temp
TEMP=C:\Users\Tnluser\AppData\Local\Temp



Periodic native trim disabled


---------------  S Y S T E M  ---------------

OS:
 Windows 10 , 64 bit Build 19041 (10.0.19041.3636)
OS uptime: 18 days 12:12 hours

CPU: total 8 (initial active 8) (4 cores per cpu, 2 threads per core) family 6 model 140 stepping 1 microcode 0x9a, cx8, cmov, fxsr, ht, mmx, 3dnowpref, sse, sse2, sse3, ssse3, sse4.1, sse4.2, popcnt, lzcnt, tsc, tscinvbit, avx, avx2, aes, erms, clmul, bmi1, bmi2, adx, avx512f, avx512dq, avx512cd, avx512bw, avx512vl, sha, fma, vzeroupper, avx512_vpopcntdq, avx512_vpclmulqdq, avx512_vaes, avx512_vnni, clflush, clflushopt, clwb, avx512_vbmi2, avx512_vbmi
Processor Information for processor 0
  Max Mhz: 2419, Current Mhz: 2419, Mhz Limit: 2419
Processor Information for processor 1
  Max Mhz: 2419, Current Mhz: 1511, Mhz Limit: 2419
Processor Information for processor 2
  Max Mhz: 2419, Current Mhz: 2419, Mhz Limit: 2419
Processor Information for processor 3
  Max Mhz: 2419, Current Mhz: 2419, Mhz Limit: 2419
Processor Information for processor 4
  Max Mhz: 2419, Current Mhz: 2419, Mhz Limit: 2419
Processor Information for processor 5
  Max Mhz: 2419, Current Mhz: 2419, Mhz Limit: 2419
Processor Information for processor 6
  Max Mhz: 2419, Current Mhz: 2419, Mhz Limit: 2419
Processor Information for processor 7
  Max Mhz: 2419, Current Mhz: 2419, Mhz Limit: 2419

Memory: 4k page, system-wide physical 7991M (235M free)
TotalPageFile size 32567M (AvailPageFile size 1M)
current process WorkingSet (physical memory assigned to process): 164M, peak: 164M
current process commit charge ("private bytes"): 239M, peak: 239M

vm_info: OpenJDK 64-Bit Server VM (17.0.9+9) for windows-amd64 JRE (17.0.9+9), built on Oct 26 2023 14:01:42 by "admin" with MS VC++ 16.10 / 16.11 (VS2019)

END.
