#
# There is insufficient memory for the Java Runtime Environment to continue.
# Native memory allocation (malloc) failed to allocate 852032 bytes for Chunk::new
# Possible reasons:
#   The system is out of physical RAM or swap space
#   The process is running with CompressedOops enabled, and the Java Heap may be blocking the growth of the native heap
# Possible solutions:
#   Reduce memory load on the system
#   Increase physical memory or swap space
#   Check if swap backing store is full
#   Decrease Java heap size (-Xmx/-Xms)
#   Decrease number of Java threads
#   Decrease Java thread stack sizes (-Xss)
#   Set larger code cache with -XX:ReservedCodeCacheSize=
#   JVM is running with Unscaled Compressed Oops mode in which the Java heap is
#     placed in the first 4GB address space. The Java Heap base address is the
#     maximum limit for the native heap growth. Please use -XX:HeapBaseMinAddress
#     to set the Java Heap base and to place the Java Heap above 4GB virtual address.
# This output file may be truncated or incomplete.
#
#  Out of Memory Error (arena.cpp:191), pid=124048, tid=126600
#
# JRE version: OpenJDK Runtime Environment Temurin-17.0.9+9 (17.0.9+9) (build 17.0.9+9)
# Java VM: OpenJDK 64-Bit Server VM Temurin-17.0.9+9 (17.0.9+9, mixed mode, tiered, compressed oops, compressed class ptrs, parallel gc, windows-amd64)
# No core dump will be written. Minidumps are not enabled by default on client versions of Windows
#

---------------  S U M M A R Y ------------

Command Line: --add-modules=ALL-SYSTEM --add-opens=java.base/java.util=ALL-UNNAMED --add-opens=java.base/java.lang=ALL-UNNAMED --add-opens=java.base/sun.nio.fs=ALL-UNNAMED -Declipse.application=org.eclipse.jdt.ls.core.id1 -Dosgi.bundles.defaultStartLevel=4 -Declipse.product=org.eclipse.jdt.ls.core.product -Djava.import.generatesMetadataFilesAtProjectRoot=false -DDetectVMInstallationsJob.disabled=true -Dfile.encoding=utf8 -XX:+UseParallelGC -XX:GCTimeRatio=4 -XX:AdaptiveSizePolicyWeight=90 -Dsun.zip.disableMemoryMapping=true -Xmx1G -Xms100m -Xlog:disable -javaagent:c:\Users\Tnluser\.vscode\extensions\redhat.java-1.25.1-win32-x64\lombok\lombok-1.18.30.jar -XX:+HeapDumpOnOutOfMemoryError -XX:HeapDumpPath=c:\Users\Tnluser\AppData\Roaming\Code\User\workspaceStorage\303bb193fab74beac2c2dc2dfe4b6838\redhat.java -Daether.dependencyCollector.impl=bf c:\Users\Tnluser\.vscode\extensions\redhat.java-1.25.1-win32-x64\server\plugins\org.eclipse.equinox.launcher_1.6.600.v20231106-1826.jar -configuration c:\Users\Tnluser\AppData\Roaming\Code\User\globalStorage\redhat.java\1.25.1\config_win -data c:\Users\Tnluser\AppData\Roaming\Code\User\workspaceStorage\303bb193fab74beac2c2dc2dfe4b6838\redhat.java\jdt_ws --stdio

Host: 11th Gen Intel(R) Core(TM) i5-1135G7 @ 2.40GHz, 8 cores, 7G,  Windows 10 , 64 bit Build 19041 (10.0.19041.3636)
Time: Sun Jan  7 21:50:55 2024 India Standard Time elapsed time: 5.163448 seconds (0d 0h 0m 5s)

---------------  T H R E A D  ---------------

Current thread (0x000002561b498550):  JavaThread "C2 CompilerThread0" daemon [_thread_in_native, id=126600, stack(0x000000ba8d700000,0x000000ba8d800000)]


Current CompileTask:
C2:   5163 4222   !   4       org.eclipse.osgi.internal.loader.classpath.ClasspathManager::findClassImpl (308 bytes)

Stack: [0x000000ba8d700000,0x000000ba8d800000]
Native frames: (J=compiled Java code, j=interpreted, Vv=VM code, C=native code)
V  [jvm.dll+0x67cf49]
V  [jvm.dll+0x83478a]
V  [jvm.dll+0x83624e]
V  [jvm.dll+0x8368b3]
V  [jvm.dll+0x247f1f]
V  [jvm.dll+0xac43c]
V  [jvm.dll+0xaca8c]
V  [jvm.dll+0x367067]
V  [jvm.dll+0x3313ba]
V  [jvm.dll+0x33085a]
V  [jvm.dll+0x21a5b1]
V  [jvm.dll+0x2199d1]
V  [jvm.dll+0x1a57cd]
V  [jvm.dll+0x2297ae]
V  [jvm.dll+0x22797c]
V  [jvm.dll+0x7e9877]
V  [jvm.dll+0x7e3c3a]
V  [jvm.dll+0x67be35]
C  [ucrtbase.dll+0x21bb2]
C  [KERNEL32.DLL+0x17344]
C  [ntdll.dll+0x526b1]


---------------  P R O C E S S  ---------------

Threads class SMR info:
_java_thread_list=0x000002561efa97f0, length=35, elements={
0x00000256022a9b70, 0x000002560236d490, 0x000002561b473c90, 0x0000025616149060,
0x0000025616149b30, 0x000002561614b3b0, 0x000002561614e570, 0x000002561b498550,
0x000002561b49a1b0, 0x000002561b49d2b0, 0x000002561b5c97f0, 0x000002561c400040,
0x000002561ca2cc30, 0x000002561c94e720, 0x000002561cdc80a0, 0x000002561cdc8cf0,
0x000002561cdc91d0, 0x000002561c9ceb70, 0x000002561cbcd960, 0x000002561cbcc010,
0x000002561cbcc520, 0x000002561cbccf40, 0x000002561cbcca30, 0x000002561cbcd450,
0x000002561d59b370, 0x000002561d595d60, 0x000002561d59b880, 0x000002561d599f30,
0x000002561d59bd90, 0x000002561d599000, 0x000002561d5976b0, 0x000002561d59c2a0,
0x000002561d59a950, 0x000002561d597bc0, 0x000002561d5980d0
}

Java Threads: ( => current thread )
  0x00000256022a9b70 JavaThread "main" [_thread_in_native, id=117068, stack(0x000000ba8ce00000,0x000000ba8cf00000)]
  0x000002560236d490 JavaThread "Reference Handler" daemon [_thread_blocked, id=121624, stack(0x000000ba8d100000,0x000000ba8d200000)]
  0x000002561b473c90 JavaThread "Finalizer" daemon [_thread_blocked, id=125096, stack(0x000000ba8d200000,0x000000ba8d300000)]
  0x0000025616149060 JavaThread "Signal Dispatcher" daemon [_thread_blocked, id=115388, stack(0x000000ba8d300000,0x000000ba8d400000)]
  0x0000025616149b30 JavaThread "Attach Listener" daemon [_thread_blocked, id=130252, stack(0x000000ba8d400000,0x000000ba8d500000)]
  0x000002561614b3b0 JavaThread "Service Thread" daemon [_thread_blocked, id=128040, stack(0x000000ba8d500000,0x000000ba8d600000)]
  0x000002561614e570 JavaThread "Monitor Deflation Thread" daemon [_thread_blocked, id=130292, stack(0x000000ba8d600000,0x000000ba8d700000)]
=>0x000002561b498550 JavaThread "C2 CompilerThread0" daemon [_thread_in_native, id=126600, stack(0x000000ba8d700000,0x000000ba8d800000)]
  0x000002561b49a1b0 JavaThread "C1 CompilerThread0" daemon [_thread_blocked, id=129076, stack(0x000000ba8d800000,0x000000ba8d900000)]
  0x000002561b49d2b0 JavaThread "Sweeper thread" daemon [_thread_blocked, id=128812, stack(0x000000ba8d900000,0x000000ba8da00000)]
  0x000002561b5c97f0 JavaThread "Common-Cleaner" daemon [_thread_blocked, id=129208, stack(0x000000ba8da00000,0x000000ba8db00000)]
  0x000002561c400040 JavaThread "Notification Thread" daemon [_thread_blocked, id=126268, stack(0x000000ba8db00000,0x000000ba8dc00000)]
  0x000002561ca2cc30 JavaThread "Equinox resolver thread - Equinox Container: c4b61d57-2e46-4c00-b437-40bcf1261e5d" daemon [_thread_blocked, id=125092, stack(0x000000ba8e300000,0x000000ba8e400000)]
  0x000002561c94e720 JavaThread "Equinox resolver thread - Equinox Container: c4b61d57-2e46-4c00-b437-40bcf1261e5d" daemon [_thread_blocked, id=126792, stack(0x000000ba8e400000,0x000000ba8e500000)]
  0x000002561cdc80a0 JavaThread "Equinox resolver thread - Equinox Container: c4b61d57-2e46-4c00-b437-40bcf1261e5d" daemon [_thread_blocked, id=127620, stack(0x000000ba8e500000,0x000000ba8e600000)]
  0x000002561cdc8cf0 JavaThread "Equinox resolver thread - Equinox Container: c4b61d57-2e46-4c00-b437-40bcf1261e5d" daemon [_thread_blocked, id=130264, stack(0x000000ba8e600000,0x000000ba8e700000)]
  0x000002561cdc91d0 JavaThread "Equinox resolver thread - Equinox Container: c4b61d57-2e46-4c00-b437-40bcf1261e5d" daemon [_thread_blocked, id=122236, stack(0x000000ba8e700000,0x000000ba8e800000)]
  0x000002561c9ceb70 JavaThread "Equinox resolver thread - Equinox Container: c4b61d57-2e46-4c00-b437-40bcf1261e5d" daemon [_thread_blocked, id=129672, stack(0x000000ba8e800000,0x000000ba8e900000)]
  0x000002561cbcd960 JavaThread "Active Thread: Equinox Container: c4b61d57-2e46-4c00-b437-40bcf1261e5d" [_thread_blocked, id=129804, stack(0x000000ba8e900000,0x000000ba8ea00000)]
  0x000002561cbcc010 JavaThread "Framework Event Dispatcher: Equinox Container: c4b61d57-2e46-4c00-b437-40bcf1261e5d" daemon [_thread_blocked, id=123444, stack(0x000000ba8ea00000,0x000000ba8eb00000)]
  0x000002561cbcc520 JavaThread "Start Level: Equinox Container: c4b61d57-2e46-4c00-b437-40bcf1261e5d" daemon [_thread_blocked, id=127204, stack(0x000000ba8eb00000,0x000000ba8ec00000)]
  0x000002561cbccf40 JavaThread "Refresh Thread: Equinox Container: c4b61d57-2e46-4c00-b437-40bcf1261e5d" daemon [_thread_blocked, id=130104, stack(0x000000ba8ed00000,0x000000ba8ee00000)]
  0x000002561cbcca30 JavaThread "Equinox resolver thread - Equinox Container: c4b61d57-2e46-4c00-b437-40bcf1261e5d" daemon [_thread_blocked, id=127604, stack(0x000000ba8ee00000,0x000000ba8ef00000)]
  0x000002561cbcd450 JavaThread "Equinox resolver thread - Equinox Container: c4b61d57-2e46-4c00-b437-40bcf1261e5d" daemon [_thread_blocked, id=128512, stack(0x000000ba8ef00000,0x000000ba8f000000)]
  0x000002561d59b370 JavaThread "Bundle File Closer" daemon [_thread_blocked, id=125008, stack(0x000000ba8f000000,0x000000ba8f100000)]
  0x000002561d595d60 JavaThread "SCR Component Actor" daemon [_thread_blocked, id=124768, stack(0x000000ba8f100000,0x000000ba8f200000)]
  0x000002561d59b880 JavaThread "SCR Component Registry" daemon [_thread_blocked, id=121988, stack(0x000000ba8f200000,0x000000ba8f300000)]
  0x000002561d599f30 JavaThread "Worker-JM" [_thread_blocked, id=129424, stack(0x000000ba8f300000,0x000000ba8f400000)]
  0x000002561d59bd90 JavaThread "Worker-0: Updating Maven Dependencies" [_thread_blocked, id=115024, stack(0x000000ba8f400000,0x000000ba8f500000)]
  0x000002561d599000 JavaThread "Worker-1: Repository registry initialization" [_thread_in_vm, id=118052, stack(0x000000ba8f500000,0x000000ba8f600000)]
  0x000002561d5976b0 JavaThread "Java indexing" daemon [_thread_blocked, id=120632, stack(0x000000ba8f600000,0x000000ba8f700000)]
  0x000002561d59c2a0 JavaThread "JNA Cleaner" daemon [_thread_blocked, id=127320, stack(0x000000ba8f700000,0x000000ba8f800000)]
  0x000002561d59a950 JavaThread "Worker-2" [_thread_blocked, id=121836, stack(0x000000ba8fa00000,0x000000ba8fb00000)]
  0x000002561d597bc0 JavaThread "Worker-3" [_thread_blocked, id=127816, stack(0x000000ba8fb00000,0x000000ba8fc00000)]
  0x000002561d5980d0 JavaThread "pool-2-thread-1" [_thread_blocked, id=127432, stack(0x000000ba8fc00000,0x000000ba8fd00000)]

Other Threads:
  0x000002561613fc90 VMThread "VM Thread" [stack: 0x000000ba8d000000,0x000000ba8d100000] [id=129972]
  0x000002561b81d240 WatcherThread [stack: 0x000000ba8dc00000,0x000000ba8dd00000] [id=117568]
  0x00000256022c1ec0 GCTaskThread "GC Thread#0" [stack: 0x000000ba8cf00000,0x000000ba8d000000] [id=111788]
  0x000002561c932d60 GCTaskThread "GC Thread#1" [stack: 0x000000ba8dd00000,0x000000ba8de00000] [id=127344]
  0x000002561c518750 GCTaskThread "GC Thread#2" [stack: 0x000000ba8de00000,0x000000ba8df00000] [id=128580]
  0x000002561c6afb90 GCTaskThread "GC Thread#3" [stack: 0x000000ba8df00000,0x000000ba8e000000] [id=127216]
  0x000002561cb1c030 GCTaskThread "GC Thread#4" [stack: 0x000000ba8e000000,0x000000ba8e100000] [id=130352]
  0x000002561cb1cb00 GCTaskThread "GC Thread#5" [stack: 0x000000ba8e100000,0x000000ba8e200000] [id=126616]
  0x000002561cb1cdc0 GCTaskThread "GC Thread#6" [stack: 0x000000ba8e200000,0x000000ba8e300000] [id=122948]
  0x000002561c517590 GCTaskThread "GC Thread#7" [stack: 0x000000ba8ec00000,0x000000ba8ed00000] [id=128364]

Threads with active compile tasks:
C2 CompilerThread0     5181 4222   !   4       org.eclipse.osgi.internal.loader.classpath.ClasspathManager::findClassImpl (308 bytes)
C1 CompilerThread0     5181 4266       3       java.util.stream.AbstractPipeline::sourceSpliterator (265 bytes)

VM state: not at safepoint (normal execution)

VM Mutex/Monitor currently owned by a thread: None

Heap address: 0x00000000c0000000, size: 1024 MB, Compressed Oops mode: 32-bit

CDS archive(s) not mapped
Compressed class space mapped at: 0x0000000100000000-0x0000000140000000, reserved size: 1073741824
Narrow klass base: 0x0000000000000000, Narrow klass shift: 3, Narrow klass range: 0x140000000

GC Precious Log:
 CPUs: 8 total, 8 available
 Memory: 7991M
 Large Page Support: Disabled
 NUMA Support: Disabled
 Compressed Oops: Enabled (32-bit)
 Alignments: Space 512K, Generation 512K, Heap 2M
 Heap Min Capacity: 100M
 Heap Initial Capacity: 100M
 Heap Max Capacity: 1G
 Pre-touch: Disabled
 Parallel Workers: 8

Heap:
 PSYoungGen      total 23552K, used 19059K [0x00000000eab00000, 0x00000000ec480000, 0x0000000100000000)
  eden space 22016K, 86% used [0x00000000eab00000,0x00000000ebd9cc28,0x00000000ec080000)
  from space 1536K, 0% used [0x00000000ec200000,0x00000000ec200000,0x00000000ec380000)
  to   space 1024K, 0% used [0x00000000ec380000,0x00000000ec380000,0x00000000ec480000)
 ParOldGen       total 68608K, used 13671K [0x00000000c0000000, 0x00000000c4300000, 0x00000000eab00000)
  object space 68608K, 19% used [0x00000000c0000000,0x00000000c0d59ff0,0x00000000c4300000)
 Metaspace       used 37882K, committed 38656K, reserved 1114112K
  class space    used 3805K, committed 4160K, reserved 1048576K

Card table byte_map: [0x0000025601c80000,0x0000025601e90000] _byte_map_base: 0x0000025601680000

Marking Bits: (ParMarkBitMap*) 0x00007ff854a9d0b0
 Begin Bits: [0x0000025613f50000, 0x0000025614f50000)
 End Bits:   [0x0000025614f50000, 0x0000025615f50000)

Polling page: 0x0000025601a70000

Metaspace:

Usage:
  Non-class:     33.28 MB used.
      Class:      3.72 MB used.
       Both:     37.00 MB used.

Virtual space:
  Non-class space:       64.00 MB reserved,      33.69 MB ( 53%) committed,  1 nodes.
      Class space:        1.00 GB reserved,       4.06 MB ( <1%) committed,  1 nodes.
             Both:        1.06 GB reserved,      37.75 MB (  3%) committed. 

Chunk freelists:
   Non-Class:  13.95 MB
       Class:  11.80 MB
        Both:  25.75 MB

MaxMetaspaceSize: unlimited
CompressedClassSpaceSize: 1.00 GB
Initial GC threshold: 21.00 MB
Current GC threshold: 58.38 MB
CDS: off
MetaspaceReclaimPolicy: balanced
 - commit_granule_bytes: 65536.
 - commit_granule_words: 8192.
 - virtual_space_node_default_size: 8388608.
 - enlarge_chunks_in_place: 1.
 - new_chunks_are_fully_committed: 0.
 - uncommit_free_chunks: 1.
 - use_allocation_guard: 0.
 - handle_deallocations: 1.


Internal statistics:

num_allocs_failed_limit: 6.
num_arena_births: 370.
num_arena_deaths: 14.
num_vsnodes_births: 2.
num_vsnodes_deaths: 0.
num_space_committed: 604.
num_space_uncommitted: 0.
num_chunks_returned_to_freelist: 20.
num_chunks_taken_from_freelist: 1540.
num_chunk_merges: 9.
num_chunk_splits: 1002.
num_chunks_enlarged: 697.
num_inconsistent_stats: 0.

CodeHeap 'non-profiled nmethods': size=120000Kb used=1738Kb max_used=1738Kb free=118261Kb
 bounds [0x000002560ca20000, 0x000002560cc90000, 0x0000025613f50000]
CodeHeap 'profiled nmethods': size=120000Kb used=9016Kb max_used=9016Kb free=110984Kb
 bounds [0x0000025604f50000, 0x0000025605820000, 0x000002560c480000]
CodeHeap 'non-nmethods': size=5760Kb used=1278Kb max_used=1296Kb free=4481Kb
 bounds [0x000002560c480000, 0x000002560c6f0000, 0x000002560ca20000]
 total_blobs=4846 nmethods=4258 adapters=502
 compilation: enabled
              stopped_count=0, restarted_count=0
 full_count=0

Compilation events (20 events):
Event: 5.028 Thread 0x000002561b49a1b0 4229   !   3       org.eclipse.osgi.internal.container.AtomicLazyInitializer::getInitialized (70 bytes)
Event: 5.029 Thread 0x000002561b49a1b0 nmethod 4229 0x000002560580b110 code [0x000002560580b300, 0x000002560580b868]
Event: 5.030 Thread 0x000002561b49a1b0 4231       3       java.util.EnumSet::getUniverse (10 bytes)
Event: 5.031 Thread 0x000002561b49a1b0 nmethod 4231 0x000002560580bb10 code [0x000002560580bce0, 0x000002560580c008]
Event: 5.031 Thread 0x000002561b49a1b0 4232       3       java.util.RegularEnumSet::<init> (12 bytes)
Event: 5.031 Thread 0x000002561b49a1b0 nmethod 4232 0x000002560580c190 code [0x000002560580c340, 0x000002560580c5f8]
Event: 5.031 Thread 0x000002561b49a1b0 4233       3       java.util.EnumSet::<init> (15 bytes)
Event: 5.031 Thread 0x000002561b49a1b0 nmethod 4233 0x000002560580c710 code [0x000002560580c8c0, 0x000002560580cb18]
Event: 5.032 Thread 0x000002561b49a1b0 4234       3       java.util.regex.Pattern$Node::<init> (12 bytes)
Event: 5.033 Thread 0x000002561b49a1b0 nmethod 4234 0x000002560580cc10 code [0x000002560580cda0, 0x000002560580cf38]
Event: 5.042 Thread 0x000002561b49a1b0 4235   !   3       org.eclipse.osgi.storage.bundlefile.CloseableBundleFile::getInputStream (58 bytes)
Event: 5.043 Thread 0x000002561b49a1b0 nmethod 4235 0x000002560580d010 code [0x000002560580d2c0, 0x000002560580e3d8]
Event: 5.045 Thread 0x000002561b49a1b0 4236       1       java.util.logging.LogManager$LoggerContext::getOwner (5 bytes)
Event: 5.045 Thread 0x000002561b49a1b0 nmethod 4236 0x000002560cbcc310 code [0x000002560cbcc4a0, 0x000002560cbcc578]
Event: 5.071 Thread 0x000002561b498550 nmethod 4223 0x000002560cbccc10 code [0x000002560cbccf40, 0x000002560cbce738]
Event: 5.071 Thread 0x000002561b498550 4237   !   4       org.eclipse.osgi.storage.bundlefile.CloseableBundleFile::getEntry (28 bytes)
Event: 5.094 Thread 0x000002561b498550 nmethod 4237 0x000002560cbcfd90 code [0x000002560cbd0040, 0x000002560cbd0eb8]
Event: 5.095 Thread 0x000002561b498550 4222   !   4       org.eclipse.osgi.internal.loader.classpath.ClasspathManager::findClassImpl (308 bytes)
Event: 5.148 Thread 0x000002561b49a1b0 4240       3       java.lang.invoke.MemberName::changeReferenceKind (60 bytes)
Event: 5.148 Thread 0x000002561b49a1b0 nmethod 4240 0x000002560580ea90 code [0x000002560580ec20, 0x000002560580ed58]

GC Heap History (20 events):
Event: 2.724 GC heap before
{Heap before GC invocations=4 (full 0):
 PSYoungGen      total 29696K, used 29689K [0x00000000eab00000, 0x00000000ecc00000, 0x0000000100000000)
  eden space 25600K, 100% used [0x00000000eab00000,0x00000000ec400000,0x00000000ec400000)
  from space 4096K, 99% used [0x00000000ec400000,0x00000000ec7fe418,0x00000000ec800000)
  to   space 4096K, 0% used [0x00000000ec800000,0x00000000ec800000,0x00000000ecc00000)
 ParOldGen       total 68608K, used 7423K [0x00000000c0000000, 0x00000000c4300000, 0x00000000eab00000)
  object space 68608K, 10% used [0x00000000c0000000,0x00000000c073fe58,0x00000000c4300000)
 Metaspace       used 16770K, committed 17088K, reserved 1114112K
  class space    used 1681K, committed 1856K, reserved 1048576K
}
Event: 2.731 GC heap after
{Heap after GC invocations=4 (full 0):
 PSYoungGen      total 29696K, used 4082K [0x00000000eab00000, 0x00000000ecc00000, 0x0000000100000000)
  eden space 25600K, 0% used [0x00000000eab00000,0x00000000eab00000,0x00000000ec400000)
  from space 4096K, 99% used [0x00000000ec800000,0x00000000ecbfcbe8,0x00000000ecc00000)
  to   space 4096K, 0% used [0x00000000ec400000,0x00000000ec400000,0x00000000ec800000)
 ParOldGen       total 68608K, used 9675K [0x00000000c0000000, 0x00000000c4300000, 0x00000000eab00000)
  object space 68608K, 14% used [0x00000000c0000000,0x00000000c0972dc8,0x00000000c4300000)
 Metaspace       used 16770K, committed 17088K, reserved 1114112K
  class space    used 1681K, committed 1856K, reserved 1048576K
}
Event: 3.168 GC heap before
{Heap before GC invocations=5 (full 0):
 PSYoungGen      total 29696K, used 29682K [0x00000000eab00000, 0x00000000ecc00000, 0x0000000100000000)
  eden space 25600K, 100% used [0x00000000eab00000,0x00000000ec400000,0x00000000ec400000)
  from space 4096K, 99% used [0x00000000ec800000,0x00000000ecbfcbe8,0x00000000ecc00000)
  to   space 4096K, 0% used [0x00000000ec400000,0x00000000ec400000,0x00000000ec800000)
 ParOldGen       total 68608K, used 9675K [0x00000000c0000000, 0x00000000c4300000, 0x00000000eab00000)
  object space 68608K, 14% used [0x00000000c0000000,0x00000000c0972dc8,0x00000000c4300000)
 Metaspace       used 20563K, committed 21056K, reserved 1114112K
  class space    used 2072K, committed 2304K, reserved 1048576K
}
Event: 3.174 GC heap after
{Heap after GC invocations=5 (full 0):
 PSYoungGen      total 29696K, used 4095K [0x00000000eab00000, 0x00000000ecc00000, 0x0000000100000000)
  eden space 25600K, 0% used [0x00000000eab00000,0x00000000eab00000,0x00000000ec400000)
  from space 4096K, 99% used [0x00000000ec400000,0x00000000ec7fff70,0x00000000ec800000)
  to   space 4096K, 0% used [0x00000000ec800000,0x00000000ec800000,0x00000000ecc00000)
 ParOldGen       total 68608K, used 10948K [0x00000000c0000000, 0x00000000c4300000, 0x00000000eab00000)
  object space 68608K, 15% used [0x00000000c0000000,0x00000000c0ab1128,0x00000000c4300000)
 Metaspace       used 20563K, committed 21056K, reserved 1114112K
  class space    used 2072K, committed 2304K, reserved 1048576K
}
Event: 3.195 GC heap before
{Heap before GC invocations=6 (full 0):
 PSYoungGen      total 29696K, used 6067K [0x00000000eab00000, 0x00000000ecc00000, 0x0000000100000000)
  eden space 25600K, 7% used [0x00000000eab00000,0x00000000eaceccb0,0x00000000ec400000)
  from space 4096K, 99% used [0x00000000ec400000,0x00000000ec7fff70,0x00000000ec800000)
  to   space 4096K, 0% used [0x00000000ec800000,0x00000000ec800000,0x00000000ecc00000)
 ParOldGen       total 68608K, used 10948K [0x00000000c0000000, 0x00000000c4300000, 0x00000000eab00000)
  object space 68608K, 15% used [0x00000000c0000000,0x00000000c0ab1128,0x00000000c4300000)
 Metaspace       used 21099K, committed 21504K, reserved 1114112K
  class space    used 2118K, committed 2304K, reserved 1048576K
}
Event: 3.200 GC heap after
{Heap after GC invocations=6 (full 0):
 PSYoungGen      total 29696K, used 4091K [0x00000000eab00000, 0x00000000ecc00000, 0x0000000100000000)
  eden space 25600K, 0% used [0x00000000eab00000,0x00000000eab00000,0x00000000ec400000)
  from space 4096K, 99% used [0x00000000ec800000,0x00000000ecbfef18,0x00000000ecc00000)
  to   space 4096K, 0% used [0x00000000ec400000,0x00000000ec400000,0x00000000ec800000)
 ParOldGen       total 68608K, used 11020K [0x00000000c0000000, 0x00000000c4300000, 0x00000000eab00000)
  object space 68608K, 16% used [0x00000000c0000000,0x00000000c0ac3128,0x00000000c4300000)
 Metaspace       used 21099K, committed 21504K, reserved 1114112K
  class space    used 2118K, committed 2304K, reserved 1048576K
}
Event: 3.200 GC heap before
{Heap before GC invocations=7 (full 1):
 PSYoungGen      total 29696K, used 4091K [0x00000000eab00000, 0x00000000ecc00000, 0x0000000100000000)
  eden space 25600K, 0% used [0x00000000eab00000,0x00000000eab00000,0x00000000ec400000)
  from space 4096K, 99% used [0x00000000ec800000,0x00000000ecbfef18,0x00000000ecc00000)
  to   space 4096K, 0% used [0x00000000ec400000,0x00000000ec400000,0x00000000ec800000)
 ParOldGen       total 68608K, used 11020K [0x00000000c0000000, 0x00000000c4300000, 0x00000000eab00000)
  object space 68608K, 16% used [0x00000000c0000000,0x00000000c0ac3128,0x00000000c4300000)
 Metaspace       used 21099K, committed 21504K, reserved 1114112K
  class space    used 2118K, committed 2304K, reserved 1048576K
}
Event: 3.225 GC heap after
{Heap after GC invocations=7 (full 1):
 PSYoungGen      total 29696K, used 0K [0x00000000eab00000, 0x00000000ecc00000, 0x0000000100000000)
  eden space 25600K, 0% used [0x00000000eab00000,0x00000000eab00000,0x00000000ec400000)
  from space 4096K, 0% used [0x00000000ec800000,0x00000000ec800000,0x00000000ecc00000)
  to   space 4096K, 0% used [0x00000000ec400000,0x00000000ec400000,0x00000000ec800000)
 ParOldGen       total 68608K, used 10693K [0x00000000c0000000, 0x00000000c4300000, 0x00000000eab00000)
  object space 68608K, 15% used [0x00000000c0000000,0x00000000c0a71590,0x00000000c4300000)
 Metaspace       used 21099K, committed 21504K, reserved 1114112K
  class space    used 2118K, committed 2304K, reserved 1048576K
}
Event: 3.683 GC heap before
{Heap before GC invocations=8 (full 1):
 PSYoungGen      total 29696K, used 25600K [0x00000000eab00000, 0x00000000ecc00000, 0x0000000100000000)
  eden space 25600K, 100% used [0x00000000eab00000,0x00000000ec400000,0x00000000ec400000)
  from space 4096K, 0% used [0x00000000ec800000,0x00000000ec800000,0x00000000ecc00000)
  to   space 4096K, 0% used [0x00000000ec400000,0x00000000ec400000,0x00000000ec800000)
 ParOldGen       total 68608K, used 10693K [0x00000000c0000000, 0x00000000c4300000, 0x00000000eab00000)
  object space 68608K, 15% used [0x00000000c0000000,0x00000000c0a71590,0x00000000c4300000)
 Metaspace       used 24553K, committed 25024K, reserved 1114112K
  class space    used 2492K, committed 2688K, reserved 1048576K
}
Event: 3.686 GC heap after
{Heap after GC invocations=8 (full 1):
 PSYoungGen      total 26624K, used 1461K [0x00000000eab00000, 0x00000000ec880000, 0x0000000100000000)
  eden space 25088K, 0% used [0x00000000eab00000,0x00000000eab00000,0x00000000ec380000)
  from space 1536K, 95% used [0x00000000ec400000,0x00000000ec56d620,0x00000000ec580000)
  to   space 2560K, 0% used [0x00000000ec600000,0x00000000ec600000,0x00000000ec880000)
 ParOldGen       total 68608K, used 10701K [0x00000000c0000000, 0x00000000c4300000, 0x00000000eab00000)
  object space 68608K, 15% used [0x00000000c0000000,0x00000000c0a73590,0x00000000c4300000)
 Metaspace       used 24553K, committed 25024K, reserved 1114112K
  class space    used 2492K, committed 2688K, reserved 1048576K
}
Event: 3.974 GC heap before
{Heap before GC invocations=9 (full 1):
 PSYoungGen      total 26624K, used 26549K [0x00000000eab00000, 0x00000000ec880000, 0x0000000100000000)
  eden space 25088K, 100% used [0x00000000eab00000,0x00000000ec380000,0x00000000ec380000)
  from space 1536K, 95% used [0x00000000ec400000,0x00000000ec56d620,0x00000000ec580000)
  to   space 2560K, 0% used [0x00000000ec600000,0x00000000ec600000,0x00000000ec880000)
 ParOldGen       total 68608K, used 10701K [0x00000000c0000000, 0x00000000c4300000, 0x00000000eab00000)
  object space 68608K, 15% used [0x00000000c0000000,0x00000000c0a73590,0x00000000c4300000)
 Metaspace       used 27496K, committed 28160K, reserved 1114112K
  class space    used 2790K, committed 3072K, reserved 1048576K
}
Event: 3.977 GC heap after
{Heap after GC invocations=9 (full 1):
 PSYoungGen      total 25600K, used 2556K [0x00000000eab00000, 0x00000000ecc00000, 0x0000000100000000)
  eden space 23040K, 0% used [0x00000000eab00000,0x00000000eab00000,0x00000000ec180000)
  from space 2560K, 99% used [0x00000000ec600000,0x00000000ec87f188,0x00000000ec880000)
  to   space 4608K, 0% used [0x00000000ec180000,0x00000000ec180000,0x00000000ec600000)
 ParOldGen       total 68608K, used 12196K [0x00000000c0000000, 0x00000000c4300000, 0x00000000eab00000)
  object space 68608K, 17% used [0x00000000c0000000,0x00000000c0be9248,0x00000000c4300000)
 Metaspace       used 27496K, committed 28160K, reserved 1114112K
  class space    used 2790K, committed 3072K, reserved 1048576K
}
Event: 4.136 GC heap before
{Heap before GC invocations=10 (full 1):
 PSYoungGen      total 25600K, used 25596K [0x00000000eab00000, 0x00000000ecc00000, 0x0000000100000000)
  eden space 23040K, 100% used [0x00000000eab00000,0x00000000ec180000,0x00000000ec180000)
  from space 2560K, 99% used [0x00000000ec600000,0x00000000ec87f188,0x00000000ec880000)
  to   space 4608K, 0% used [0x00000000ec180000,0x00000000ec180000,0x00000000ec600000)
 ParOldGen       total 68608K, used 12196K [0x00000000c0000000, 0x00000000c4300000, 0x00000000eab00000)
  object space 68608K, 17% used [0x00000000c0000000,0x00000000c0be9248,0x00000000c4300000)
 Metaspace       used 30503K, committed 31104K, reserved 1114112K
  class space    used 2998K, committed 3264K, reserved 1048576K
}
Event: 4.138 GC heap after
{Heap after GC invocations=10 (full 1):
 PSYoungGen      total 25088K, used 2051K [0x00000000eab00000, 0x00000000ec700000, 0x0000000100000000)
  eden space 22528K, 0% used [0x00000000eab00000,0x00000000eab00000,0x00000000ec100000)
  from space 2560K, 80% used [0x00000000ec180000,0x00000000ec380e38,0x00000000ec400000)
  to   space 3072K, 0% used [0x00000000ec400000,0x00000000ec400000,0x00000000ec700000)
 ParOldGen       total 68608K, used 12204K [0x00000000c0000000, 0x00000000c4300000, 0x00000000eab00000)
  object space 68608K, 17% used [0x00000000c0000000,0x00000000c0beb248,0x00000000c4300000)
 Metaspace       used 30503K, committed 31104K, reserved 1114112K
  class space    used 2998K, committed 3264K, reserved 1048576K
}
Event: 4.464 GC heap before
{Heap before GC invocations=11 (full 1):
 PSYoungGen      total 25088K, used 24579K [0x00000000eab00000, 0x00000000ec700000, 0x0000000100000000)
  eden space 22528K, 100% used [0x00000000eab00000,0x00000000ec100000,0x00000000ec100000)
  from space 2560K, 80% used [0x00000000ec180000,0x00000000ec380e38,0x00000000ec400000)
  to   space 3072K, 0% used [0x00000000ec400000,0x00000000ec400000,0x00000000ec700000)
 ParOldGen       total 68608K, used 12204K [0x00000000c0000000, 0x00000000c4300000, 0x00000000eab00000)
  object space 68608K, 17% used [0x00000000c0000000,0x00000000c0beb248,0x00000000c4300000)
 Metaspace       used 32441K, committed 33088K, reserved 1114112K
  class space    used 3160K, committed 3456K, reserved 1048576K
}
Event: 4.467 GC heap after
{Heap after GC invocations=11 (full 1):
 PSYoungGen      total 23040K, used 731K [0x00000000eab00000, 0x00000000ec500000, 0x0000000100000000)
  eden space 22016K, 0% used [0x00000000eab00000,0x00000000eab00000,0x00000000ec080000)
  from space 1024K, 71% used [0x00000000ec400000,0x00000000ec4b6f38,0x00000000ec500000)
  to   space 1536K, 0% used [0x00000000ec200000,0x00000000ec200000,0x00000000ec380000)
 ParOldGen       total 68608K, used 13933K [0x00000000c0000000, 0x00000000c4300000, 0x00000000eab00000)
  object space 68608K, 20% used [0x00000000c0000000,0x00000000c0d9b648,0x00000000c4300000)
 Metaspace       used 32441K, committed 33088K, reserved 1114112K
  class space    used 3160K, committed 3456K, reserved 1048576K
}
Event: 4.926 GC heap before
{Heap before GC invocations=12 (full 1):
 PSYoungGen      total 23040K, used 14747K [0x00000000eab00000, 0x00000000ec500000, 0x0000000100000000)
  eden space 22016K, 63% used [0x00000000eab00000,0x00000000eb8afda8,0x00000000ec080000)
  from space 1024K, 71% used [0x00000000ec400000,0x00000000ec4b6f38,0x00000000ec500000)
  to   space 1536K, 0% used [0x00000000ec200000,0x00000000ec200000,0x00000000ec380000)
 ParOldGen       total 68608K, used 13933K [0x00000000c0000000, 0x00000000c4300000, 0x00000000eab00000)
  object space 68608K, 20% used [0x00000000c0000000,0x00000000c0d9b648,0x00000000c4300000)
 Metaspace       used 35198K, committed 35840K, reserved 1114112K
  class space    used 3457K, committed 3712K, reserved 1048576K
}
Event: 4.928 GC heap after
{Heap after GC invocations=12 (full 1):
 PSYoungGen      total 23552K, used 1219K [0x00000000eab00000, 0x00000000ec480000, 0x0000000100000000)
  eden space 22016K, 0% used [0x00000000eab00000,0x00000000eab00000,0x00000000ec080000)
  from space 1536K, 79% used [0x00000000ec200000,0x00000000ec330df8,0x00000000ec380000)
  to   space 1024K, 0% used [0x00000000ec380000,0x00000000ec380000,0x00000000ec480000)
 ParOldGen       total 68608K, used 14558K [0x00000000c0000000, 0x00000000c4300000, 0x00000000eab00000)
  object space 68608K, 21% used [0x00000000c0000000,0x00000000c0e379a8,0x00000000c4300000)
 Metaspace       used 35198K, committed 35840K, reserved 1114112K
  class space    used 3457K, committed 3712K, reserved 1048576K
}
Event: 4.928 GC heap before
{Heap before GC invocations=13 (full 2):
 PSYoungGen      total 23552K, used 1219K [0x00000000eab00000, 0x00000000ec480000, 0x0000000100000000)
  eden space 22016K, 0% used [0x00000000eab00000,0x00000000eab00000,0x00000000ec080000)
  from space 1536K, 79% used [0x00000000ec200000,0x00000000ec330df8,0x00000000ec380000)
  to   space 1024K, 0% used [0x00000000ec380000,0x00000000ec380000,0x00000000ec480000)
 ParOldGen       total 68608K, used 14558K [0x00000000c0000000, 0x00000000c4300000, 0x00000000eab00000)
  object space 68608K, 21% used [0x00000000c0000000,0x00000000c0e379a8,0x00000000c4300000)
 Metaspace       used 35198K, committed 35840K, reserved 1114112K
  class space    used 3457K, committed 3712K, reserved 1048576K
}
Event: 4.961 GC heap after
{Heap after GC invocations=13 (full 2):
 PSYoungGen      total 23552K, used 0K [0x00000000eab00000, 0x00000000ec480000, 0x0000000100000000)
  eden space 22016K, 0% used [0x00000000eab00000,0x00000000eab00000,0x00000000ec080000)
  from space 1536K, 0% used [0x00000000ec200000,0x00000000ec200000,0x00000000ec380000)
  to   space 1024K, 0% used [0x00000000ec380000,0x00000000ec380000,0x00000000ec480000)
 ParOldGen       total 68608K, used 13671K [0x00000000c0000000, 0x00000000c4300000, 0x00000000eab00000)
  object space 68608K, 19% used [0x00000000c0000000,0x00000000c0d59ff0,0x00000000c4300000)
 Metaspace       used 35185K, committed 35840K, reserved 1114112K
  class space    used 3454K, committed 3712K, reserved 1048576K
}

Dll operation events (12 events):
Event: 0.014 Loaded shared library c:\Users\Tnluser\.vscode\extensions\redhat.java-1.25.1-win32-x64\jre\17.0.9-win32-x86_64\bin\java.dll
Event: 0.165 Loaded shared library c:\Users\Tnluser\.vscode\extensions\redhat.java-1.25.1-win32-x64\jre\17.0.9-win32-x86_64\bin\zip.dll
Event: 0.172 Loaded shared library C:\Users\Tnluser\.vscode\extensions\redhat.java-1.25.1-win32-x64\jre\17.0.9-win32-x86_64\bin\instrument.dll
Event: 0.199 Loaded shared library C:\Users\Tnluser\.vscode\extensions\redhat.java-1.25.1-win32-x64\jre\17.0.9-win32-x86_64\bin\net.dll
Event: 0.212 Loaded shared library C:\Users\Tnluser\.vscode\extensions\redhat.java-1.25.1-win32-x64\jre\17.0.9-win32-x86_64\bin\nio.dll
Event: 0.222 Loaded shared library C:\Users\Tnluser\.vscode\extensions\redhat.java-1.25.1-win32-x64\jre\17.0.9-win32-x86_64\bin\zip.dll
Event: 0.243 Loaded shared library C:\Users\Tnluser\.vscode\extensions\redhat.java-1.25.1-win32-x64\jre\17.0.9-win32-x86_64\bin\jimage.dll
Event: 0.336 Loaded shared library c:\Users\Tnluser\.vscode\extensions\redhat.java-1.25.1-win32-x64\jre\17.0.9-win32-x86_64\bin\verify.dll
Event: 1.709 Loaded shared library C:\Users\Tnluser\AppData\Roaming\Code\User\globalStorage\redhat.java\1.25.1\config_win\org.eclipse.equinox.launcher\org.eclipse.equinox.launcher.win32.win32.x86_64_1.2.800.v20231003-1442\eclipse_11802.dll
Event: 3.362 Loaded shared library C:\Users\Tnluser\.vscode\extensions\redhat.java-1.25.1-win32-x64\jre\17.0.9-win32-x86_64\bin\management.dll
Event: 3.365 Loaded shared library C:\Users\Tnluser\.vscode\extensions\redhat.java-1.25.1-win32-x64\jre\17.0.9-win32-x86_64\bin\management_ext.dll
Event: 4.847 Loaded shared library C:\Users\Tnluser\AppData\Local\Temp\jna-493444061\jna14776328444167920518.dll

Deoptimization events (20 events):
Event: 4.982 Thread 0x000002561d599000 Uncommon trap: trap_request=0xffffffde fr.pc=0x000002560cb96c30 relative=0x0000000000000090
Event: 4.982 Thread 0x000002561d599000 Uncommon trap: reason=class_check action=maybe_recompile pc=0x000002560cb96c30 method=java.lang.Character.codePointAt(Ljava/lang/CharSequence;I)I @ 2 c2
Event: 4.982 Thread 0x000002561d599000 DEOPT PACKING pc=0x000002560cb96c30 sp=0x000000ba8f5fe530
Event: 4.982 Thread 0x000002561d599000 DEOPT UNPACKING pc=0x000002560c4d9ea3 sp=0x000000ba8f5fe4b8 mode 2
Event: 4.982 Thread 0x000002561d599000 Uncommon trap: trap_request=0xffffffde fr.pc=0x000002560cb96c30 relative=0x0000000000000090
Event: 4.982 Thread 0x000002561d599000 Uncommon trap: reason=class_check action=maybe_recompile pc=0x000002560cb96c30 method=java.lang.Character.codePointAt(Ljava/lang/CharSequence;I)I @ 2 c2
Event: 4.982 Thread 0x000002561d599000 DEOPT PACKING pc=0x000002560cb96c30 sp=0x000000ba8f5fe530
Event: 4.982 Thread 0x000002561d599000 DEOPT UNPACKING pc=0x000002560c4d9ea3 sp=0x000000ba8f5fe4b8 mode 2
Event: 4.982 Thread 0x000002561d599000 Uncommon trap: trap_request=0xffffffde fr.pc=0x000002560cb96c30 relative=0x0000000000000090
Event: 4.982 Thread 0x000002561d599000 Uncommon trap: reason=class_check action=maybe_recompile pc=0x000002560cb96c30 method=java.lang.Character.codePointAt(Ljava/lang/CharSequence;I)I @ 2 c2
Event: 4.982 Thread 0x000002561d599000 DEOPT PACKING pc=0x000002560cb96c30 sp=0x000000ba8f5fe530
Event: 4.982 Thread 0x000002561d599000 DEOPT UNPACKING pc=0x000002560c4d9ea3 sp=0x000000ba8f5fe4b8 mode 2
Event: 4.982 Thread 0x000002561d599000 Uncommon trap: trap_request=0xffffffde fr.pc=0x000002560cb96c30 relative=0x0000000000000090
Event: 4.982 Thread 0x000002561d599000 Uncommon trap: reason=class_check action=maybe_recompile pc=0x000002560cb96c30 method=java.lang.Character.codePointAt(Ljava/lang/CharSequence;I)I @ 2 c2
Event: 4.983 Thread 0x000002561d599000 DEOPT PACKING pc=0x000002560cb96c30 sp=0x000000ba8f5fe530
Event: 4.983 Thread 0x000002561d599000 DEOPT UNPACKING pc=0x000002560c4d9ea3 sp=0x000000ba8f5fe4b8 mode 2
Event: 5.005 Thread 0x00000256022a9b70 DEOPT PACKING pc=0x0000025605425b94 sp=0x000000ba8cef9ce0
Event: 5.005 Thread 0x00000256022a9b70 DEOPT UNPACKING pc=0x000002560c4da9e3 sp=0x000000ba8cef9238 mode 0
Event: 5.031 Thread 0x00000256022a9b70 DEOPT PACKING pc=0x0000025605425a9c sp=0x000000ba8cefa690
Event: 5.031 Thread 0x00000256022a9b70 DEOPT UNPACKING pc=0x000002560c4da9e3 sp=0x000000ba8cef9be8 mode 0

Classes unloaded (7 events):
Event: 4.933 Thread 0x000002561613fc90 Unloading class 0x000000010025fc00 'java/lang/invoke/LambdaForm$MH+0x000000010025fc00'
Event: 4.933 Thread 0x000002561613fc90 Unloading class 0x000000010025f800 'java/lang/invoke/LambdaForm$MH+0x000000010025f800'
Event: 4.933 Thread 0x000002561613fc90 Unloading class 0x000000010025f400 'java/lang/invoke/LambdaForm$MH+0x000000010025f400'
Event: 4.933 Thread 0x000002561613fc90 Unloading class 0x000000010025f000 'java/lang/invoke/LambdaForm$MH+0x000000010025f000'
Event: 4.933 Thread 0x000002561613fc90 Unloading class 0x000000010025ec00 'java/lang/invoke/LambdaForm$BMH+0x000000010025ec00'
Event: 4.933 Thread 0x000002561613fc90 Unloading class 0x000000010025e800 'java/lang/invoke/LambdaForm$DMH+0x000000010025e800'
Event: 4.933 Thread 0x000002561613fc90 Unloading class 0x000000010025c000 'java/lang/invoke/LambdaForm$DMH+0x000000010025c000'

Classes redefined (0 events):
No events

Internal exceptions (20 events):
Event: 4.502 Thread 0x000002561cbcc520 Exception <a 'sun/nio/fs/WindowsException'{0x00000000eac50908}> (0x00000000eac50908) 
thrown [s\src\hotspot\share\prims\jni.cpp, line 516]
Event: 4.502 Thread 0x000002561cbcc520 Exception <a 'sun/nio/fs/WindowsException'{0x00000000eac50de0}> (0x00000000eac50de0) 
thrown [s\src\hotspot\share\prims\jni.cpp, line 516]
Event: 4.502 Thread 0x000002561cbcc520 Exception <a 'sun/nio/fs/WindowsException'{0x00000000eac51b30}> (0x00000000eac51b30) 
thrown [s\src\hotspot\share\prims\jni.cpp, line 516]
Event: 4.532 Thread 0x000002561cbcc520 Exception <a 'sun/nio/fs/WindowsException'{0x00000000ead2a030}> (0x00000000ead2a030) 
thrown [s\src\hotspot\share\prims\jni.cpp, line 516]
Event: 4.532 Thread 0x000002561cbcc520 Exception <a 'sun/nio/fs/WindowsException'{0x00000000ead2a5e8}> (0x00000000ead2a5e8) 
thrown [s\src\hotspot\share\prims\jni.cpp, line 516]
Event: 4.624 Thread 0x000002561cbcc520 Exception <a 'java/lang/ClassNotFoundException'{0x00000000eafe8c80}: com/sun/org/apache/xml/internal/serializer/spi/XMLEntitiesProvider> (0x00000000eafe8c80) 
thrown [s\src\hotspot\share\classfile\systemDictionary.cpp, line 256]
Event: 4.759 Thread 0x000002561cbcc520 Exception <a 'java/io/FileNotFoundException'{0x00000000eb3f6990}> (0x00000000eb3f6990) 
thrown [s\src\hotspot\share\prims\jni.cpp, line 516]
Event: 4.877 Thread 0x000002561cbcc520 Exception <a 'java/lang/UnsatisfiedLinkError'{0x00000000eb6f2f08}: The specified procedure could not be found.
> (0x00000000eb6f2f08) 
thrown [s\src\hotspot\share\prims\jni.cpp, line 535]
Event: 4.881 Thread 0x000002561cbcc520 Exception <a 'java/io/FileNotFoundException'{0x00000000eb7189a0}> (0x00000000eb7189a0) 
thrown [s\src\hotspot\share\prims\jni.cpp, line 516]
Event: 4.894 Thread 0x000002561cbcc520 Exception <a 'java/io/FileNotFoundException'{0x00000000eb79b048}> (0x00000000eb79b048) 
thrown [s\src\hotspot\share\prims\jni.cpp, line 516]
Event: 4.905 Thread 0x000002561cbcc520 Exception <a 'java/lang/UnsatisfiedLinkError'{0x00000000eb829120}: The specified procedure could not be found.
> (0x00000000eb829120) 
thrown [s\src\hotspot\share\prims\jni.cpp, line 535]
Event: 4.920 Thread 0x00000256022a9b70 Exception <a 'sun/nio/fs/WindowsException'{0x00000000eb885a30}> (0x00000000eb885a30) 
thrown [s\src\hotspot\share\prims\jni.cpp, line 516]
Event: 4.923 Thread 0x00000256022a9b70 Exception <a 'sun/nio/fs/WindowsException'{0x00000000eb88d218}> (0x00000000eb88d218) 
thrown [s\src\hotspot\share\prims\jni.cpp, line 516]
Event: 4.923 Thread 0x00000256022a9b70 Exception <a 'sun/nio/fs/WindowsException'{0x00000000eb88d7e8}> (0x00000000eb88d7e8) 
thrown [s\src\hotspot\share\prims\jni.cpp, line 516]
Event: 4.962 Thread 0x000002561d59bd90 Exception <a 'java/lang/NoSuchMethodError'{0x00000000eab067d8}: 'void java.lang.invoke.DirectMethodHandle$Holder.invokeStatic(java.lang.Object, java.lang.Object, java.lang.Object, java.lang.Object)'> (0x00000000eab067d8) 
thrown [s\src\hotspot\share\interpreter\linkResolver.cpp, line 759]
Event: 5.000 Thread 0x000002561d599000 Exception <a 'java/lang/NoSuchMethodError'{0x00000000eaf28688}: 'java.lang.Object java.lang.invoke.DirectMethodHandle$Holder.invokeSpecialIFC(java.lang.Object, java.lang.Object, java.lang.Object, java.lang.Object)'> (0x00000000eaf28688) 
thrown [s\src\hotspot\share\interpreter\linkResolver.cpp, line 759]
Event: 5.008 Thread 0x00000256022a9b70 Exception <a 'java/io/FileNotFoundException'{0x00000000eafaf768}> (0x00000000eafaf768) 
thrown [s\src\hotspot\share\prims\jni.cpp, line 516]
Event: 5.049 Thread 0x00000256022a9b70 Exception <a 'java/lang/NoSuchMethodError'{0x00000000eb586ac8}: 'java.lang.Object java.lang.invoke.DirectMethodHandle$Holder.invokeStatic(java.lang.Object, java.lang.Object, long, java.lang.Object)'> (0x00000000eb586ac8) 
thrown [s\src\hotspot\share\interpreter\linkResolver.cpp, line 759]
Event: 5.049 Thread 0x00000256022a9b70 Exception <a 'java/lang/NoSuchMethodError'{0x00000000eb5ae500}: 'java.lang.Object java.lang.invoke.DirectMethodHandle$Holder.invokeStaticInit(java.lang.Object, java.lang.Object, long, java.lang.Object)'> (0x00000000eb5ae500) 
thrown [s\src\hotspot\share\interpreter\linkResolver.cpp, line 759]
Event: 5.050 Thread 0x00000256022a9b70 Exception <a 'java/lang/NoSuchMethodError'{0x00000000eb5b9f48}: 'java.lang.Object java.lang.invoke.DirectMethodHandle$Holder.newInvokeSpecial(java.lang.Object, java.lang.Object, long)'> (0x00000000eb5b9f48) 
thrown [s\src\hotspot\share\interpreter\linkResolver.cpp, line 759]

VM Operations (20 events):
Event: 4.464 Executing VM operation: ParallelGCFailedAllocation
Event: 4.467 Executing VM operation: ParallelGCFailedAllocation done
Event: 4.576 Executing VM operation: HandshakeAllThreads
Event: 4.576 Executing VM operation: HandshakeAllThreads done
Event: 4.623 Executing VM operation: HandshakeAllThreads
Event: 4.623 Executing VM operation: HandshakeAllThreads done
Event: 4.626 Executing VM operation: HandshakeAllThreads
Event: 4.626 Executing VM operation: HandshakeAllThreads done
Event: 4.661 Executing VM operation: HandshakeAllThreads
Event: 4.661 Executing VM operation: HandshakeAllThreads done
Event: 4.711 Executing VM operation: HandshakeAllThreads
Event: 4.711 Executing VM operation: HandshakeAllThreads done
Event: 4.863 Executing VM operation: HandshakeAllThreads
Event: 4.863 Executing VM operation: HandshakeAllThreads done
Event: 4.926 Executing VM operation: CollectForMetadataAllocation
Event: 4.961 Executing VM operation: CollectForMetadataAllocation done
Event: 4.976 Executing VM operation: HandshakeAllThreads
Event: 4.976 Executing VM operation: HandshakeAllThreads done
Event: 5.011 Executing VM operation: HandshakeAllThreads
Event: 5.011 Executing VM operation: HandshakeAllThreads done

Events (20 events):
Event: 5.146 loading class sun/reflect/generics/tree/Signature done
Event: 5.146 loading class sun/reflect/generics/tree/ClassSignature done
Event: 5.146 loading class sun/reflect/annotation/TypeAnnotation$TypeAnnotationTarget
Event: 5.146 loading class sun/reflect/annotation/TypeAnnotation$TypeAnnotationTarget done
Event: 5.146 loading class sun/reflect/annotation/TypeAnnotation$LocationInfo
Event: 5.147 loading class sun/reflect/annotation/TypeAnnotation$LocationInfo done
Event: 5.147 loading class sun/reflect/annotation/TypeAnnotation$LocationInfo$Location
Event: 5.147 loading class sun/reflect/annotation/TypeAnnotation$LocationInfo$Location done
Event: 5.147 loading class sun/reflect/annotation/AnnotatedTypeFactory
Event: 5.147 loading class sun/reflect/annotation/AnnotatedTypeFactory done
Event: 5.147 loading class sun/reflect/annotation/AnnotatedTypeFactory$AnnotatedTypeBaseImpl
Event: 5.147 loading class sun/reflect/annotation/AnnotatedTypeFactory$AnnotatedTypeBaseImpl done
Event: 5.147 loading class java/util/stream/Streams$ConcatSpliterator$OfRef
Event: 5.147 loading class java/util/stream/Streams$ConcatSpliterator
Event: 5.147 loading class java/util/stream/Streams$ConcatSpliterator done
Event: 5.147 loading class java/util/stream/Streams$ConcatSpliterator$OfRef done
Event: 5.147 loading class java/util/stream/Streams$2
Event: 5.147 loading class java/util/stream/Streams$2 done
Event: 5.155 Thread 0x000002561d5980d0 Thread added: 0x000002561d5980d0
Event: 5.161 loading class java/util/concurrent/CompletableFuture


Dynamic libraries:
0x00007ff63cb40000 - 0x00007ff63cb4e000 	c:\Users\Tnluser\.vscode\extensions\redhat.java-1.25.1-win32-x64\jre\17.0.9-win32-x86_64\bin\java.exe
0x00007ff8ae850000 - 0x00007ff8aea48000 	C:\Windows\SYSTEM32\ntdll.dll
0x00007ff8acc00000 - 0x00007ff8accbd000 	C:\Windows\System32\KERNEL32.DLL
0x00007ff8ac090000 - 0x00007ff8ac386000 	C:\Windows\System32\KERNELBASE.dll
0x00007ff8ac700000 - 0x00007ff8ac800000 	C:\Windows\System32\ucrtbase.dll
0x00007ff897270000 - 0x00007ff89728b000 	c:\Users\Tnluser\.vscode\extensions\redhat.java-1.25.1-win32-x64\jre\17.0.9-win32-x86_64\bin\VCRUNTIME140.dll
0x00007ff897230000 - 0x00007ff897247000 	c:\Users\Tnluser\.vscode\extensions\redhat.java-1.25.1-win32-x64\jre\17.0.9-win32-x86_64\bin\jli.dll
0x00007ff8accc0000 - 0x00007ff8ace5e000 	C:\Windows\System32\USER32.dll
0x00007ff8ac880000 - 0x00007ff8ac8a2000 	C:\Windows\System32\win32u.dll
0x00007ff8ad010000 - 0x00007ff8ad03c000 	C:\Windows\System32\GDI32.dll
0x00007ff89d080000 - 0x00007ff89d31a000 	C:\Windows\WinSxS\amd64_microsoft.windows.common-controls_6595b64144ccf1df_6.0.19041.3636_none_60b6a03d71f818d5\COMCTL32.dll
0x00007ff8ac5e0000 - 0x00007ff8ac6fa000 	C:\Windows\System32\gdi32full.dll
0x00007ff8ac540000 - 0x00007ff8ac5dd000 	C:\Windows\System32\msvcp_win.dll
0x00007ff8addf0000 - 0x00007ff8ade8e000 	C:\Windows\System32\msvcrt.dll
0x00007ff8acad0000 - 0x00007ff8acb00000 	C:\Windows\System32\IMM32.DLL
0x00007ff8a76a0000 - 0x00007ff8a76ac000 	c:\Users\Tnluser\.vscode\extensions\redhat.java-1.25.1-win32-x64\jre\17.0.9-win32-x86_64\bin\vcruntime140_1.dll
0x00007ff87a4d0000 - 0x00007ff87a55d000 	c:\Users\Tnluser\.vscode\extensions\redhat.java-1.25.1-win32-x64\jre\17.0.9-win32-x86_64\bin\msvcp140.dll
0x00007ff853f00000 - 0x00007ff854b61000 	c:\Users\Tnluser\.vscode\extensions\redhat.java-1.25.1-win32-x64\jre\17.0.9-win32-x86_64\bin\server\jvm.dll
0x00007ff8ad790000 - 0x00007ff8ad83f000 	C:\Windows\System32\ADVAPI32.dll
0x00007ff8acb60000 - 0x00007ff8acbfc000 	C:\Windows\System32\sechost.dll
0x00007ff8adcc0000 - 0x00007ff8adde6000 	C:\Windows\System32\RPCRT4.dll
0x00007ff897420000 - 0x00007ff897429000 	C:\Windows\SYSTEM32\WSOCK32.dll
0x00007ff8adea0000 - 0x00007ff8adf0b000 	C:\Windows\System32\WS2_32.dll
0x00007ff894e10000 - 0x00007ff894e37000 	C:\Windows\SYSTEM32\WINMM.dll
0x00007ff8abc70000 - 0x00007ff8abcbb000 	C:\Windows\SYSTEM32\POWRPROF.dll
0x00007ff8a5650000 - 0x00007ff8a565a000 	C:\Windows\SYSTEM32\VERSION.dll
0x00007ff8abc50000 - 0x00007ff8abc62000 	C:\Windows\SYSTEM32\UMPDC.dll
0x00007ff8aa770000 - 0x00007ff8aa782000 	C:\Windows\SYSTEM32\kernel.appcore.dll
0x00007ff8a64d0000 - 0x00007ff8a64da000 	c:\Users\Tnluser\.vscode\extensions\redhat.java-1.25.1-win32-x64\jre\17.0.9-win32-x86_64\bin\jimage.dll
0x00007ff8a9700000 - 0x00007ff8a98e4000 	C:\Windows\SYSTEM32\DBGHELP.DLL
0x00007ff895b40000 - 0x00007ff895b74000 	C:\Windows\SYSTEM32\dbgcore.DLL
0x00007ff8ac4b0000 - 0x00007ff8ac532000 	C:\Windows\System32\bcryptPrimitives.dll
0x00007ff8a5e80000 - 0x00007ff8a5e8e000 	c:\Users\Tnluser\.vscode\extensions\redhat.java-1.25.1-win32-x64\jre\17.0.9-win32-x86_64\bin\instrument.dll
0x00007ff88a860000 - 0x00007ff88a885000 	c:\Users\Tnluser\.vscode\extensions\redhat.java-1.25.1-win32-x64\jre\17.0.9-win32-x86_64\bin\java.dll
0x00007ff896990000 - 0x00007ff8969a8000 	c:\Users\Tnluser\.vscode\extensions\redhat.java-1.25.1-win32-x64\jre\17.0.9-win32-x86_64\bin\zip.dll
0x00007ff8ad040000 - 0x00007ff8ad785000 	C:\Windows\System32\SHELL32.dll
0x00007ff8a9fd0000 - 0x00007ff8aa76b000 	C:\Windows\SYSTEM32\windows.storage.dll
0x00007ff8ad960000 - 0x00007ff8adcb4000 	C:\Windows\System32\combase.dll
0x00007ff8ab900000 - 0x00007ff8ab92d000 	C:\Windows\SYSTEM32\Wldp.dll
0x00007ff8ac990000 - 0x00007ff8aca3d000 	C:\Windows\System32\SHCORE.dll
0x00007ff8acb00000 - 0x00007ff8acb55000 	C:\Windows\System32\shlwapi.dll
0x00007ff8abe60000 - 0x00007ff8abe85000 	C:\Windows\SYSTEM32\profapi.dll
0x00007ff896830000 - 0x00007ff896849000 	C:\Users\Tnluser\.vscode\extensions\redhat.java-1.25.1-win32-x64\jre\17.0.9-win32-x86_64\bin\net.dll
0x00007ff8a7140000 - 0x00007ff8a724a000 	C:\Windows\SYSTEM32\WINHTTP.dll
0x00007ff8ab600000 - 0x00007ff8ab66a000 	C:\Windows\system32\mswsock.dll
0x00007ff896470000 - 0x00007ff896486000 	C:\Users\Tnluser\.vscode\extensions\redhat.java-1.25.1-win32-x64\jre\17.0.9-win32-x86_64\bin\nio.dll
0x00007ff8a5c50000 - 0x00007ff8a5c60000 	c:\Users\Tnluser\.vscode\extensions\redhat.java-1.25.1-win32-x64\jre\17.0.9-win32-x86_64\bin\verify.dll
0x00007ff87eb70000 - 0x00007ff87ebae000 	C:\Users\Tnluser\AppData\Roaming\Code\User\globalStorage\redhat.java\1.25.1\config_win\org.eclipse.equinox.launcher\org.eclipse.equinox.launcher.win32.win32.x86_64_1.2.800.v20231003-1442\eclipse_11802.dll
0x00007ff8adf10000 - 0x00007ff8ae03b000 	C:\Windows\System32\ole32.dll
0x00007ff8a4e50000 - 0x00007ff8a4e59000 	C:\Users\Tnluser\.vscode\extensions\redhat.java-1.25.1-win32-x64\jre\17.0.9-win32-x86_64\bin\management.dll
0x00007ff8a0790000 - 0x00007ff8a079b000 	C:\Users\Tnluser\.vscode\extensions\redhat.java-1.25.1-win32-x64\jre\17.0.9-win32-x86_64\bin\management_ext.dll
0x00007ff8ae040000 - 0x00007ff8ae048000 	C:\Windows\System32\PSAPI.DLL
0x00007ff8ab850000 - 0x00007ff8ab868000 	C:\Windows\SYSTEM32\CRYPTSP.dll
0x00007ff8aaf30000 - 0x00007ff8aaf64000 	C:\Windows\system32\rsaenh.dll
0x00007ff8ac800000 - 0x00007ff8ac827000 	C:\Windows\System32\bcrypt.dll
0x00007ff8abde0000 - 0x00007ff8abe0e000 	C:\Windows\SYSTEM32\USERENV.dll
0x00007ff8ab870000 - 0x00007ff8ab87c000 	C:\Windows\SYSTEM32\CRYPTBASE.dll
0x00007ff8ab2f0000 - 0x00007ff8ab32b000 	C:\Windows\SYSTEM32\IPHLPAPI.DLL
0x00007ff8ade90000 - 0x00007ff8ade98000 	C:\Windows\System32\NSI.dll
0x00007ff8a4400000 - 0x00007ff8a4417000 	C:\Windows\SYSTEM32\dhcpcsvc6.DLL
0x00007ff8a5660000 - 0x00007ff8a567d000 	C:\Windows\SYSTEM32\dhcpcsvc.DLL
0x00007ff8ab330000 - 0x00007ff8ab3fa000 	C:\Windows\SYSTEM32\DNSAPI.dll
0x00007ff87dec0000 - 0x00007ff87df05000 	C:\Users\Tnluser\AppData\Local\Temp\jna-493444061\jna14776328444167920518.dll

dbghelp: loaded successfully - version: 4.0.5 - missing functions: none
symbol engine: initialized successfully - sym options: 0x614 - pdb path: .;c:\Users\Tnluser\.vscode\extensions\redhat.java-1.25.1-win32-x64\jre\17.0.9-win32-x86_64\bin;C:\Windows\SYSTEM32;C:\Windows\WinSxS\amd64_microsoft.windows.common-controls_6595b64144ccf1df_6.0.19041.3636_none_60b6a03d71f818d5;c:\Users\Tnluser\.vscode\extensions\redhat.java-1.25.1-win32-x64\jre\17.0.9-win32-x86_64\bin\server;C:\Users\Tnluser\AppData\Roaming\Code\User\globalStorage\redhat.java\1.25.1\config_win\org.eclipse.equinox.launcher\org.eclipse.equinox.launcher.win32.win32.x86_64_1.2.800.v20231003-1442;C:\Users\Tnluser\AppData\Local\Temp\jna-493444061

VM Arguments:
jvm_args: --add-modules=ALL-SYSTEM --add-opens=java.base/java.util=ALL-UNNAMED --add-opens=java.base/java.lang=ALL-UNNAMED --add-opens=java.base/sun.nio.fs=ALL-UNNAMED -Declipse.application=org.eclipse.jdt.ls.core.id1 -Dosgi.bundles.defaultStartLevel=4 -Declipse.product=org.eclipse.jdt.ls.core.product -Djava.import.generatesMetadataFilesAtProjectRoot=false -DDetectVMInstallationsJob.disabled=true -Dfile.encoding=utf8 -XX:+UseParallelGC -XX:GCTimeRatio=4 -XX:AdaptiveSizePolicyWeight=90 -Dsun.zip.disableMemoryMapping=true -Xmx1G -Xms100m -Xlog:disable -javaagent:c:\Users\Tnluser\.vscode\extensions\redhat.java-1.25.1-win32-x64\lombok\lombok-1.18.30.jar -XX:+HeapDumpOnOutOfMemoryError -XX:HeapDumpPath=c:\Users\Tnluser\AppData\Roaming\Code\User\workspaceStorage\303bb193fab74beac2c2dc2dfe4b6838\redhat.java -Daether.dependencyCollector.impl=bf 
java_command: c:\Users\Tnluser\.vscode\extensions\redhat.java-1.25.1-win32-x64\server\plugins\org.eclipse.equinox.launcher_1.6.600.v20231106-1826.jar -configuration c:\Users\Tnluser\AppData\Roaming\Code\User\globalStorage\redhat.java\1.25.1\config_win -data c:\Users\Tnluser\AppData\Roaming\Code\User\workspaceStorage\303bb193fab74beac2c2dc2dfe4b6838\redhat.java\jdt_ws --stdio
java_class_path (initial): c:\Users\Tnluser\.vscode\extensions\redhat.java-1.25.1-win32-x64\server\plugins\org.eclipse.equinox.launcher_1.6.600.v20231106-1826.jar
Launcher Type: SUN_STANDARD

[Global flags]
    uintx AdaptiveSizePolicyWeight                 = 90                                        {product} {command line}
     intx CICompilerCount                          = 4                                         {product} {ergonomic}
    uintx GCTimeRatio                              = 4                                         {product} {command line}
     bool HeapDumpOnOutOfMemoryError               = true                                   {manageable} {command line}
    ccstr HeapDumpPath                             = c:\Users\Tnluser\AppData\Roaming\Code\User\workspaceStorage\303bb193fab74beac2c2dc2dfe4b6838\redhat.java         {manageable} {command line}
   size_t InitialHeapSize                          = 104857600                                 {product} {command line}
   size_t MaxHeapSize                              = 1073741824                                {product} {command line}
   size_t MaxNewSize                               = 357564416                                 {product} {ergonomic}
   size_t MinHeapDeltaBytes                        = 524288                                    {product} {ergonomic}
   size_t MinHeapSize                              = 104857600                                 {product} {command line}
   size_t NewSize                                  = 34603008                                  {product} {ergonomic}
    uintx NonNMethodCodeHeapSize                   = 5839372                                {pd product} {ergonomic}
    uintx NonProfiledCodeHeapSize                  = 122909434                              {pd product} {ergonomic}
   size_t OldSize                                  = 70254592                                  {product} {ergonomic}
    uintx ProfiledCodeHeapSize                     = 122909434                              {pd product} {ergonomic}
    uintx ReservedCodeCacheSize                    = 251658240                              {pd product} {ergonomic}
     bool SegmentedCodeCache                       = true                                      {product} {ergonomic}
   size_t SoftMaxHeapSize                          = 1073741824                             {manageable} {ergonomic}
     bool UseCompressedClassPointers               = true                           {product lp64_product} {ergonomic}
     bool UseCompressedOops                        = true                           {product lp64_product} {ergonomic}
     bool UseLargePagesIndividualAllocation        = false                                  {pd product} {ergonomic}
     bool UseParallelGC                            = true                                      {product} {command line}

Logging:
Log output configuration:
 #0: stdout all=off uptime,level,tags
 #1: stderr all=off uptime,level,tags

Environment Variables:
JAVA_HOME=C:\Program Files\Amazon Corretto\jdk17.0.8_8
PATH=C:\Program Files\Common Files\Oracle\Java\javapath;C:\Program Files\Amazon Corretto\jdk17.0.8_8\bin;C:\Program Files (x86)\Common Files\Oracle\Java\javapath;C:\Windows\system32;C:\Windows;C:\Windows\System32\Wbem;C:\Windows\System32\WindowsPowerShell\v1.0\;C:\Windows\System32\OpenSSH\;C:\Program Files\MySQL\MySQL Server 8.0\bin;C:\Program Files\Java\jdk-17\bin;C:\Program Files\Java\jdk-17\bin;C:\Program Files\nodejs\;C:\Users\Tnluser\AppData\Local\Microsoft\WindowsApps;C:\Users\Tnluser\AppData\Local\Programs\Microsoft VS Code\bin;C:\Users\Tnluser\AppData\Local\Programs\Git\cmd;C:\Users\Tnluser\AppData\Roaming\npm
USERNAME=Tnluser
OS=Windows_NT
PROCESSOR_IDENTIFIER=Intel64 Family 6 Model 140 Stepping 1, GenuineIntel
TMP=C:\Users\Tnluser\AppData\Local\Temp
TEMP=C:\Users\Tnluser\AppData\Local\Temp



Periodic native trim disabled


---------------  S Y S T E M  ---------------

OS:
 Windows 10 , 64 bit Build 19041 (10.0.19041.3636)
OS uptime: 18 days 12:12 hours

CPU: total 8 (initial active 8) (4 cores per cpu, 2 threads per core) family 6 model 140 stepping 1 microcode 0x9a, cx8, cmov, fxsr, ht, mmx, 3dnowpref, sse, sse2, sse3, ssse3, sse4.1, sse4.2, popcnt, lzcnt, tsc, tscinvbit, avx, avx2, aes, erms, clmul, bmi1, bmi2, adx, avx512f, avx512dq, avx512cd, avx512bw, avx512vl, sha, fma, vzeroupper, avx512_vpopcntdq, avx512_vpclmulqdq, avx512_vaes, avx512_vnni, clflush, clflushopt, clwb, avx512_vbmi2, avx512_vbmi
Processor Information for all 8 processors :
  Max Mhz: 2419, Current Mhz: 2419, Mhz Limit: 2419

Memory: 4k page, system-wide physical 7991M (172M free)
TotalPageFile size 32567M (AvailPageFile size 4M)
current process WorkingSet (physical memory assigned to process): 200M, peak: 201M
current process commit charge ("private bytes"): 263M, peak: 263M

vm_info: OpenJDK 64-Bit Server VM (17.0.9+9) for windows-amd64 JRE (17.0.9+9), built on Oct 26 2023 14:01:42 by "admin" with MS VC++ 16.10 / 16.11 (VS2019)

END.
